--------------------------
Iteration 0. Team 1610612744 Game 21500504, Distance Threshold 1.5, Min Length 5, Downsampling 2...
Successfully completed data preprocessing
Running MA stat dsm...
Finished running MA stat dsm and the output delta was 0.03315976250575777
Checking significant subtrajectories...
Iteration 0 running time: 171 seconds
--------------------------
Iteration 1. Team 1610612744 Game 21500504, Distance Threshold 1.5, Min Length 8, Downsampling 2...
Successfully completed data preprocessing
Running MA stat dsm...
Finished running MA stat dsm and the output delta was FAIL
Since the output delta was FAIL significant_subtrajectories.py will not be run.
Iteration 1 running time: 194 seconds
--------------------------
Iteration 2. Team 1610612744 Game 21500504, Distance Threshold 1.5, Min Length 10, Downsampling 2...
Successfully completed data preprocessing
Running MA stat dsm...
Finished running MA stat dsm and the output delta was FAIL
Since the output delta was FAIL significant_subtrajectories.py will not be run.
Iteration 2 running time: 190 seconds
--------------------------
Iteration 3. Team 1610612744 Game 21500504, Distance Threshold 4, Min Length 5, Downsampling 2...
Successfully completed data preprocessing
Running MA stat dsm...
Finished running MA stat dsm and the output delta was 0.0013604152758619795
Checking significant subtrajectories...
Iteration 3 running time: 734 seconds
--------------------------
Iteration 4. Team 1610612744 Game 21500504, Distance Threshold 4, Min Length 8, Downsampling 2...
Successfully completed data preprocessing
Running MA stat dsm...
Finished running MA stat dsm and the output delta was 0.0019497688440687103
Checking significant subtrajectories...
Iteration 4 running time: 647 seconds
--------------------------
Iteration 5. Team 1610612744 Game 21500504, Distance Threshold 4, Min Length 10, Downsampling 2...
Successfully completed data preprocessing
Running MA stat dsm...
Finished running MA stat dsm and the output delta was 0.0018283428596597656
Checking significant subtrajectories...
Iteration 5 running time: 614 seconds
--------------------------
Iteration 6. Team 1610612744 Game 21500520, Distance Threshold 1.5, Min Length 5, Downsampling 2...
Successfully completed data preprocessing
Running MA stat dsm...
Finished running MA stat dsm and the output delta was 0.04060957106857891
Checking significant subtrajectories...
Iteration 6 running time: 282 seconds
--------------------------
Iteration 7. Team 1610612744 Game 21500520, Distance Threshold 1.5, Min Length 8, Downsampling 2...
Successfully completed data preprocessing
Running MA stat dsm...
Finished running MA stat dsm and the output delta was FAIL
Since the output delta was FAIL significant_subtrajectories.py will not be run.
Iteration 7 running time: 273 seconds
--------------------------
Iteration 8. Team 1610612744 Game 21500520, Distance Threshold 1.5, Min Length 10, Downsampling 2...
Successfully completed data preprocessing
Running MA stat dsm...
Finished running MA stat dsm and the output delta was FAIL
Since the output delta was FAIL significant_subtrajectories.py will not be run.
Iteration 8 running time: 268 seconds
--------------------------
Iteration 9. Team 1610612744 Game 21500520, Distance Threshold 4, Min Length 5, Downsampling 2...
Successfully completed data preprocessing
Running MA stat dsm...
Finished running MA stat dsm and the output delta was 0.0011548365213169323
Checking significant subtrajectories...
Iteration 9 running time: 1036 seconds
--------------------------
Iteration 10. Team 1610612744 Game 21500520, Distance Threshold 4, Min Length 8, Downsampling 2...
Successfully completed data preprocessing
Running MA stat dsm...
Finished running MA stat dsm and the output delta was 0.0013269878451595072
Checking significant subtrajectories...
Iteration 10 running time: 931 seconds
--------------------------
Iteration 11. Team 1610612744 Game 21500520, Distance Threshold 4, Min Length 10, Downsampling 2...
Successfully completed data preprocessing
Running MA stat dsm...
Finished running MA stat dsm and the output delta was 0.0011548365213169323
Checking significant subtrajectories...
Iteration 11 running time: 872 seconds
--------------------------
Iteration 12. Team 1610612744 Game 21500524, Distance Threshold 1.5, Min Length 5, Downsampling 2...
Successfully completed data preprocessing
Running MA stat dsm...
Finished running MA stat dsm and the output delta was 0.04207636747371504
Checking significant subtrajectories...
Iteration 12 running time: 262 seconds
--------------------------
Iteration 13. Team 1610612744 Game 21500524, Distance Threshold 1.5, Min Length 8, Downsampling 2...
Successfully completed data preprocessing
Running MA stat dsm...
Finished running MA stat dsm and the output delta was FAIL
Since the output delta was FAIL significant_subtrajectories.py will not be run.
Iteration 13 running time: 244 seconds
--------------------------
Iteration 14. Team 1610612744 Game 21500524, Distance Threshold 1.5, Min Length 10, Downsampling 2...
Successfully completed data preprocessing
Running MA stat dsm...
Finished running MA stat dsm and the output delta was FAIL
Since the output delta was FAIL significant_subtrajectories.py will not be run.
Iteration 14 running time: 236 seconds
--------------------------
Iteration 15. Team 1610612744 Game 21500524, Distance Threshold 4, Min Length 5, Downsampling 2...
Successfully completed data preprocessing
Running MA stat dsm...
Finished running MA stat dsm and the output delta was 0.0013524724451195534
Checking significant subtrajectories...
Iteration 15 running time: 870 seconds
--------------------------
Iteration 16. Team 1610612744 Game 21500524, Distance Threshold 4, Min Length 8, Downsampling 2...
Successfully completed data preprocessing
Running MA stat dsm...
Finished running MA stat dsm and the output delta was 0.001376031399361463
Checking significant subtrajectories...
Iteration 16 running time: 813 seconds
--------------------------
Iteration 17. Team 1610612744 Game 21500524, Distance Threshold 4, Min Length 10, Downsampling 2...
Successfully completed data preprocessing
Running MA stat dsm...
Finished running MA stat dsm and the output delta was 0.001376031399361463
Checking significant subtrajectories...
Iteration 17 running time: 750 seconds
--------------------------
Iteration 18. Team 1610612744 Game 21500548, Distance Threshold 1.5, Min Length 5, Downsampling 2...
Successfully completed data preprocessing
Running MA stat dsm...
Finished running MA stat dsm and the output delta was 0.0184635284754803
Checking significant subtrajectories...
Iteration 18 running time: 217 seconds
--------------------------
Iteration 19. Team 1610612744 Game 21500548, Distance Threshold 1.5, Min Length 8, Downsampling 2...
Successfully completed data preprocessing
Running MA stat dsm...
Finished running MA stat dsm and the output delta was FAIL
Since the output delta was FAIL significant_subtrajectories.py will not be run.
Iteration 19 running time: 209 seconds
--------------------------
Iteration 20. Team 1610612744 Game 21500548, Distance Threshold 1.5, Min Length 10, Downsampling 2...
Successfully completed data preprocessing
Running MA stat dsm...
Finished running MA stat dsm and the output delta was FAIL
Since the output delta was FAIL significant_subtrajectories.py will not be run.
Iteration 20 running time: 204 seconds
--------------------------
Iteration 21. Team 1610612744 Game 21500548, Distance Threshold 4, Min Length 5, Downsampling 2...
Successfully completed data preprocessing
Running MA stat dsm...
Finished running MA stat dsm and the output delta was 0.0015253031901154251
Checking significant subtrajectories...
Iteration 21 running time: 771 seconds
--------------------------
Iteration 22. Team 1610612744 Game 21500548, Distance Threshold 4, Min Length 8, Downsampling 2...
Successfully completed data preprocessing
Running MA stat dsm...
Finished running MA stat dsm and the output delta was 0.0010092867169172685
Checking significant subtrajectories...
Iteration 22 running time: 690 seconds
--------------------------
Iteration 23. Team 1610612744 Game 21500548, Distance Threshold 4, Min Length 10, Downsampling 2...
Successfully completed data preprocessing
Running MA stat dsm...
Finished running MA stat dsm and the output delta was 0.0012833321860737756
Checking significant subtrajectories...
Iteration 23 running time: 631 seconds
--------------------------
Iteration 24. Team 1610612744 Game 21500556, Distance Threshold 1.5, Min Length 5, Downsampling 2...
Successfully completed data preprocessing
Running MA stat dsm...
Finished running MA stat dsm and the output delta was 0.02950572787355276
Checking significant subtrajectories...
Iteration 24 running time: 260 seconds
--------------------------
Iteration 25. Team 1610612744 Game 21500556, Distance Threshold 1.5, Min Length 8, Downsampling 2...
Successfully completed data preprocessing
Running MA stat dsm...
Finished running MA stat dsm and the output delta was FAIL
Since the output delta was FAIL significant_subtrajectories.py will not be run.
Iteration 25 running time: 246 seconds
--------------------------
Iteration 26. Team 1610612744 Game 21500556, Distance Threshold 1.5, Min Length 10, Downsampling 2...
Successfully completed data preprocessing
Running MA stat dsm...
Finished running MA stat dsm and the output delta was FAIL
Since the output delta was FAIL significant_subtrajectories.py will not be run.
Iteration 26 running time: 230 seconds
--------------------------
Iteration 27. Team 1610612744 Game 21500556, Distance Threshold 4, Min Length 5, Downsampling 2...
Successfully completed data preprocessing
Running MA stat dsm...
Finished running MA stat dsm and the output delta was 0.0015018287105813752
Checking significant subtrajectories...
Iteration 27 running time: 926 seconds
--------------------------
Iteration 28. Team 1610612744 Game 21500556, Distance Threshold 4, Min Length 8, Downsampling 2...
Successfully completed data preprocessing
Running MA stat dsm...
Finished running MA stat dsm and the output delta was 0.0015018287105813752
Checking significant subtrajectories...
Iteration 28 running time: 841 seconds
--------------------------
Iteration 29. Team 1610612744 Game 21500556, Distance Threshold 4, Min Length 10, Downsampling 2...
Successfully completed data preprocessing
Running MA stat dsm...
Finished running MA stat dsm and the output delta was 0.0015018287105813752
Checking significant subtrajectories...
Iteration 29 running time: 777 seconds
--------------------------
Iteration 30. Team 1610612744 Game 21500568, Distance Threshold 1.5, Min Length 5, Downsampling 2...
Successfully completed data preprocessing
Running MA stat dsm...
Finished running MA stat dsm and the output delta was 0.038236653884854914
Checking significant subtrajectories...
Iteration 30 running time: 89 seconds
--------------------------
Iteration 31. Team 1610612744 Game 21500568, Distance Threshold 1.5, Min Length 8, Downsampling 2...
Successfully completed data preprocessing
Running MA stat dsm...
Finished running MA stat dsm and the output delta was FAIL
Since the output delta was FAIL significant_subtrajectories.py will not be run.
Iteration 31 running time: 105 seconds
--------------------------
Iteration 32. Team 1610612744 Game 21500568, Distance Threshold 1.5, Min Length 10, Downsampling 2...
Successfully completed data preprocessing
Running MA stat dsm...
Finished running MA stat dsm and the output delta was FAIL
Since the output delta was FAIL significant_subtrajectories.py will not be run.
Iteration 32 running time: 97 seconds
--------------------------
Iteration 33. Team 1610612744 Game 21500568, Distance Threshold 4, Min Length 5, Downsampling 2...
Successfully completed data preprocessing
Running MA stat dsm...
Finished running MA stat dsm and the output delta was 0.0033907917702669407
Checking significant subtrajectories...
Iteration 33 running time: 371 seconds
--------------------------
Iteration 34. Team 1610612744 Game 21500568, Distance Threshold 4, Min Length 8, Downsampling 2...
Successfully completed data preprocessing
Running MA stat dsm...
Finished running MA stat dsm and the output delta was 0.0023522950993054947
Checking significant subtrajectories...
Iteration 34 running time: 339 seconds
--------------------------
Iteration 35. Team 1610612744 Game 21500568, Distance Threshold 4, Min Length 10, Downsampling 2...
Successfully completed data preprocessing
Running MA stat dsm...
Finished running MA stat dsm and the output delta was 0.0023522950993054947
Checking significant subtrajectories...
Iteration 35 running time: 314 seconds
--------------------------
Iteration 36. Team 1610612744 Game 21500583, Distance Threshold 1.5, Min Length 5, Downsampling 2...
Successfully completed data preprocessing
Running MA stat dsm...
Finished running MA stat dsm and the output delta was 0.021148664556465326
Checking significant subtrajectories...
Some significant subtrajectories were found.
Iteration 36 running time: 171 seconds
--------------------------
Iteration 37. Team 1610612744 Game 21500583, Distance Threshold 1.5, Min Length 8, Downsampling 2...
Successfully completed data preprocessing
Running MA stat dsm...
Finished running MA stat dsm and the output delta was 0.016091375206006227
Checking significant subtrajectories...
Iteration 37 running time: 167 seconds
--------------------------
Iteration 38. Team 1610612744 Game 21500583, Distance Threshold 1.5, Min Length 10, Downsampling 2...
Successfully completed data preprocessing
Running MA stat dsm...
Finished running MA stat dsm and the output delta was FAIL
Since the output delta was FAIL significant_subtrajectories.py will not be run.
Iteration 38 running time: 159 seconds
--------------------------
Iteration 39. Team 1610612744 Game 21500583, Distance Threshold 4, Min Length 5, Downsampling 2...
Successfully completed data preprocessing
Running MA stat dsm...
Finished running MA stat dsm and the output delta was 0.002251415122533057
Checking significant subtrajectories...
Iteration 39 running time: 543 seconds
--------------------------
Iteration 40. Team 1610612744 Game 21500583, Distance Threshold 4, Min Length 8, Downsampling 2...
Successfully completed data preprocessing
Running MA stat dsm...
Finished running MA stat dsm and the output delta was 0.0019320623049937237
Checking significant subtrajectories...
Iteration 40 running time: 514 seconds
--------------------------
Iteration 41. Team 1610612744 Game 21500583, Distance Threshold 4, Min Length 10, Downsampling 2...
Successfully completed data preprocessing
Running MA stat dsm...
Finished running MA stat dsm and the output delta was 0.0014816150983471648
Checking significant subtrajectories...
Iteration 41 running time: 493 seconds
--------------------------
Iteration 42. Team 1610612744 Game 21500592, Distance Threshold 1.5, Min Length 5, Downsampling 2...
Successfully completed data preprocessing
Running MA stat dsm...
Finished running MA stat dsm and the output delta was 0.04659420772625084
Checking significant subtrajectories...
Iteration 42 running time: 104 seconds
--------------------------
Iteration 43. Team 1610612744 Game 21500592, Distance Threshold 1.5, Min Length 8, Downsampling 2...
Successfully completed data preprocessing
Running MA stat dsm...
Finished running MA stat dsm and the output delta was 0.03166016678834993
Checking significant subtrajectories...
Iteration 43 running time: 108 seconds
--------------------------
Iteration 44. Team 1610612744 Game 21500592, Distance Threshold 1.5, Min Length 10, Downsampling 2...
Successfully completed data preprocessing
Running MA stat dsm...
Finished running MA stat dsm and the output delta was FAIL
Since the output delta was FAIL significant_subtrajectories.py will not be run.
Iteration 44 running time: 100 seconds
--------------------------
Iteration 45. Team 1610612744 Game 21500592, Distance Threshold 4, Min Length 5, Downsampling 2...
Successfully completed data preprocessing
Running MA stat dsm...
Finished running MA stat dsm and the output delta was 0.003392638828644464
Checking significant subtrajectories...
Iteration 45 running time: 415 seconds
--------------------------
Iteration 46. Team 1610612744 Game 21500592, Distance Threshold 4, Min Length 8, Downsampling 2...
Successfully completed data preprocessing
Running MA stat dsm...
Finished running MA stat dsm and the output delta was 0.003392638828644464
Checking significant subtrajectories...
Iteration 46 running time: 373 seconds
--------------------------
Iteration 47. Team 1610612744 Game 21500592, Distance Threshold 4, Min Length 10, Downsampling 2...
Successfully completed data preprocessing
Running MA stat dsm...
Finished running MA stat dsm and the output delta was 0.0024365127582478214
Checking significant subtrajectories...
Iteration 47 running time: 355 seconds
--------------------------
Iteration 48. Team 1610612744 Game 21500622, Distance Threshold 1.5, Min Length 5, Downsampling 2...
Successfully completed data preprocessing
Running MA stat dsm...
Finished running MA stat dsm and the output delta was FAIL
Since the output delta was FAIL significant_subtrajectories.py will not be run.
Iteration 48 running time: 12 seconds
--------------------------
Iteration 49. Team 1610612744 Game 21500622, Distance Threshold 1.5, Min Length 8, Downsampling 2...
Successfully completed data preprocessing
Running MA stat dsm...
Finished running MA stat dsm and the output delta was FAIL
Since the output delta was FAIL significant_subtrajectories.py will not be run.
Iteration 49 running time: 12 seconds
--------------------------
Iteration 50. Team 1610612744 Game 21500622, Distance Threshold 1.5, Min Length 10, Downsampling 2...
Successfully completed data preprocessing
Running MA stat dsm...
Finished running MA stat dsm and the output delta was FAIL
Since the output delta was FAIL significant_subtrajectories.py will not be run.
Iteration 50 running time: 10 seconds
--------------------------
Iteration 51. Team 1610612744 Game 21500622, Distance Threshold 4, Min Length 5, Downsampling 2...
Successfully completed data preprocessing
Running MA stat dsm...
Finished running MA stat dsm and the output delta was 0.01532567049808429
Checking significant subtrajectories...
Iteration 51 running time: 26 seconds
--------------------------
Iteration 52. Team 1610612744 Game 21500622, Distance Threshold 4, Min Length 8, Downsampling 2...
Successfully completed data preprocessing
Running MA stat dsm...
Finished running MA stat dsm and the output delta was 0.01532567049808429
Checking significant subtrajectories...
Iteration 52 running time: 24 seconds
--------------------------
Iteration 53. Team 1610612744 Game 21500622, Distance Threshold 4, Min Length 10, Downsampling 2...
Successfully completed data preprocessing
Running MA stat dsm...
Finished running MA stat dsm and the output delta was 0.01532567049808429
Checking significant subtrajectories...
Iteration 53 running time: 23 seconds
--------------------------
Iteration 54. Team 1610612744 Game 21500003, Distance Threshold 1.5, Min Length 5, Downsampling 2...
Successfully completed data preprocessing
Running MA stat dsm...
Finished running MA stat dsm and the output delta was 0.02700763593501768
Checking significant subtrajectories...
Iteration 54 running time: 56 seconds
--------------------------
Iteration 55. Team 1610612744 Game 21500003, Distance Threshold 1.5, Min Length 8, Downsampling 2...
Successfully completed data preprocessing
Running MA stat dsm...
Finished running MA stat dsm and the output delta was FAIL
Since the output delta was FAIL significant_subtrajectories.py will not be run.
Iteration 55 running time: 55 seconds
--------------------------
Iteration 56. Team 1610612744 Game 21500003, Distance Threshold 1.5, Min Length 10, Downsampling 2...
Successfully completed data preprocessing
Running MA stat dsm...
Finished running MA stat dsm and the output delta was FAIL
Since the output delta was FAIL significant_subtrajectories.py will not be run.
Iteration 56 running time: 52 seconds
--------------------------
Iteration 57. Team 1610612744 Game 21500003, Distance Threshold 4, Min Length 5, Downsampling 2...
Successfully completed data preprocessing
Running MA stat dsm...
Finished running MA stat dsm and the output delta was 0.0038751321872626428
Checking significant subtrajectories...
Iteration 57 running time: 166 seconds
--------------------------
Iteration 58. Team 1610612744 Game 21500003, Distance Threshold 4, Min Length 8, Downsampling 2...
Successfully completed data preprocessing
Running MA stat dsm...
Finished running MA stat dsm and the output delta was 0.004082515883729378
Checking significant subtrajectories...
Iteration 58 running time: 157 seconds
--------------------------
Iteration 59. Team 1610612744 Game 21500003, Distance Threshold 4, Min Length 10, Downsampling 2...
Successfully completed data preprocessing
Running MA stat dsm...
Finished running MA stat dsm and the output delta was 0.00423362941684061
Checking significant subtrajectories...
Iteration 59 running time: 153 seconds
--------------------------
Iteration 60. Team 1610612744 Game 21500035, Distance Threshold 1.5, Min Length 5, Downsampling 2...
Successfully completed data preprocessing
Running MA stat dsm...
Finished running MA stat dsm and the output delta was 0.023083932368127974
Checking significant subtrajectories...
Iteration 60 running time: 71 seconds
--------------------------
Iteration 61. Team 1610612744 Game 21500035, Distance Threshold 1.5, Min Length 8, Downsampling 2...
Successfully completed data preprocessing
Running MA stat dsm...
Finished running MA stat dsm and the output delta was FAIL
Since the output delta was FAIL significant_subtrajectories.py will not be run.
Iteration 61 running time: 60 seconds
--------------------------
Iteration 62. Team 1610612744 Game 21500035, Distance Threshold 1.5, Min Length 10, Downsampling 2...
Successfully completed data preprocessing
Running MA stat dsm...
Finished running MA stat dsm and the output delta was FAIL
Since the output delta was FAIL significant_subtrajectories.py will not be run.
Iteration 62 running time: 57 seconds
--------------------------
Iteration 63. Team 1610612744 Game 21500035, Distance Threshold 4, Min Length 5, Downsampling 2...
Successfully completed data preprocessing
Running MA stat dsm...
Finished running MA stat dsm and the output delta was 0.0035651507956287434
Checking significant subtrajectories...
Iteration 63 running time: 211 seconds
--------------------------
Iteration 64. Team 1610612744 Game 21500035, Distance Threshold 4, Min Length 8, Downsampling 2...
Successfully completed data preprocessing
Running MA stat dsm...
Finished running MA stat dsm and the output delta was 0.0035651507956287434
Checking significant subtrajectories...
Iteration 64 running time: 204 seconds
--------------------------
Iteration 65. Team 1610612744 Game 21500035, Distance Threshold 4, Min Length 10, Downsampling 2...
Successfully completed data preprocessing
Running MA stat dsm...
Finished running MA stat dsm and the output delta was 0.0035651507956287434
Checking significant subtrajectories...
Iteration 65 running time: 195 seconds
--------------------------
Iteration 66. Team 1610612744 Game 21500051, Distance Threshold 1.5, Min Length 5, Downsampling 2...
Successfully completed data preprocessing
Running MA stat dsm...
Finished running MA stat dsm and the output delta was 0.04310362285089407
Checking significant subtrajectories...
Iteration 66 running time: 108 seconds
--------------------------
Iteration 67. Team 1610612744 Game 21500051, Distance Threshold 1.5, Min Length 8, Downsampling 2...
Successfully completed data preprocessing
Running MA stat dsm...
Finished running MA stat dsm and the output delta was 0.04310362285089407
Checking significant subtrajectories...
Iteration 67 running time: 127 seconds
--------------------------
Iteration 68. Team 1610612744 Game 21500051, Distance Threshold 1.5, Min Length 10, Downsampling 2...
Successfully completed data preprocessing
Running MA stat dsm...
Finished running MA stat dsm and the output delta was FAIL
Since the output delta was FAIL significant_subtrajectories.py will not be run.
Iteration 68 running time: 121 seconds
--------------------------
Iteration 69. Team 1610612744 Game 21500051, Distance Threshold 4, Min Length 5, Downsampling 2...
Successfully completed data preprocessing
Running MA stat dsm...
Finished running MA stat dsm and the output delta was 0.001749966777479348
Checking significant subtrajectories...
Iteration 69 running time: 404 seconds
--------------------------
Iteration 70. Team 1610612744 Game 21500051, Distance Threshold 4, Min Length 8, Downsampling 2...
Successfully completed data preprocessing
Running MA stat dsm...
Finished running MA stat dsm and the output delta was 0.001749966777479348
Checking significant subtrajectories...
Iteration 70 running time: 379 seconds
--------------------------
Iteration 71. Team 1610612744 Game 21500051, Distance Threshold 4, Min Length 10, Downsampling 2...
Successfully completed data preprocessing
Running MA stat dsm...
Finished running MA stat dsm and the output delta was 0.001943018144985652
Checking significant subtrajectories...
Iteration 71 running time: 352 seconds
--------------------------
Iteration 72. Team 1610612744 Game 21500069, Distance Threshold 1.5, Min Length 5, Downsampling 2...
Successfully completed data preprocessing
Running MA stat dsm...
Finished running MA stat dsm and the output delta was 0.02759312680295999
Checking significant subtrajectories...
Iteration 72 running time: 52 seconds
--------------------------
Iteration 73. Team 1610612744 Game 21500069, Distance Threshold 1.5, Min Length 8, Downsampling 2...
Successfully completed data preprocessing
Running MA stat dsm...
Finished running MA stat dsm and the output delta was FAIL
Since the output delta was FAIL significant_subtrajectories.py will not be run.
Iteration 73 running time: 39 seconds
--------------------------
Iteration 74. Team 1610612744 Game 21500069, Distance Threshold 1.5, Min Length 10, Downsampling 2...
Successfully completed data preprocessing
Running MA stat dsm...
Finished running MA stat dsm and the output delta was FAIL
Since the output delta was FAIL significant_subtrajectories.py will not be run.
Iteration 74 running time: 45 seconds
--------------------------
Iteration 75. Team 1610612744 Game 21500069, Distance Threshold 4, Min Length 5, Downsampling 2...
Successfully completed data preprocessing
Running MA stat dsm...
Finished running MA stat dsm and the output delta was 0.005878238405797209
Checking significant subtrajectories...
Iteration 75 running time: 124 seconds
--------------------------
Iteration 76. Team 1610612744 Game 21500069, Distance Threshold 4, Min Length 8, Downsampling 2...
Successfully completed data preprocessing
Running MA stat dsm...
Finished running MA stat dsm and the output delta was 0.005878238405797209
Checking significant subtrajectories...
Iteration 76 running time: 120 seconds
--------------------------
Iteration 77. Team 1610612744 Game 21500069, Distance Threshold 4, Min Length 10, Downsampling 2...
Successfully completed data preprocessing
Running MA stat dsm...
Finished running MA stat dsm and the output delta was 0.005878238405797209
Checking significant subtrajectories...
Iteration 77 running time: 119 seconds
--------------------------
Iteration 78. Team 1610612744 Game 21500083, Distance Threshold 1.5, Min Length 5, Downsampling 2...
Successfully completed data preprocessing
Running MA stat dsm...
Finished running MA stat dsm and the output delta was 0.026734910013769236
Checking significant subtrajectories...
Iteration 78 running time: 297 seconds
--------------------------
Iteration 79. Team 1610612744 Game 21500083, Distance Threshold 1.5, Min Length 8, Downsampling 2...
Successfully completed data preprocessing
Running MA stat dsm...
Finished running MA stat dsm and the output delta was FAIL
Since the output delta was FAIL significant_subtrajectories.py will not be run.
Iteration 79 running time: 279 seconds
--------------------------
Iteration 80. Team 1610612744 Game 21500083, Distance Threshold 1.5, Min Length 10, Downsampling 2...
Successfully completed data preprocessing
Running MA stat dsm...
Finished running MA stat dsm and the output delta was FAIL
Since the output delta was FAIL significant_subtrajectories.py will not be run.
Iteration 80 running time: 272 seconds
--------------------------
Iteration 81. Team 1610612744 Game 21500083, Distance Threshold 4, Min Length 5, Downsampling 2...
Successfully completed data preprocessing
Running MA stat dsm...
Finished running MA stat dsm and the output delta was 0.0015654890745365622
Checking significant subtrajectories...
Iteration 81 running time: 1054 seconds
--------------------------
Iteration 82. Team 1610612744 Game 21500083, Distance Threshold 4, Min Length 8, Downsampling 2...
Successfully completed data preprocessing
Running MA stat dsm...
Finished running MA stat dsm and the output delta was 0.0010667732393564637
Checking significant subtrajectories...
Iteration 82 running time: 949 seconds
--------------------------
Iteration 83. Team 1610612744 Game 21500083, Distance Threshold 4, Min Length 10, Downsampling 2...
Successfully completed data preprocessing
Running MA stat dsm...
Finished running MA stat dsm and the output delta was 0.0010667732393564637
Checking significant subtrajectories...
Iteration 83 running time: 894 seconds
--------------------------
Iteration 84. Team 1610612744 Game 21500092, Distance Threshold 1.5, Min Length 5, Downsampling 2...
Successfully completed data preprocessing
Running MA stat dsm...
Finished running MA stat dsm and the output delta was 0.036507472655923856
Checking significant subtrajectories...
Some significant subtrajectories were found.
Iteration 84 running time: 142 seconds
--------------------------
Iteration 85. Team 1610612744 Game 21500092, Distance Threshold 1.5, Min Length 8, Downsampling 2...
Successfully completed data preprocessing
Running MA stat dsm...
Finished running MA stat dsm and the output delta was FAIL
Since the output delta was FAIL significant_subtrajectories.py will not be run.
Iteration 85 running time: 119 seconds
--------------------------
Iteration 86. Team 1610612744 Game 21500092, Distance Threshold 1.5, Min Length 10, Downsampling 2...
Successfully completed data preprocessing
Running MA stat dsm...
Finished running MA stat dsm and the output delta was FAIL
Since the output delta was FAIL significant_subtrajectories.py will not be run.
Iteration 86 running time: 129 seconds
--------------------------
Iteration 87. Team 1610612744 Game 21500092, Distance Threshold 4, Min Length 5, Downsampling 2...
Successfully completed data preprocessing
Running MA stat dsm...
Finished running MA stat dsm and the output delta was 0.002880585407853378
Checking significant subtrajectories...
Iteration 87 running time: 453 seconds
--------------------------
Iteration 88. Team 1610612744 Game 21500092, Distance Threshold 4, Min Length 8, Downsampling 2...
Successfully completed data preprocessing
Running MA stat dsm...
Finished running MA stat dsm and the output delta was 0.002880585407853378
Checking significant subtrajectories...
Iteration 88 running time: 417 seconds
--------------------------
Iteration 89. Team 1610612744 Game 21500092, Distance Threshold 4, Min Length 10, Downsampling 2...
Successfully completed data preprocessing
Running MA stat dsm...
Finished running MA stat dsm and the output delta was 0.002880585407853378
Checking significant subtrajectories...
Iteration 89 running time: 396 seconds
--------------------------
Iteration 90. Team 1610612744 Game 21500104, Distance Threshold 1.5, Min Length 5, Downsampling 2...
Successfully completed data preprocessing
Running MA stat dsm...
Finished running MA stat dsm and the output delta was 0.027610283781685736
Checking significant subtrajectories...
Iteration 90 running time: 101 seconds
--------------------------
Iteration 91. Team 1610612744 Game 21500104, Distance Threshold 1.5, Min Length 8, Downsampling 2...
Successfully completed data preprocessing
Running MA stat dsm...
Finished running MA stat dsm and the output delta was FAIL
Since the output delta was FAIL significant_subtrajectories.py will not be run.
Iteration 91 running time: 125 seconds
--------------------------
Iteration 92. Team 1610612744 Game 21500104, Distance Threshold 1.5, Min Length 10, Downsampling 2...
Successfully completed data preprocessing
Running MA stat dsm...
Finished running MA stat dsm and the output delta was FAIL
Since the output delta was FAIL significant_subtrajectories.py will not be run.
Iteration 92 running time: 123 seconds
--------------------------
Iteration 93. Team 1610612744 Game 21500104, Distance Threshold 4, Min Length 5, Downsampling 2...
Successfully completed data preprocessing
Running MA stat dsm...
Finished running MA stat dsm and the output delta was 0.002350075132221867
Checking significant subtrajectories...
Iteration 93 running time: 423 seconds
--------------------------
Iteration 94. Team 1610612744 Game 21500104, Distance Threshold 4, Min Length 8, Downsampling 2...
Successfully completed data preprocessing
Running MA stat dsm...
Finished running MA stat dsm and the output delta was 0.002350075132221867
Checking significant subtrajectories...
Iteration 94 running time: 386 seconds
--------------------------
Iteration 95. Team 1610612744 Game 21500104, Distance Threshold 4, Min Length 10, Downsampling 2...
Successfully completed data preprocessing
Running MA stat dsm...
Finished running MA stat dsm and the output delta was 0.003133635658293579
Checking significant subtrajectories...
Iteration 95 running time: 364 seconds
--------------------------
Iteration 96. Team 1610612744 Game 21500120, Distance Threshold 1.5, Min Length 5, Downsampling 2...
Successfully completed data preprocessing
Running MA stat dsm...
Finished running MA stat dsm and the output delta was 0.04060957106857891
Checking significant subtrajectories...
Iteration 96 running time: 282 seconds
--------------------------
Iteration 97. Team 1610612744 Game 21500120, Distance Threshold 1.5, Min Length 8, Downsampling 2...
Successfully completed data preprocessing
Running MA stat dsm...
Finished running MA stat dsm and the output delta was FAIL
Since the output delta was FAIL significant_subtrajectories.py will not be run.
Iteration 97 running time: 227 seconds
--------------------------
Iteration 98. Team 1610612744 Game 21500120, Distance Threshold 1.5, Min Length 10, Downsampling 2...
Successfully completed data preprocessing
Running MA stat dsm...
Finished running MA stat dsm and the output delta was FAIL
Since the output delta was FAIL significant_subtrajectories.py will not be run.
Iteration 98 running time: 260 seconds
--------------------------
Iteration 99. Team 1610612744 Game 21500120, Distance Threshold 4, Min Length 5, Downsampling 2...
Successfully completed data preprocessing
Running MA stat dsm...
Finished running MA stat dsm and the output delta was 0.0016796910507146019
Checking significant subtrajectories...
Some significant subtrajectories were found.
Iteration 99 running time: 1099 seconds
--------------------------
Iteration 100. Team 1610612744 Game 21500120, Distance Threshold 4, Min Length 8, Downsampling 2...
Successfully completed data preprocessing
Running MA stat dsm...
Finished running MA stat dsm and the output delta was 0.0016796910507146019
Checking significant subtrajectories...
Some significant subtrajectories were found.
Iteration 100 running time: 938 seconds
--------------------------
Iteration 101. Team 1610612744 Game 21500120, Distance Threshold 4, Min Length 10, Downsampling 2...
Successfully completed data preprocessing
Running MA stat dsm...
Finished running MA stat dsm and the output delta was 0.0013269878451595072
Checking significant subtrajectories...
Iteration 101 running time: 855 seconds
--------------------------
Iteration 102. Team 1610612744 Game 21500125, Distance Threshold 1.5, Min Length 5, Downsampling 2...
Successfully completed data preprocessing
Running MA stat dsm...
Finished running MA stat dsm and the output delta was 0.03780674884945759
Checking significant subtrajectories...
Iteration 102 running time: 117 seconds
--------------------------
Iteration 103. Team 1610612744 Game 21500125, Distance Threshold 1.5, Min Length 8, Downsampling 2...
Successfully completed data preprocessing
Running MA stat dsm...
Finished running MA stat dsm and the output delta was 0.026438740174792502
Checking significant subtrajectories...
Iteration 103 running time: 126 seconds
--------------------------
Iteration 104. Team 1610612744 Game 21500125, Distance Threshold 1.5, Min Length 10, Downsampling 2...
Successfully completed data preprocessing
Running MA stat dsm...
Finished running MA stat dsm and the output delta was FAIL
Since the output delta was FAIL significant_subtrajectories.py will not be run.
Iteration 104 running time: 116 seconds
--------------------------
Iteration 105. Team 1610612744 Game 21500125, Distance Threshold 4, Min Length 5, Downsampling 2...
Successfully completed data preprocessing
Running MA stat dsm...
Finished running MA stat dsm and the output delta was 0.0026888094644988204
Checking significant subtrajectories...
Iteration 105 running time: 418 seconds
--------------------------
Iteration 106. Team 1610612744 Game 21500125, Distance Threshold 4, Min Length 8, Downsampling 2...
Successfully completed data preprocessing
Running MA stat dsm...
Finished running MA stat dsm and the output delta was 0.0026888094644988204
Checking significant subtrajectories...
Iteration 106 running time: 402 seconds
--------------------------
Iteration 107. Team 1610612744 Game 21500125, Distance Threshold 4, Min Length 10, Downsampling 2...
Successfully completed data preprocessing
Running MA stat dsm...
Finished running MA stat dsm and the output delta was 0.002623307665765288
Checking significant subtrajectories...
Iteration 107 running time: 380 seconds
--------------------------
Iteration 108. Team 1610612744 Game 21500144, Distance Threshold 1.5, Min Length 5, Downsampling 2...
Successfully completed data preprocessing
Running MA stat dsm...
Finished running MA stat dsm and the output delta was 0.03490915584125709
Checking significant subtrajectories...
Iteration 108 running time: 180 seconds
--------------------------
Iteration 109. Team 1610612744 Game 21500144, Distance Threshold 1.5, Min Length 8, Downsampling 2...
Successfully completed data preprocessing
Running MA stat dsm...
Finished running MA stat dsm and the output delta was FAIL
Since the output delta was FAIL significant_subtrajectories.py will not be run.
Iteration 109 running time: 176 seconds
--------------------------
Iteration 110. Team 1610612744 Game 21500144, Distance Threshold 1.5, Min Length 10, Downsampling 2...
Successfully completed data preprocessing
Running MA stat dsm...
Finished running MA stat dsm and the output delta was FAIL
Since the output delta was FAIL significant_subtrajectories.py will not be run.
Iteration 110 running time: 167 seconds
--------------------------
Iteration 111. Team 1610612744 Game 21500144, Distance Threshold 4, Min Length 5, Downsampling 2...
Successfully completed data preprocessing
Running MA stat dsm...
Finished running MA stat dsm and the output delta was 0.002014686372941987
Checking significant subtrajectories...
Iteration 111 running time: 595 seconds
--------------------------
Iteration 112. Team 1610612744 Game 21500144, Distance Threshold 4, Min Length 8, Downsampling 2...
Successfully completed data preprocessing
Running MA stat dsm...
Finished running MA stat dsm and the output delta was 0.001948592818426204
Checking significant subtrajectories...
Iteration 112 running time: 538 seconds
--------------------------
Iteration 113. Team 1610612744 Game 21500144, Distance Threshold 4, Min Length 10, Downsampling 2...
Successfully completed data preprocessing
Running MA stat dsm...
Finished running MA stat dsm and the output delta was 0.002014686372941987
Checking significant subtrajectories...
Iteration 113 running time: 4676 seconds
--------------------------
Iteration 114. Team 1610612744 Game 21500164, Distance Threshold 1.5, Min Length 5, Downsampling 2...
Successfully completed data preprocessing
Running MA stat dsm...
Finished running MA stat dsm and the output delta was 0.03464437250203942
Checking significant subtrajectories...
Iteration 114 running time: 205 seconds
--------------------------
Iteration 115. Team 1610612744 Game 21500164, Distance Threshold 1.5, Min Length 8, Downsampling 2...
Successfully completed data preprocessing
Running MA stat dsm...
Finished running MA stat dsm and the output delta was FAIL
Since the output delta was FAIL significant_subtrajectories.py will not be run.
Iteration 115 running time: 187 seconds
--------------------------
Iteration 116. Team 1610612744 Game 21500164, Distance Threshold 1.5, Min Length 10, Downsampling 2...
Successfully completed data preprocessing
Running MA stat dsm...
Finished running MA stat dsm and the output delta was FAIL
Since the output delta was FAIL significant_subtrajectories.py will not be run.
Iteration 116 running time: 185 seconds
--------------------------
Iteration 117. Team 1610612744 Game 21500164, Distance Threshold 4, Min Length 5, Downsampling 2...
Successfully completed data preprocessing
Running MA stat dsm...
Finished running MA stat dsm and the output delta was 0.0013706344471007162
Checking significant subtrajectories...
Iteration 117 running time: 657 seconds
--------------------------
Iteration 118. Team 1610612744 Game 21500164, Distance Threshold 4, Min Length 8, Downsampling 2...
Successfully completed data preprocessing
Running MA stat dsm...
Finished running MA stat dsm and the output delta was 0.0014629118942805872
Checking significant subtrajectories...
Iteration 118 running time: 625 seconds
--------------------------
Iteration 119. Team 1610612744 Game 21500164, Distance Threshold 4, Min Length 10, Downsampling 2...
Successfully completed data preprocessing
Running MA stat dsm...
Finished running MA stat dsm and the output delta was 0.0015334694317905267
Checking significant subtrajectories...
Iteration 119 running time: 589 seconds
--------------------------
Iteration 120. Team 1610612744 Game 21500177, Distance Threshold 1.5, Min Length 5, Downsampling 2...
Successfully completed data preprocessing
Running MA stat dsm...
Finished running MA stat dsm and the output delta was 0.027750730282375853
Checking significant subtrajectories...
Iteration 120 running time: 58 seconds
--------------------------
Iteration 121. Team 1610612744 Game 21500177, Distance Threshold 1.5, Min Length 8, Downsampling 2...
Successfully completed data preprocessing
Running MA stat dsm...
Finished running MA stat dsm and the output delta was FAIL
Since the output delta was FAIL significant_subtrajectories.py will not be run.
Iteration 121 running time: 49 seconds
--------------------------
Iteration 122. Team 1610612744 Game 21500177, Distance Threshold 1.5, Min Length 10, Downsampling 2...
Successfully completed data preprocessing
Running MA stat dsm...
Finished running MA stat dsm and the output delta was FAIL
Since the output delta was FAIL significant_subtrajectories.py will not be run.
Iteration 122 running time: 52 seconds
--------------------------
Iteration 123. Team 1610612744 Game 21500177, Distance Threshold 4, Min Length 5, Downsampling 2...
Successfully completed data preprocessing
Running MA stat dsm...
Finished running MA stat dsm and the output delta was 0.005063028957601526
Checking significant subtrajectories...
Iteration 123 running time: 178 seconds
--------------------------
Iteration 124. Team 1610612744 Game 21500177, Distance Threshold 4, Min Length 8, Downsampling 2...
Successfully completed data preprocessing
Running MA stat dsm...
Finished running MA stat dsm and the output delta was 0.005063028957601526
Checking significant subtrajectories...
Iteration 124 running time: 171 seconds
--------------------------
Iteration 125. Team 1610612744 Game 21500177, Distance Threshold 4, Min Length 10, Downsampling 2...
Successfully completed data preprocessing
Running MA stat dsm...
Finished running MA stat dsm and the output delta was 0.005063028957601526
Checking significant subtrajectories...
Some significant subtrajectories were found.
Iteration 125 running time: 161 seconds
--------------------------
Iteration 126. Team 1610612744 Game 21500187, Distance Threshold 1.5, Min Length 5, Downsampling 2...
Successfully completed data preprocessing
Running MA stat dsm...
Finished running MA stat dsm and the output delta was 0.024306282208909933
Checking significant subtrajectories...
Iteration 126 running time: 171 seconds
--------------------------
Iteration 127. Team 1610612744 Game 21500187, Distance Threshold 1.5, Min Length 8, Downsampling 2...
Successfully completed data preprocessing
Running MA stat dsm...
Finished running MA stat dsm and the output delta was FAIL
Since the output delta was FAIL significant_subtrajectories.py will not be run.
Iteration 127 running time: 165 seconds
--------------------------
Iteration 128. Team 1610612744 Game 21500187, Distance Threshold 1.5, Min Length 10, Downsampling 2...
Successfully completed data preprocessing
Running MA stat dsm...
Finished running MA stat dsm and the output delta was FAIL
Since the output delta was FAIL significant_subtrajectories.py will not be run.
Iteration 128 running time: 162 seconds
--------------------------
Iteration 129. Team 1610612744 Game 21500187, Distance Threshold 4, Min Length 5, Downsampling 2...
Successfully completed data preprocessing
Running MA stat dsm...
Finished running MA stat dsm and the output delta was 0.001591979765060705
Checking significant subtrajectories...
Iteration 129 running time: 580 seconds
--------------------------
Iteration 130. Team 1610612744 Game 21500187, Distance Threshold 4, Min Length 8, Downsampling 2...
Successfully completed data preprocessing
Running MA stat dsm...
Finished running MA stat dsm and the output delta was 0.0018268364319350247
Checking significant subtrajectories...
Iteration 130 running time: 512 seconds
--------------------------
Iteration 131. Team 1610612744 Game 21500187, Distance Threshold 4, Min Length 10, Downsampling 2...
Successfully completed data preprocessing
Running MA stat dsm...
Finished running MA stat dsm and the output delta was 0.001591979765060705
Checking significant subtrajectories...
Iteration 131 running time: 498 seconds
--------------------------
Iteration 132. Team 1610612744 Game 21500200, Distance Threshold 1.5, Min Length 5, Downsampling 2...
Successfully completed data preprocessing
Running MA stat dsm...
Finished running MA stat dsm and the output delta was 0.016846512121108232
Checking significant subtrajectories...
Iteration 132 running time: 341 seconds
--------------------------
Iteration 133. Team 1610612744 Game 21500200, Distance Threshold 1.5, Min Length 8, Downsampling 2...
Successfully completed data preprocessing
Running MA stat dsm...
Finished running MA stat dsm and the output delta was FAIL
Since the output delta was FAIL significant_subtrajectories.py will not be run.
Iteration 133 running time: 327 seconds
--------------------------
Iteration 134. Team 1610612744 Game 21500200, Distance Threshold 1.5, Min Length 10, Downsampling 2...
Successfully completed data preprocessing
Running MA stat dsm...
Finished running MA stat dsm and the output delta was FAIL
Since the output delta was FAIL significant_subtrajectories.py will not be run.
Iteration 134 running time: 303 seconds
--------------------------
Iteration 135. Team 1610612744 Game 21500200, Distance Threshold 4, Min Length 5, Downsampling 2...
Successfully completed data preprocessing
Running MA stat dsm...
Finished running MA stat dsm and the output delta was 0.0012687554424863634
Checking significant subtrajectories...
Iteration 135 running time: 1330 seconds
--------------------------
Iteration 136. Team 1610612744 Game 21500200, Distance Threshold 4, Min Length 8, Downsampling 2...
Successfully completed data preprocessing
Running MA stat dsm...
Finished running MA stat dsm and the output delta was 0.0011324420482599145
Checking significant subtrajectories...
Iteration 136 running time: 1218 seconds
--------------------------
Iteration 137. Team 1610612744 Game 21500200, Distance Threshold 4, Min Length 10, Downsampling 2...
Successfully completed data preprocessing
Running MA stat dsm...
Finished running MA stat dsm and the output delta was 0.0011324420482599145
Checking significant subtrajectories...
Iteration 137 running time: 1104 seconds
--------------------------
Iteration 138. Team 1610612744 Game 21500214, Distance Threshold 1.5, Min Length 5, Downsampling 2...
Successfully completed data preprocessing
Running MA stat dsm...
Finished running MA stat dsm and the output delta was 0.027411633549740966
Checking significant subtrajectories...
Iteration 138 running time: 142 seconds
--------------------------
Iteration 139. Team 1610612744 Game 21500214, Distance Threshold 1.5, Min Length 8, Downsampling 2...
Successfully completed data preprocessing
Running MA stat dsm...
Finished running MA stat dsm and the output delta was FAIL
Since the output delta was FAIL significant_subtrajectories.py will not be run.
Iteration 139 running time: 116 seconds
--------------------------
Iteration 140. Team 1610612744 Game 21500214, Distance Threshold 1.5, Min Length 10, Downsampling 2...
Successfully completed data preprocessing
Running MA stat dsm...
Finished running MA stat dsm and the output delta was FAIL
Since the output delta was FAIL significant_subtrajectories.py will not be run.
Iteration 140 running time: 136 seconds
--------------------------
Iteration 141. Team 1610612744 Game 21500214, Distance Threshold 4, Min Length 5, Downsampling 2...
Successfully completed data preprocessing
Running MA stat dsm...
Finished running MA stat dsm and the output delta was 0.0020352007443019864
Checking significant subtrajectories...
Iteration 141 running time: 448 seconds
--------------------------
Iteration 142. Team 1610612744 Game 21500214, Distance Threshold 4, Min Length 8, Downsampling 2...
Successfully completed data preprocessing
Running MA stat dsm...
Finished running MA stat dsm and the output delta was 0.0020352007443019864
Checking significant subtrajectories...
Iteration 142 running time: 412 seconds
--------------------------
Iteration 143. Team 1610612744 Game 21500214, Distance Threshold 4, Min Length 10, Downsampling 2...
Successfully completed data preprocessing
Running MA stat dsm...
Finished running MA stat dsm and the output delta was 0.0020097437937479775
Checking significant subtrajectories...
Iteration 143 running time: 392 seconds
--------------------------
Iteration 144. Team 1610612744 Game 21500236, Distance Threshold 1.5, Min Length 5, Downsampling 2...
Successfully completed data preprocessing
Running MA stat dsm...
Finished running MA stat dsm and the output delta was 0.036507472655923856
Checking significant subtrajectories...
Iteration 144 running time: 137 seconds
--------------------------
Iteration 145. Team 1610612744 Game 21500236, Distance Threshold 1.5, Min Length 8, Downsampling 2...
Successfully completed data preprocessing
Running MA stat dsm...
Finished running MA stat dsm and the output delta was FAIL
Since the output delta was FAIL significant_subtrajectories.py will not be run.
Iteration 145 running time: 135 seconds
--------------------------
Iteration 146. Team 1610612744 Game 21500236, Distance Threshold 1.5, Min Length 10, Downsampling 2...
Successfully completed data preprocessing
Running MA stat dsm...
Finished running MA stat dsm and the output delta was FAIL
Since the output delta was FAIL significant_subtrajectories.py will not be run.
Iteration 146 running time: 133 seconds
--------------------------
Iteration 147. Team 1610612744 Game 21500236, Distance Threshold 4, Min Length 5, Downsampling 2...
Successfully completed data preprocessing
Running MA stat dsm...
Finished running MA stat dsm and the output delta was 0.002880585407853378
Checking significant subtrajectories...
Iteration 147 running time: 456 seconds
--------------------------
Iteration 148. Team 1610612744 Game 21500236, Distance Threshold 4, Min Length 8, Downsampling 2...
Successfully completed data preprocessing
Running MA stat dsm...
Finished running MA stat dsm and the output delta was 0.002880585407853378
Checking significant subtrajectories...
Iteration 148 running time: 439 seconds
--------------------------
Iteration 149. Team 1610612744 Game 21500236, Distance Threshold 4, Min Length 10, Downsampling 2...
Successfully completed data preprocessing
Running MA stat dsm...
Finished running MA stat dsm and the output delta was 0.0022843327610940927
Checking significant subtrajectories...
Iteration 149 running time: 419 seconds
--------------------------
Iteration 150. Team 1610612744 Game 21500245, Distance Threshold 1.5, Min Length 5, Downsampling 2...
Successfully completed data preprocessing
Running MA stat dsm...
Finished running MA stat dsm and the output delta was 0.036507472655923856
Checking significant subtrajectories...
Iteration 150 running time: 143 seconds
--------------------------
Iteration 151. Team 1610612744 Game 21500245, Distance Threshold 1.5, Min Length 8, Downsampling 2...
Successfully completed data preprocessing
Running MA stat dsm...
Finished running MA stat dsm and the output delta was FAIL
Since the output delta was FAIL significant_subtrajectories.py will not be run.
Iteration 151 running time: 138 seconds
--------------------------
Iteration 152. Team 1610612744 Game 21500245, Distance Threshold 1.5, Min Length 10, Downsampling 2...
Successfully completed data preprocessing
Running MA stat dsm...
Finished running MA stat dsm and the output delta was FAIL
Since the output delta was FAIL significant_subtrajectories.py will not be run.
Iteration 152 running time: 131 seconds
--------------------------
Iteration 153. Team 1610612744 Game 21500245, Distance Threshold 4, Min Length 5, Downsampling 2...
Successfully completed data preprocessing
Running MA stat dsm...
Finished running MA stat dsm and the output delta was 0.0015423159166227766
Checking significant subtrajectories...
Iteration 153 running time: 461 seconds
--------------------------
Iteration 154. Team 1610612744 Game 21500245, Distance Threshold 4, Min Length 8, Downsampling 2...
Successfully completed data preprocessing
Running MA stat dsm...
Finished running MA stat dsm and the output delta was 0.0015059498978393364
Checking significant subtrajectories...
Iteration 154 running time: 413 seconds
--------------------------
Iteration 155. Team 1610612744 Game 21500245, Distance Threshold 4, Min Length 10, Downsampling 2...
Successfully completed data preprocessing
Running MA stat dsm...
Finished running MA stat dsm and the output delta was 0.0015423159166227766
Checking significant subtrajectories...
Iteration 155 running time: 403 seconds
--------------------------
Iteration 156. Team 1610612744 Game 21500259, Distance Threshold 1.5, Min Length 5, Downsampling 2...
Successfully completed data preprocessing
Running MA stat dsm...
Finished running MA stat dsm and the output delta was 0.027411633549740966
Checking significant subtrajectories...
Iteration 156 running time: 142 seconds
--------------------------
Iteration 157. Team 1610612744 Game 21500259, Distance Threshold 1.5, Min Length 8, Downsampling 2...
Successfully completed data preprocessing
Running MA stat dsm...
Finished running MA stat dsm and the output delta was FAIL
Since the output delta was FAIL significant_subtrajectories.py will not be run.
Iteration 157 running time: 135 seconds
--------------------------
Iteration 158. Team 1610612744 Game 21500259, Distance Threshold 1.5, Min Length 10, Downsampling 2...
Successfully completed data preprocessing
Running MA stat dsm...
Finished running MA stat dsm and the output delta was FAIL
Since the output delta was FAIL significant_subtrajectories.py will not be run.
Iteration 158 running time: 132 seconds
--------------------------
Iteration 159. Team 1610612744 Game 21500259, Distance Threshold 4, Min Length 5, Downsampling 2...
Successfully completed data preprocessing
Running MA stat dsm...
Finished running MA stat dsm and the output delta was 0.0012991334653512413
Checking significant subtrajectories...
Iteration 159 running time: 441 seconds
--------------------------
Iteration 160. Team 1610612744 Game 21500259, Distance Threshold 4, Min Length 8, Downsampling 2...
Successfully completed data preprocessing
Running MA stat dsm...
Finished running MA stat dsm and the output delta was 0.0020097437937479775
Checking significant subtrajectories...
Iteration 160 running time: 419 seconds
--------------------------
Iteration 161. Team 1610612744 Game 21500259, Distance Threshold 4, Min Length 10, Downsampling 2...
Successfully completed data preprocessing
Running MA stat dsm...
Finished running MA stat dsm and the output delta was 0.0012991334653512413
Checking significant subtrajectories...
Iteration 161 running time: 390 seconds
--------------------------
Iteration 162. Team 1610612744 Game 21500268, Distance Threshold 1.5, Min Length 5, Downsampling 2...
Successfully completed data preprocessing
Running MA stat dsm...
Finished running MA stat dsm and the output delta was 0.03723814482954338
Checking significant subtrajectories...
Iteration 162 running time: 289 seconds
--------------------------
Iteration 163. Team 1610612744 Game 21500268, Distance Threshold 1.5, Min Length 8, Downsampling 2...
Successfully completed data preprocessing
Running MA stat dsm...
Finished running MA stat dsm and the output delta was FAIL
Since the output delta was FAIL significant_subtrajectories.py will not be run.
Iteration 163 running time: 277 seconds
--------------------------
Iteration 164. Team 1610612744 Game 21500268, Distance Threshold 1.5, Min Length 10, Downsampling 2...
Successfully completed data preprocessing
Running MA stat dsm...
Finished running MA stat dsm and the output delta was FAIL
Since the output delta was FAIL significant_subtrajectories.py will not be run.
Iteration 164 running time: 263 seconds
--------------------------
Iteration 165. Team 1610612744 Game 21500268, Distance Threshold 4, Min Length 5, Downsampling 2...
Successfully completed data preprocessing
Running MA stat dsm...
Finished running MA stat dsm and the output delta was 0.0010607316446571678
Checking significant subtrajectories...
Iteration 165 running time: 1112 seconds
--------------------------
Iteration 166. Team 1610612744 Game 21500268, Distance Threshold 4, Min Length 8, Downsampling 2...
Successfully completed data preprocessing
Running MA stat dsm...
Finished running MA stat dsm and the output delta was 0.0009746303246611988
Checking significant subtrajectories...
Iteration 166 running time: 1003 seconds
--------------------------
Iteration 167. Team 1610612744 Game 21500268, Distance Threshold 4, Min Length 10, Downsampling 2...
Successfully completed data preprocessing
Running MA stat dsm...
Finished running MA stat dsm and the output delta was 0.001461003723339422
Checking significant subtrajectories...
Iteration 167 running time: 948 seconds
--------------------------
Iteration 168. Team 1610612744 Game 21500300, Distance Threshold 1.5, Min Length 5, Downsampling 2...
Successfully completed data preprocessing
Running MA stat dsm...
Finished running MA stat dsm and the output delta was 0.017732769129947642
Checking significant subtrajectories...
Iteration 168 running time: 90 seconds
--------------------------
Iteration 169. Team 1610612744 Game 21500300, Distance Threshold 1.5, Min Length 8, Downsampling 2...
Successfully completed data preprocessing
Running MA stat dsm...
Finished running MA stat dsm and the output delta was FAIL
Since the output delta was FAIL significant_subtrajectories.py will not be run.
Iteration 169 running time: 81 seconds
--------------------------
Iteration 170. Team 1610612744 Game 21500300, Distance Threshold 1.5, Min Length 10, Downsampling 2...
Successfully completed data preprocessing
Running MA stat dsm...
Finished running MA stat dsm and the output delta was FAIL
Since the output delta was FAIL significant_subtrajectories.py will not be run.
Iteration 170 running time: 84 seconds
--------------------------
Iteration 171. Team 1610612744 Game 21500300, Distance Threshold 4, Min Length 5, Downsampling 2...
Successfully completed data preprocessing
Running MA stat dsm...
Finished running MA stat dsm and the output delta was 0.003685507736548778
Checking significant subtrajectories...
Iteration 171 running time: 303 seconds
--------------------------
Iteration 172. Team 1610612744 Game 21500300, Distance Threshold 4, Min Length 8, Downsampling 2...
Successfully completed data preprocessing
Running MA stat dsm...
Finished running MA stat dsm and the output delta was 0.003685507736548778
Checking significant subtrajectories...
Iteration 172 running time: 287 seconds
--------------------------
Iteration 173. Team 1610612744 Game 21500300, Distance Threshold 4, Min Length 10, Downsampling 2...
Successfully completed data preprocessing
Running MA stat dsm...
Finished running MA stat dsm and the output delta was 0.003685507736548778
Checking significant subtrajectories...
Iteration 173 running time: 272 seconds
--------------------------
Iteration 174. Team 1610612744 Game 21500314, Distance Threshold 1.5, Min Length 5, Downsampling 2...
Successfully completed data preprocessing
Running MA stat dsm...
Finished running MA stat dsm and the output delta was 0.03490915584125709
Checking significant subtrajectories...
Iteration 174 running time: 176 seconds
--------------------------
Iteration 175. Team 1610612744 Game 21500314, Distance Threshold 1.5, Min Length 8, Downsampling 2...
Successfully completed data preprocessing
Running MA stat dsm...
Finished running MA stat dsm and the output delta was FAIL
Since the output delta was FAIL significant_subtrajectories.py will not be run.
Iteration 175 running time: 170 seconds
--------------------------
Iteration 176. Team 1610612744 Game 21500314, Distance Threshold 1.5, Min Length 10, Downsampling 2...
Successfully completed data preprocessing
Running MA stat dsm...
Finished running MA stat dsm and the output delta was FAIL
Since the output delta was FAIL significant_subtrajectories.py will not be run.
Iteration 176 running time: 163 seconds
--------------------------
Iteration 177. Team 1610612744 Game 21500314, Distance Threshold 4, Min Length 5, Downsampling 2...
Successfully completed data preprocessing
Running MA stat dsm...
Finished running MA stat dsm and the output delta was 0.002014686372941987
Checking significant subtrajectories...
Iteration 177 running time: 579 seconds
--------------------------
Iteration 178. Team 1610612744 Game 21500314, Distance Threshold 4, Min Length 8, Downsampling 2...
Successfully completed data preprocessing
Running MA stat dsm...
Finished running MA stat dsm and the output delta was 0.001948592818426204
Checking significant subtrajectories...
Iteration 178 running time: 541 seconds
--------------------------
Iteration 179. Team 1610612744 Game 21500314, Distance Threshold 4, Min Length 10, Downsampling 2...
Successfully completed data preprocessing
Running MA stat dsm...
Finished running MA stat dsm and the output delta was 0.001948592818426204
Checking significant subtrajectories...
Iteration 179 running time: 509 seconds
--------------------------
Iteration 180. Team 1610612744 Game 21500336, Distance Threshold 1.5, Min Length 5, Downsampling 2...
Successfully completed data preprocessing
Running MA stat dsm...
Finished running MA stat dsm and the output delta was 0.03144459425528967
Checking significant subtrajectories...
Iteration 180 running time: 178 seconds
--------------------------
Iteration 181. Team 1610612744 Game 21500336, Distance Threshold 1.5, Min Length 8, Downsampling 2...
Successfully completed data preprocessing
Running MA stat dsm...
Finished running MA stat dsm and the output delta was 0.02251898402723226
Checking significant subtrajectories...
Iteration 181 running time: 179 seconds
--------------------------
Iteration 182. Team 1610612744 Game 21500336, Distance Threshold 1.5, Min Length 10, Downsampling 2...
Successfully completed data preprocessing
Running MA stat dsm...
Finished running MA stat dsm and the output delta was FAIL
Since the output delta was FAIL significant_subtrajectories.py will not be run.
Iteration 182 running time: 162 seconds
--------------------------
Iteration 183. Team 1610612744 Game 21500336, Distance Threshold 4, Min Length 5, Downsampling 2...
Successfully completed data preprocessing
Running MA stat dsm...
Finished running MA stat dsm and the output delta was 0.0018612269627274556
Checking significant subtrajectories...
Some significant subtrajectories were found.
Iteration 183 running time: 589 seconds
--------------------------
Iteration 184. Team 1610612744 Game 21500336, Distance Threshold 4, Min Length 8, Downsampling 2...
Successfully completed data preprocessing
Running MA stat dsm...
Finished running MA stat dsm and the output delta was 0.0019263117121058894
Checking significant subtrajectories...
Iteration 184 running time: 564 seconds
--------------------------
Iteration 185. Team 1610612744 Game 21500336, Distance Threshold 4, Min Length 10, Downsampling 2...
Successfully completed data preprocessing
Running MA stat dsm...
Finished running MA stat dsm and the output delta was 0.0019263117121058894
Checking significant subtrajectories...
Iteration 185 running time: 529 seconds
--------------------------
Iteration 186. Team 1610612744 Game 21500351, Distance Threshold 1.5, Min Length 5, Downsampling 2...
Successfully completed data preprocessing
Running MA stat dsm...
Finished running MA stat dsm and the output delta was 0.036567846415045055
Checking significant subtrajectories...
Iteration 186 running time: 78 seconds
--------------------------
Iteration 187. Team 1610612744 Game 21500351, Distance Threshold 1.5, Min Length 8, Downsampling 2...
Successfully completed data preprocessing
Running MA stat dsm...
Finished running MA stat dsm and the output delta was FAIL
Since the output delta was FAIL significant_subtrajectories.py will not be run.
Iteration 187 running time: 80 seconds
--------------------------
Iteration 188. Team 1610612744 Game 21500351, Distance Threshold 1.5, Min Length 10, Downsampling 2...
Successfully completed data preprocessing
Running MA stat dsm...
Finished running MA stat dsm and the output delta was FAIL
Since the output delta was FAIL significant_subtrajectories.py will not be run.
Iteration 188 running time: 78 seconds
--------------------------
Iteration 189. Team 1610612744 Game 21500351, Distance Threshold 4, Min Length 5, Downsampling 2...
Successfully completed data preprocessing
Running MA stat dsm...
Finished running MA stat dsm and the output delta was 0.0033342612227701828
Checking significant subtrajectories...
Iteration 189 running time: 246 seconds
--------------------------
Iteration 190. Team 1610612744 Game 21500351, Distance Threshold 4, Min Length 8, Downsampling 2...
Successfully completed data preprocessing
Running MA stat dsm...
Finished running MA stat dsm and the output delta was 0.0033342612227701828
Checking significant subtrajectories...
Iteration 190 running time: 238 seconds
--------------------------
Iteration 191. Team 1610612744 Game 21500351, Distance Threshold 4, Min Length 10, Downsampling 2...
Successfully completed data preprocessing
Running MA stat dsm...
Finished running MA stat dsm and the output delta was 0.0033342612227701828
Checking significant subtrajectories...
Iteration 191 running time: 231 seconds
--------------------------
Iteration 192. Team 1610612744 Game 21500381, Distance Threshold 1.5, Min Length 5, Downsampling 2...
Successfully completed data preprocessing
Running MA stat dsm...
Finished running MA stat dsm and the output delta was 0.047526795733319575
Checking significant subtrajectories...
Iteration 192 running time: 151 seconds
--------------------------
Iteration 193. Team 1610612744 Game 21500381, Distance Threshold 1.5, Min Length 8, Downsampling 2...
Successfully completed data preprocessing
Running MA stat dsm...
Finished running MA stat dsm and the output delta was 0.047526795733319575
Checking significant subtrajectories...
Iteration 193 running time: 144 seconds
--------------------------
Iteration 194. Team 1610612744 Game 21500381, Distance Threshold 1.5, Min Length 10, Downsampling 2...
Successfully completed data preprocessing
Running MA stat dsm...
Finished running MA stat dsm and the output delta was FAIL
Since the output delta was FAIL significant_subtrajectories.py will not be run.
Iteration 194 running time: 146 seconds
--------------------------
Iteration 195. Team 1610612744 Game 21500381, Distance Threshold 4, Min Length 5, Downsampling 2...
Successfully completed data preprocessing
Running MA stat dsm...
Finished running MA stat dsm and the output delta was 0.0022346851881887594
Checking significant subtrajectories...
Iteration 195 running time: 526 seconds
--------------------------
Iteration 196. Team 1610612744 Game 21500381, Distance Threshold 4, Min Length 8, Downsampling 2...
Successfully completed data preprocessing
Running MA stat dsm...
Finished running MA stat dsm and the output delta was 0.0022882559900475616
Checking significant subtrajectories...
Iteration 196 running time: 495 seconds
--------------------------
Iteration 197. Team 1610612744 Game 21500381, Distance Threshold 4, Min Length 10, Downsampling 2...
Successfully completed data preprocessing
Running MA stat dsm...
Finished running MA stat dsm and the output delta was 0.0022882559900475616
Checking significant subtrajectories...
Iteration 197 running time: 463 seconds
--------------------------
Iteration 198. Team 1610612744 Game 21500397, Distance Threshold 1.5, Min Length 5, Downsampling 2...
Successfully completed data preprocessing
Running MA stat dsm...
Finished running MA stat dsm and the output delta was 0.02006782936605499
Checking significant subtrajectories...
Iteration 198 running time: 179 seconds
--------------------------
Iteration 199. Team 1610612744 Game 21500397, Distance Threshold 1.5, Min Length 8, Downsampling 2...
Successfully completed data preprocessing
Running MA stat dsm...
Finished running MA stat dsm and the output delta was FAIL
Since the output delta was FAIL significant_subtrajectories.py will not be run.
Iteration 199 running time: 178 seconds
--------------------------
Iteration 200. Team 1610612744 Game 21500397, Distance Threshold 1.5, Min Length 10, Downsampling 2...
Successfully completed data preprocessing
Running MA stat dsm...
Finished running MA stat dsm and the output delta was FAIL
Since the output delta was FAIL significant_subtrajectories.py will not be run.
Iteration 200 running time: 169 seconds
--------------------------
Iteration 201. Team 1610612744 Game 21500397, Distance Threshold 4, Min Length 5, Downsampling 2...
Successfully completed data preprocessing
Running MA stat dsm...
Finished running MA stat dsm and the output delta was 0.002019534454016177
Checking significant subtrajectories...
Iteration 201 running time: 640 seconds
--------------------------
Iteration 202. Team 1610612744 Game 21500397, Distance Threshold 4, Min Length 8, Downsampling 2...
Successfully completed data preprocessing
Running MA stat dsm...
Finished running MA stat dsm and the output delta was 0.0019622003913551418
Checking significant subtrajectories...
Iteration 202 running time: 607 seconds
--------------------------
Iteration 203. Team 1610612744 Game 21500397, Distance Threshold 4, Min Length 10, Downsampling 2...
Successfully completed data preprocessing
Running MA stat dsm...
Finished running MA stat dsm and the output delta was 0.00189542890103306
Checking significant subtrajectories...
Iteration 203 running time: 543 seconds
--------------------------
Iteration 204. Team 1610612744 Game 21500434, Distance Threshold 1.5, Min Length 5, Downsampling 2...
Successfully completed data preprocessing
Running MA stat dsm...
Finished running MA stat dsm and the output delta was 0.04310362285089407
Checking significant subtrajectories...
Iteration 204 running time: 118 seconds
--------------------------
Iteration 205. Team 1610612744 Game 21500434, Distance Threshold 1.5, Min Length 8, Downsampling 2...
Successfully completed data preprocessing
Running MA stat dsm...
Finished running MA stat dsm and the output delta was 0.04310362285089407
Checking significant subtrajectories...
Iteration 205 running time: 123 seconds
--------------------------
Iteration 206. Team 1610612744 Game 21500434, Distance Threshold 1.5, Min Length 10, Downsampling 2...
Successfully completed data preprocessing
Running MA stat dsm...
Finished running MA stat dsm and the output delta was FAIL
Since the output delta was FAIL significant_subtrajectories.py will not be run.
Iteration 206 running time: 115 seconds
--------------------------
Iteration 207. Team 1610612744 Game 21500434, Distance Threshold 4, Min Length 5, Downsampling 2...
Successfully completed data preprocessing
Running MA stat dsm...
Finished running MA stat dsm and the output delta was 0.001958135795186298
Checking significant subtrajectories...
Iteration 207 running time: 463 seconds
--------------------------
Iteration 208. Team 1610612744 Game 21500434, Distance Threshold 4, Min Length 8, Downsampling 2...
Successfully completed data preprocessing
Running MA stat dsm...
Finished running MA stat dsm and the output delta was 0.001943018144985652
Checking significant subtrajectories...
Iteration 208 running time: 424 seconds
--------------------------
Iteration 209. Team 1610612744 Game 21500434, Distance Threshold 4, Min Length 10, Downsampling 2...
Successfully completed data preprocessing
Running MA stat dsm...
Finished running MA stat dsm and the output delta was 0.001958135795186298
Checking significant subtrajectories...
Iteration 209 running time: 386 seconds
--------------------------
Iteration 210. Team 1610612744 Game 21500438, Distance Threshold 1.5, Min Length 5, Downsampling 2...
Successfully completed data preprocessing
Running MA stat dsm...
Finished running MA stat dsm and the output delta was 0.048638256170618004
Checking significant subtrajectories...
Iteration 210 running time: 84 seconds
--------------------------
Iteration 211. Team 1610612744 Game 21500438, Distance Threshold 1.5, Min Length 8, Downsampling 2...
Successfully completed data preprocessing
Running MA stat dsm...
Finished running MA stat dsm and the output delta was FAIL
Since the output delta was FAIL significant_subtrajectories.py will not be run.
Iteration 211 running time: 78 seconds
--------------------------
Iteration 212. Team 1610612744 Game 21500438, Distance Threshold 1.5, Min Length 10, Downsampling 2...
Successfully completed data preprocessing
Running MA stat dsm...
Finished running MA stat dsm and the output delta was FAIL
Since the output delta was FAIL significant_subtrajectories.py will not be run.
Iteration 212 running time: 72 seconds
--------------------------
Iteration 213. Team 1610612744 Game 21500438, Distance Threshold 4, Min Length 5, Downsampling 2...
Successfully completed data preprocessing
Running MA stat dsm...
Finished running MA stat dsm and the output delta was 0.0026210711383394883
Checking significant subtrajectories...
Iteration 213 running time: 292 seconds
--------------------------
Iteration 214. Team 1610612744 Game 21500438, Distance Threshold 4, Min Length 8, Downsampling 2...
Successfully completed data preprocessing
Running MA stat dsm...
Finished running MA stat dsm and the output delta was 0.0021223846812023963
Checking significant subtrajectories...
Iteration 214 running time: 276 seconds
--------------------------
Iteration 215. Team 1610612744 Game 21500438, Distance Threshold 4, Min Length 10, Downsampling 2...
Successfully completed data preprocessing
Running MA stat dsm...
Finished running MA stat dsm and the output delta was 0.003152822048552697
Checking significant subtrajectories...
Iteration 215 running time: 270 seconds
--------------------------
Iteration 216. Team 1610612744 Game 21500468, Distance Threshold 1.5, Min Length 5, Downsampling 2...
Successfully completed data preprocessing
Running MA stat dsm...
Finished running MA stat dsm and the output delta was 0.02792389310730765
Checking significant subtrajectories...
Iteration 216 running time: 218 seconds
--------------------------
Iteration 217. Team 1610612744 Game 21500468, Distance Threshold 1.5, Min Length 8, Downsampling 2...
Successfully completed data preprocessing
Running MA stat dsm...
Finished running MA stat dsm and the output delta was FAIL
Since the output delta was FAIL significant_subtrajectories.py will not be run.
Iteration 217 running time: 212 seconds
--------------------------
Iteration 218. Team 1610612744 Game 21500468, Distance Threshold 1.5, Min Length 10, Downsampling 2...
Successfully completed data preprocessing
Running MA stat dsm...
Finished running MA stat dsm and the output delta was FAIL
Since the output delta was FAIL significant_subtrajectories.py will not be run.
Iteration 218 running time: 205 seconds
--------------------------
Iteration 219. Team 1610612744 Game 21500468, Distance Threshold 4, Min Length 5, Downsampling 2...
Successfully completed data preprocessing
Running MA stat dsm...
Finished running MA stat dsm and the output delta was 0.0018211773825210957
Checking significant subtrajectories...
Iteration 219 running time: 743 seconds
--------------------------
Iteration 220. Team 1610612744 Game 21500468, Distance Threshold 4, Min Length 8, Downsampling 2...
Successfully completed data preprocessing
Running MA stat dsm...
Finished running MA stat dsm and the output delta was 0.0017683155788378857
Checking significant subtrajectories...
Iteration 220 running time: 704 seconds
--------------------------
Iteration 221. Team 1610612744 Game 21500468, Distance Threshold 4, Min Length 10, Downsampling 2...
Successfully completed data preprocessing
Running MA stat dsm...
Finished running MA stat dsm and the output delta was 0.0017683155788378857
Checking significant subtrajectories...
Iteration 221 running time: 650 seconds
--------------------------
Iteration 222. Team 1610612744 Game 21500480, Distance Threshold 1.5, Min Length 5, Downsampling 2...
Successfully completed data preprocessing
Running MA stat dsm...
Finished running MA stat dsm and the output delta was 0.02006782936605499
Checking significant subtrajectories...
Iteration 222 running time: 180 seconds
--------------------------
Iteration 223. Team 1610612744 Game 21500480, Distance Threshold 1.5, Min Length 8, Downsampling 2...
Successfully completed data preprocessing
Running MA stat dsm...
Finished running MA stat dsm and the output delta was FAIL
Since the output delta was FAIL significant_subtrajectories.py will not be run.
Iteration 223 running time: 170 seconds
--------------------------
Iteration 224. Team 1610612744 Game 21500480, Distance Threshold 1.5, Min Length 10, Downsampling 2...
Successfully completed data preprocessing
Running MA stat dsm...
Finished running MA stat dsm and the output delta was FAIL
Since the output delta was FAIL significant_subtrajectories.py will not be run.
Iteration 224 running time: 169 seconds
--------------------------
Iteration 225. Team 1610612744 Game 21500480, Distance Threshold 4, Min Length 5, Downsampling 2...
Successfully completed data preprocessing
Running MA stat dsm...
Finished running MA stat dsm and the output delta was 0.0018604015159952322
Checking significant subtrajectories...
Iteration 225 running time: 633 seconds
--------------------------
Iteration 226. Team 1610612744 Game 21500480, Distance Threshold 4, Min Length 8, Downsampling 2...
Successfully completed data preprocessing
Running MA stat dsm...
Finished running MA stat dsm and the output delta was 0.00189542890103306
Checking significant subtrajectories...
Iteration 226 running time: 588 seconds
--------------------------
Iteration 227. Team 1610612744 Game 21500480, Distance Threshold 4, Min Length 10, Downsampling 2...
Successfully completed data preprocessing
Running MA stat dsm...
Finished running MA stat dsm and the output delta was 0.0019622003913551418
Checking significant subtrajectories...
Iteration 227 running time: 541 seconds
--------------------------
Iteration 228. Team 1610612744 Game 21500485, Distance Threshold 1.5, Min Length 5, Downsampling 2...
Successfully completed data preprocessing
Running MA stat dsm...
Finished running MA stat dsm and the output delta was 0.0421646664530915
Checking significant subtrajectories...
Iteration 228 running time: 234 seconds
--------------------------
Iteration 229. Team 1610612744 Game 21500485, Distance Threshold 1.5, Min Length 8, Downsampling 2...
Successfully completed data preprocessing
Running MA stat dsm...
Finished running MA stat dsm and the output delta was FAIL
Since the output delta was FAIL significant_subtrajectories.py will not be run.
Iteration 229 running time: 231 seconds
--------------------------
Iteration 230. Team 1610612744 Game 21500485, Distance Threshold 1.5, Min Length 10, Downsampling 2...
Successfully completed data preprocessing
Running MA stat dsm...
Finished running MA stat dsm and the output delta was FAIL
Since the output delta was FAIL significant_subtrajectories.py will not be run.
Iteration 230 running time: 227 seconds
--------------------------
Iteration 231. Team 1610612744 Game 21500485, Distance Threshold 4, Min Length 5, Downsampling 2...
Successfully completed data preprocessing
Running MA stat dsm...
Finished running MA stat dsm and the output delta was 0.0014629246345099836
Checking significant subtrajectories...
Iteration 231 running time: 918 seconds
--------------------------
Iteration 232. Team 1610612744 Game 21500485, Distance Threshold 4, Min Length 8, Downsampling 2...
Successfully completed data preprocessing
Running MA stat dsm...
Finished running MA stat dsm and the output delta was 0.0013231639281244775
Checking significant subtrajectories...
Iteration 232 running time: 847 seconds
--------------------------
Iteration 233. Team 1610612744 Game 21500485, Distance Threshold 4, Min Length 10, Downsampling 2...
Successfully completed data preprocessing
Running MA stat dsm...
Finished running MA stat dsm and the output delta was 0.0016060549373123894
Checking significant subtrajectories...
Iteration 233 running time: 775 seconds
--------------------------
Iteration 234. Team 1610612744 Game 21500290, Distance Threshold 1.5, Min Length 5, Downsampling 2...
Successfully completed data preprocessing
Running MA stat dsm...
Finished running MA stat dsm and the output delta was 0.03289414787603128
Checking significant subtrajectories...
Iteration 234 running time: 74 seconds
--------------------------
Iteration 235. Team 1610612744 Game 21500290, Distance Threshold 1.5, Min Length 8, Downsampling 2...
Successfully completed data preprocessing
Running MA stat dsm...
Finished running MA stat dsm and the output delta was FAIL
Since the output delta was FAIL significant_subtrajectories.py will not be run.
Iteration 235 running time: 76 seconds
--------------------------
Iteration 236. Team 1610612744 Game 21500290, Distance Threshold 1.5, Min Length 10, Downsampling 2...
Successfully completed data preprocessing
Running MA stat dsm...
Finished running MA stat dsm and the output delta was FAIL
Since the output delta was FAIL significant_subtrajectories.py will not be run.
Iteration 236 running time: 72 seconds
--------------------------
Iteration 237. Team 1610612744 Game 21500290, Distance Threshold 4, Min Length 5, Downsampling 2...
Successfully completed data preprocessing
Running MA stat dsm...
Finished running MA stat dsm and the output delta was 0.003735232908999889
Checking significant subtrajectories...
Iteration 237 running time: 291 seconds
--------------------------
Iteration 238. Team 1610612744 Game 21500290, Distance Threshold 4, Min Length 8, Downsampling 2...
Successfully completed data preprocessing
Running MA stat dsm...
Finished running MA stat dsm and the output delta was 0.004053098174548609
Checking significant subtrajectories...
Iteration 238 running time: 268 seconds
--------------------------
Iteration 239. Team 1610612744 Game 21500290, Distance Threshold 4, Min Length 10, Downsampling 2...
Successfully completed data preprocessing
Running MA stat dsm...
Finished running MA stat dsm and the output delta was 0.004053098174548609
Checking significant subtrajectories...
Iteration 239 running time: 256 seconds
Total running time: 85280 seconds
