--------------------------
Iteration 0. Team 1610612739 Game 21500499, Distance Threshold 1.5, Min Length 5, Downsampling 1...
Final # of agent tids in dataset: 115
Final # of plays (distinct tids) in dataset: 23
Successfully completed data preprocessing
Running MA stat dsm...
Finished running MA stat dsm and the output delta was 0.023768485885457297
Checking significant subtrajectories...
Iteration 0 running time: 448 seconds
--------------------------
Iteration 1. Team 1610612739 Game 21500499, Distance Threshold 1.5, Min Length 8, Downsampling 1...
Final # of agent tids in dataset: 115
Final # of plays (distinct tids) in dataset: 23
Successfully completed data preprocessing
Running MA stat dsm...
Finished running MA stat dsm and the output delta was 0.027610283781685736
Checking significant subtrajectories...
Iteration 1 running time: 535 seconds
--------------------------
Iteration 2. Team 1610612739 Game 21500499, Distance Threshold 1.5, Min Length 10, Downsampling 1...
Final # of agent tids in dataset: 115
Final # of plays (distinct tids) in dataset: 23
Successfully completed data preprocessing
Running MA stat dsm...
Finished running MA stat dsm and the output delta was FAIL
Since the output delta was FAIL significant_subtrajectories.py will not be run.
Iteration 2 running time: 549 seconds
--------------------------
Iteration 3. Team 1610612739 Game 21500499, Distance Threshold 4, Min Length 5, Downsampling 1...
Final # of agent tids in dataset: 115
Final # of plays (distinct tids) in dataset: 23
Successfully completed data preprocessing
Running MA stat dsm...
Finished running MA stat dsm and the output delta was 0.001553611310431119
Checking significant subtrajectories...
Iteration 3 running time: 1800 seconds
--------------------------
Iteration 4. Team 1610612739 Game 21500499, Distance Threshold 4, Min Length 8, Downsampling 1...
Final # of agent tids in dataset: 115
Final # of plays (distinct tids) in dataset: 23
Successfully completed data preprocessing
Running MA stat dsm...
Finished running MA stat dsm and the output delta was 0.001553611310431119
Checking significant subtrajectories...
Iteration 4 running time: 1825 seconds
--------------------------
Iteration 5. Team 1610612739 Game 21500499, Distance Threshold 4, Min Length 10, Downsampling 1...
Final # of agent tids in dataset: 115
Final # of plays (distinct tids) in dataset: 23
Successfully completed data preprocessing
Running MA stat dsm...
Finished running MA stat dsm and the output delta was 0.001553611310431119
Checking significant subtrajectories...
Iteration 5 running time: 1839 seconds
--------------------------
Iteration 6. Team 1610612739 Game 21500511, Distance Threshold 1.5, Min Length 5, Downsampling 1...
Final # of agent tids in dataset: 70
Final # of plays (distinct tids) in dataset: 14
Successfully completed data preprocessing
Running MA stat dsm...
Finished running MA stat dsm and the output delta was 0.023548844940607355
Checking significant subtrajectories...
Iteration 6 running time: 165 seconds
--------------------------
Iteration 7. Team 1610612739 Game 21500511, Distance Threshold 1.5, Min Length 8, Downsampling 1...
Final # of agent tids in dataset: 70
Final # of plays (distinct tids) in dataset: 14
Successfully completed data preprocessing
Running MA stat dsm...
Finished running MA stat dsm and the output delta was 0.023548844940607355
Checking significant subtrajectories...
Iteration 7 running time: 202 seconds
--------------------------
Iteration 8. Team 1610612739 Game 21500511, Distance Threshold 1.5, Min Length 10, Downsampling 1...
Final # of agent tids in dataset: 70
Final # of plays (distinct tids) in dataset: 14
Successfully completed data preprocessing
Running MA stat dsm...
Finished running MA stat dsm and the output delta was 0.023548844940607355
Checking significant subtrajectories...
Iteration 8 running time: 227 seconds
--------------------------
Iteration 9. Team 1610612739 Game 21500511, Distance Threshold 4, Min Length 5, Downsampling 1...
Final # of agent tids in dataset: 70
Final # of plays (distinct tids) in dataset: 14
Successfully completed data preprocessing
Running MA stat dsm...
Finished running MA stat dsm and the output delta was 0.004832588196404339
Checking significant subtrajectories...
Iteration 9 running time: 533 seconds
--------------------------
Iteration 10. Team 1610612739 Game 21500511, Distance Threshold 4, Min Length 8, Downsampling 1...
Final # of agent tids in dataset: 70
Final # of plays (distinct tids) in dataset: 14
Successfully completed data preprocessing
Running MA stat dsm...
Finished running MA stat dsm and the output delta was 0.0076398791669685774
Checking significant subtrajectories...
Iteration 10 running time: 560 seconds
--------------------------
Iteration 11. Team 1610612739 Game 21500511, Distance Threshold 4, Min Length 10, Downsampling 1...
Final # of agent tids in dataset: 70
Final # of plays (distinct tids) in dataset: 14
Successfully completed data preprocessing
Running MA stat dsm...
Finished running MA stat dsm and the output delta was 0.0076398791669685774
Checking significant subtrajectories...
Iteration 11 running time: 572 seconds
--------------------------
Iteration 12. Team 1610612739 Game 21500527, Distance Threshold 1.5, Min Length 5, Downsampling 1...
Final # of agent tids in dataset: 120
Final # of plays (distinct tids) in dataset: 24
Successfully completed data preprocessing
Running MA stat dsm...
Finished running MA stat dsm and the output delta was 0.012497276185665979
Checking significant subtrajectories...
Iteration 12 running time: 567 seconds
--------------------------
Iteration 13. Team 1610612739 Game 21500527, Distance Threshold 1.5, Min Length 8, Downsampling 1...
Final # of agent tids in dataset: 120
Final # of plays (distinct tids) in dataset: 24
Successfully completed data preprocessing
Running MA stat dsm...
Finished running MA stat dsm and the output delta was 0.010950656277045924
Checking significant subtrajectories...
Iteration 13 running time: 624 seconds
--------------------------
Iteration 14. Team 1610612739 Game 21500527, Distance Threshold 1.5, Min Length 10, Downsampling 1...
Final # of agent tids in dataset: 120
Final # of plays (distinct tids) in dataset: 24
Successfully completed data preprocessing
Running MA stat dsm...
Finished running MA stat dsm and the output delta was 0.006905392197790864
Checking significant subtrajectories...
Iteration 14 running time: 613 seconds
--------------------------
Iteration 15. Team 1610612739 Game 21500527, Distance Threshold 4, Min Length 5, Downsampling 1...
Final # of agent tids in dataset: 120
Final # of plays (distinct tids) in dataset: 24
Successfully completed data preprocessing
Running MA stat dsm...
Finished running MA stat dsm and the output delta was 0.0017675730505716972
Checking significant subtrajectories...
Iteration 15 running time: 1900 seconds
--------------------------
Iteration 16. Team 1610612739 Game 21500527, Distance Threshold 4, Min Length 8, Downsampling 1...
Final # of agent tids in dataset: 120
Final # of plays (distinct tids) in dataset: 24
Successfully completed data preprocessing
Running MA stat dsm...
Finished running MA stat dsm and the output delta was 0.0017675730505716972
Checking significant subtrajectories...
Iteration 16 running time: 2042 seconds
--------------------------
Iteration 17. Team 1610612739 Game 21500527, Distance Threshold 4, Min Length 10, Downsampling 1...
Final # of agent tids in dataset: 120
Final # of plays (distinct tids) in dataset: 24
Successfully completed data preprocessing
Running MA stat dsm...
Finished running MA stat dsm and the output delta was 0.0017567767580205422
Checking significant subtrajectories...
Iteration 17 running time: 2098 seconds
--------------------------
Iteration 18. Team 1610612739 Game 21500543, Distance Threshold 1.5, Min Length 5, Downsampling 1...
Final # of agent tids in dataset: 125
Final # of plays (distinct tids) in dataset: 25
Successfully completed data preprocessing
Running MA stat dsm...
Finished running MA stat dsm and the output delta was 0.02586711003925299
Checking significant subtrajectories...
Iteration 18 running time: 617 seconds
--------------------------
Iteration 19. Team 1610612739 Game 21500543, Distance Threshold 1.5, Min Length 8, Downsampling 1...
Final # of agent tids in dataset: 125
Final # of plays (distinct tids) in dataset: 25
Successfully completed data preprocessing
Running MA stat dsm...
Finished running MA stat dsm and the output delta was 0.029665646937705858
Checking significant subtrajectories...
Iteration 19 running time: 654 seconds
--------------------------
Iteration 20. Team 1610612739 Game 21500543, Distance Threshold 1.5, Min Length 10, Downsampling 1...
Final # of agent tids in dataset: 125
Final # of plays (distinct tids) in dataset: 25
Successfully completed data preprocessing
Running MA stat dsm...
Finished running MA stat dsm and the output delta was FAIL
Since the output delta was FAIL significant_subtrajectories.py will not be run.
Iteration 20 running time: 670 seconds
--------------------------
Iteration 21. Team 1610612739 Game 21500543, Distance Threshold 4, Min Length 5, Downsampling 1...
Final # of agent tids in dataset: 125
Final # of plays (distinct tids) in dataset: 25
Successfully completed data preprocessing
Running MA stat dsm...
Finished running MA stat dsm and the output delta was 0.0023338745900077884
Checking significant subtrajectories...
Iteration 21 running time: 2332 seconds
--------------------------
Iteration 22. Team 1610612739 Game 21500543, Distance Threshold 4, Min Length 8, Downsampling 1...
Final # of agent tids in dataset: 125
Final # of plays (distinct tids) in dataset: 25
Successfully completed data preprocessing
Running MA stat dsm...
Finished running MA stat dsm and the output delta was 0.0019313043192777908
Checking significant subtrajectories...
Iteration 22 running time: 2418 seconds
--------------------------
Iteration 23. Team 1610612739 Game 21500543, Distance Threshold 4, Min Length 10, Downsampling 1...
Final # of agent tids in dataset: 125
Final # of plays (distinct tids) in dataset: 25
Successfully completed data preprocessing
Running MA stat dsm...
Finished running MA stat dsm and the output delta was 0.0019313043192777908
Checking significant subtrajectories...
Iteration 23 running time: 2399 seconds
--------------------------
Iteration 24. Team 1610612739 Game 21500559, Distance Threshold 1.5, Min Length 5, Downsampling 1...
Final # of agent tids in dataset: 100
Final # of plays (distinct tids) in dataset: 20
Successfully completed data preprocessing
Running MA stat dsm...
Finished running MA stat dsm and the output delta was 0.027499057417191698
Checking significant subtrajectories...
Iteration 24 running time: 354 seconds
--------------------------
Iteration 25. Team 1610612739 Game 21500559, Distance Threshold 1.5, Min Length 8, Downsampling 1...
Final # of agent tids in dataset: 100
Final # of plays (distinct tids) in dataset: 20
Successfully completed data preprocessing
Running MA stat dsm...
Finished running MA stat dsm and the output delta was 0.01747986917353633
Checking significant subtrajectories...
Iteration 25 running time: 410 seconds
--------------------------
Iteration 26. Team 1610612739 Game 21500559, Distance Threshold 1.5, Min Length 10, Downsampling 1...
Final # of agent tids in dataset: 100
Final # of plays (distinct tids) in dataset: 20
Successfully completed data preprocessing
Running MA stat dsm...
Finished running MA stat dsm and the output delta was 0.01747986917353633
Checking significant subtrajectories...
Iteration 26 running time: 440 seconds
--------------------------
Iteration 27. Team 1610612739 Game 21500559, Distance Threshold 4, Min Length 5, Downsampling 1...
Final # of agent tids in dataset: 100
Final # of plays (distinct tids) in dataset: 20
Successfully completed data preprocessing
Running MA stat dsm...
Finished running MA stat dsm and the output delta was 0.0023293442683659836
Checking significant subtrajectories...
Some significant subtrajectories were found.
Iteration 27 running time: 1403 seconds
--------------------------
Iteration 28. Team 1610612739 Game 21500559, Distance Threshold 4, Min Length 8, Downsampling 1...
Final # of agent tids in dataset: 100
Final # of plays (distinct tids) in dataset: 20
Successfully completed data preprocessing
Running MA stat dsm...
Finished running MA stat dsm and the output delta was 0.004725117525054829
Checking significant subtrajectories...
Some significant subtrajectories were found.
Iteration 28 running time: 1465 seconds
--------------------------
Iteration 29. Team 1610612739 Game 21500559, Distance Threshold 4, Min Length 10, Downsampling 1...
Final # of agent tids in dataset: 100
Final # of plays (distinct tids) in dataset: 20
Successfully completed data preprocessing
Running MA stat dsm...
Finished running MA stat dsm and the output delta was 0.004725117525054829
Checking significant subtrajectories...
Some significant subtrajectories were found.
Iteration 29 running time: 1476 seconds
--------------------------
Iteration 30. Team 1610612739 Game 21500575, Distance Threshold 1.5, Min Length 5, Downsampling 1...
Final # of agent tids in dataset: 95
Final # of plays (distinct tids) in dataset: 19
Successfully completed data preprocessing
Running MA stat dsm...
Finished running MA stat dsm and the output delta was 0.03672871848517537
Checking significant subtrajectories...
Iteration 30 running time: 369 seconds
--------------------------
Iteration 31. Team 1610612739 Game 21500575, Distance Threshold 1.5, Min Length 8, Downsampling 1...
Final # of agent tids in dataset: 95
Final # of plays (distinct tids) in dataset: 19
Successfully completed data preprocessing
Running MA stat dsm...
Finished running MA stat dsm and the output delta was 0.022713224229144374
Checking significant subtrajectories...
Iteration 31 running time: 369 seconds
--------------------------
Iteration 32. Team 1610612739 Game 21500575, Distance Threshold 1.5, Min Length 10, Downsampling 1...
Final # of agent tids in dataset: 95
Final # of plays (distinct tids) in dataset: 19
Successfully completed data preprocessing
Running MA stat dsm...
Finished running MA stat dsm and the output delta was 0.022713224229144374
Checking significant subtrajectories...
Iteration 32 running time: 388 seconds
--------------------------
Iteration 33. Team 1610612739 Game 21500575, Distance Threshold 4, Min Length 5, Downsampling 1...
Final # of agent tids in dataset: 95
Final # of plays (distinct tids) in dataset: 19
Successfully completed data preprocessing
Running MA stat dsm...
Finished running MA stat dsm and the output delta was 0.003064756074619911
Checking significant subtrajectories...
Iteration 33 running time: 1093 seconds
--------------------------
Iteration 34. Team 1610612739 Game 21500575, Distance Threshold 4, Min Length 8, Downsampling 1...
Final # of agent tids in dataset: 95
Final # of plays (distinct tids) in dataset: 19
Successfully completed data preprocessing
Running MA stat dsm...
Finished running MA stat dsm and the output delta was 0.003064756074619911
Checking significant subtrajectories...
Iteration 34 running time: 1174 seconds
--------------------------
Iteration 35. Team 1610612739 Game 21500575, Distance Threshold 4, Min Length 10, Downsampling 1...
Final # of agent tids in dataset: 95
Final # of plays (distinct tids) in dataset: 19
Successfully completed data preprocessing
Running MA stat dsm...
Finished running MA stat dsm and the output delta was 0.003064756074619911
Checking significant subtrajectories...
Iteration 35 running time: 1194 seconds
--------------------------
Iteration 36. Team 1610612739 Game 21500601, Distance Threshold 1.5, Min Length 5, Downsampling 1...
Final # of agent tids in dataset: 70
Final # of plays (distinct tids) in dataset: 14
Successfully completed data preprocessing
Running MA stat dsm...
Finished running MA stat dsm and the output delta was 0.023548844940607355
Checking significant subtrajectories...
Iteration 36 running time: 174 seconds
--------------------------
Iteration 37. Team 1610612739 Game 21500601, Distance Threshold 1.5, Min Length 8, Downsampling 1...
Final # of agent tids in dataset: 70
Final # of plays (distinct tids) in dataset: 14
Successfully completed data preprocessing
Running MA stat dsm...
Finished running MA stat dsm and the output delta was 0.023548844940607355
Checking significant subtrajectories...
Iteration 37 running time: 221 seconds
--------------------------
Iteration 38. Team 1610612739 Game 21500601, Distance Threshold 1.5, Min Length 10, Downsampling 1...
Final # of agent tids in dataset: 70
Final # of plays (distinct tids) in dataset: 14
Successfully completed data preprocessing
Running MA stat dsm...
Finished running MA stat dsm and the output delta was 0.023548844940607355
Checking significant subtrajectories...
Iteration 38 running time: 231 seconds
--------------------------
Iteration 39. Team 1610612739 Game 21500601, Distance Threshold 4, Min Length 5, Downsampling 1...
Final # of agent tids in dataset: 70
Final # of plays (distinct tids) in dataset: 14
Successfully completed data preprocessing
Running MA stat dsm...
Finished running MA stat dsm and the output delta was 0.0033964680202799072
Checking significant subtrajectories...
Iteration 39 running time: 553 seconds
--------------------------
Iteration 40. Team 1610612739 Game 21500601, Distance Threshold 4, Min Length 8, Downsampling 1...
Final # of agent tids in dataset: 70
Final # of plays (distinct tids) in dataset: 14
Successfully completed data preprocessing
Running MA stat dsm...
Finished running MA stat dsm and the output delta was 0.004273510768122528
Checking significant subtrajectories...
Iteration 40 running time: 566 seconds
--------------------------
Iteration 41. Team 1610612739 Game 21500601, Distance Threshold 4, Min Length 10, Downsampling 1...
Final # of agent tids in dataset: 70
Final # of plays (distinct tids) in dataset: 14
Successfully completed data preprocessing
Running MA stat dsm...
Finished running MA stat dsm and the output delta was 0.004273510768122528
Checking significant subtrajectories...
Iteration 41 running time: 599 seconds
--------------------------
Iteration 42. Team 1610612739 Game 21500622, Distance Threshold 1.5, Min Length 5, Downsampling 1...
Final # of agent tids in dataset: 55
Final # of plays (distinct tids) in dataset: 11
Successfully completed data preprocessing
Running MA stat dsm...
Finished running MA stat dsm and the output delta was FAIL
Since the output delta was FAIL significant_subtrajectories.py will not be run.
Iteration 42 running time: 125 seconds
--------------------------
Iteration 43. Team 1610612739 Game 21500622, Distance Threshold 1.5, Min Length 8, Downsampling 1...
Final # of agent tids in dataset: 55
Final # of plays (distinct tids) in dataset: 11
Successfully completed data preprocessing
Running MA stat dsm...
Finished running MA stat dsm and the output delta was FAIL
Since the output delta was FAIL significant_subtrajectories.py will not be run.
Iteration 43 running time: 130 seconds
--------------------------
Iteration 44. Team 1610612739 Game 21500622, Distance Threshold 1.5, Min Length 10, Downsampling 1...
Final # of agent tids in dataset: 55
Final # of plays (distinct tids) in dataset: 11
Successfully completed data preprocessing
Running MA stat dsm...
Finished running MA stat dsm and the output delta was FAIL
Since the output delta was FAIL significant_subtrajectories.py will not be run.
Iteration 44 running time: 124 seconds
--------------------------
Iteration 45. Team 1610612739 Game 21500622, Distance Threshold 4, Min Length 5, Downsampling 1...
Final # of agent tids in dataset: 55
Final # of plays (distinct tids) in dataset: 11
Successfully completed data preprocessing
Running MA stat dsm...
Finished running MA stat dsm and the output delta was 0.004737647356959232
Checking significant subtrajectories...
Iteration 45 running time: 334 seconds
--------------------------
Iteration 46. Team 1610612739 Game 21500622, Distance Threshold 4, Min Length 8, Downsampling 1...
Final # of agent tids in dataset: 55
Final # of plays (distinct tids) in dataset: 11
Successfully completed data preprocessing
Running MA stat dsm...
Finished running MA stat dsm and the output delta was 0.009614137250097295
Checking significant subtrajectories...
Iteration 46 running time: 347 seconds
--------------------------
Iteration 47. Team 1610612739 Game 21500622, Distance Threshold 4, Min Length 10, Downsampling 1...
Final # of agent tids in dataset: 55
Final # of plays (distinct tids) in dataset: 11
Successfully completed data preprocessing
Running MA stat dsm...
Finished running MA stat dsm and the output delta was 0.010848708442398668
Checking significant subtrajectories...
Iteration 47 running time: 375 seconds
--------------------------
Iteration 48. Team 1610612739 Game 21500011, Distance Threshold 1.5, Min Length 5, Downsampling 1...
Final # of agent tids in dataset: 130
Final # of plays (distinct tids) in dataset: 26
Successfully completed data preprocessing
Running MA stat dsm...
Finished running MA stat dsm and the output delta was 0.017612738573383066
Checking significant subtrajectories...
Iteration 48 running time: 622 seconds
--------------------------
Iteration 49. Team 1610612739 Game 21500011, Distance Threshold 1.5, Min Length 8, Downsampling 1...
Final # of agent tids in dataset: 130
Final # of plays (distinct tids) in dataset: 26
Successfully completed data preprocessing
Running MA stat dsm...
Finished running MA stat dsm and the output delta was 0.022695988957869388
Checking significant subtrajectories...
Iteration 49 running time: 660 seconds
--------------------------
Iteration 50. Team 1610612739 Game 21500011, Distance Threshold 1.5, Min Length 10, Downsampling 1...
Final # of agent tids in dataset: 130
Final # of plays (distinct tids) in dataset: 26
Successfully completed data preprocessing
Running MA stat dsm...
Finished running MA stat dsm and the output delta was FAIL
Since the output delta was FAIL significant_subtrajectories.py will not be run.
Iteration 50 running time: 675 seconds
--------------------------
Iteration 51. Team 1610612739 Game 21500011, Distance Threshold 4, Min Length 5, Downsampling 1...
Final # of agent tids in dataset: 130
Final # of plays (distinct tids) in dataset: 26
Successfully completed data preprocessing
Running MA stat dsm...
Finished running MA stat dsm and the output delta was 0.001761871463649417
Checking significant subtrajectories...
Iteration 51 running time: 2388 seconds
--------------------------
Iteration 52. Team 1610612739 Game 21500011, Distance Threshold 4, Min Length 8, Downsampling 1...
Final # of agent tids in dataset: 130
Final # of plays (distinct tids) in dataset: 26
Successfully completed data preprocessing
Running MA stat dsm...
Finished running MA stat dsm and the output delta was 0.0013429067533957762
Checking significant subtrajectories...
Iteration 52 running time: 2396 seconds
--------------------------
Iteration 53. Team 1610612739 Game 21500011, Distance Threshold 4, Min Length 10, Downsampling 1...
Final # of agent tids in dataset: 130
Final # of plays (distinct tids) in dataset: 26
Successfully completed data preprocessing
Running MA stat dsm...
Finished running MA stat dsm and the output delta was 0.0014891240487374493
Checking significant subtrajectories...
Iteration 53 running time: 2487 seconds
--------------------------
Iteration 54. Team 1610612739 Game 21500021, Distance Threshold 1.5, Min Length 5, Downsampling 1...
Final # of agent tids in dataset: 80
Final # of plays (distinct tids) in dataset: 16
Successfully completed data preprocessing
Running MA stat dsm...
Finished running MA stat dsm and the output delta was 0.034655218199522
Checking significant subtrajectories...
Iteration 54 running time: 238 seconds
--------------------------
Iteration 55. Team 1610612739 Game 21500021, Distance Threshold 1.5, Min Length 8, Downsampling 1...
Final # of agent tids in dataset: 80
Final # of plays (distinct tids) in dataset: 16
Successfully completed data preprocessing
Running MA stat dsm...
Finished running MA stat dsm and the output delta was 0.034655218199522
Checking significant subtrajectories...
Iteration 55 running time: 303 seconds
--------------------------
Iteration 56. Team 1610612739 Game 21500021, Distance Threshold 1.5, Min Length 10, Downsampling 1...
Final # of agent tids in dataset: 80
Final # of plays (distinct tids) in dataset: 16
Successfully completed data preprocessing
Running MA stat dsm...
Finished running MA stat dsm and the output delta was 0.011855732541941735
Checking significant subtrajectories...
Iteration 56 running time: 304 seconds
--------------------------
Iteration 57. Team 1610612739 Game 21500021, Distance Threshold 4, Min Length 5, Downsampling 1...
Final # of agent tids in dataset: 80
Final # of plays (distinct tids) in dataset: 16
Successfully completed data preprocessing
Running MA stat dsm...
Finished running MA stat dsm and the output delta was 0.003951910847313912
Checking significant subtrajectories...
Iteration 57 running time: 737 seconds
--------------------------
Iteration 58. Team 1610612739 Game 21500021, Distance Threshold 4, Min Length 8, Downsampling 1...
Final # of agent tids in dataset: 80
Final # of plays (distinct tids) in dataset: 16
Successfully completed data preprocessing
Running MA stat dsm...
Finished running MA stat dsm and the output delta was 0.003951910847313912
Checking significant subtrajectories...
Iteration 58 running time: 799 seconds
--------------------------
Iteration 59. Team 1610612739 Game 21500021, Distance Threshold 4, Min Length 10, Downsampling 1...
Final # of agent tids in dataset: 80
Final # of plays (distinct tids) in dataset: 16
Successfully completed data preprocessing
Running MA stat dsm...
Finished running MA stat dsm and the output delta was 0.003951910847313912
Checking significant subtrajectories...
Iteration 59 running time: 855 seconds
--------------------------
Iteration 60. Team 1610612739 Game 21500046, Distance Threshold 1.5, Min Length 5, Downsampling 1...
Final # of agent tids in dataset: 80
Final # of plays (distinct tids) in dataset: 16
Successfully completed data preprocessing
Running MA stat dsm...
Finished running MA stat dsm and the output delta was 0.02700763593501768
Checking significant subtrajectories...
Iteration 60 running time: 253 seconds
--------------------------
Iteration 61. Team 1610612739 Game 21500046, Distance Threshold 1.5, Min Length 8, Downsampling 1...
Final # of agent tids in dataset: 80
Final # of plays (distinct tids) in dataset: 16
Successfully completed data preprocessing
Running MA stat dsm...
Finished running MA stat dsm and the output delta was 0.02700763593501768
Checking significant subtrajectories...
Iteration 61 running time: 291 seconds
--------------------------
Iteration 62. Team 1610612739 Game 21500046, Distance Threshold 1.5, Min Length 10, Downsampling 1...
Final # of agent tids in dataset: 80
Final # of plays (distinct tids) in dataset: 16
Successfully completed data preprocessing
Running MA stat dsm...
Finished running MA stat dsm and the output delta was 0.02700763593501768
Checking significant subtrajectories...
Iteration 62 running time: 240 seconds
--------------------------
Iteration 63. Team 1610612739 Game 21500046, Distance Threshold 4, Min Length 5, Downsampling 1...
Final # of agent tids in dataset: 80
Final # of plays (distinct tids) in dataset: 16
Successfully completed data preprocessing
Running MA stat dsm...
Finished running MA stat dsm and the output delta was 0.0036098327416064398
Checking significant subtrajectories...
Iteration 63 running time: 722 seconds
--------------------------
Iteration 64. Team 1610612739 Game 21500046, Distance Threshold 4, Min Length 8, Downsampling 1...
Final # of agent tids in dataset: 80
Final # of plays (distinct tids) in dataset: 16
Successfully completed data preprocessing
Running MA stat dsm...
Finished running MA stat dsm and the output delta was 0.0038751321872626428
Checking significant subtrajectories...
Iteration 64 running time: 739 seconds
--------------------------
Iteration 65. Team 1610612739 Game 21500046, Distance Threshold 4, Min Length 10, Downsampling 1...
Final # of agent tids in dataset: 80
Final # of plays (distinct tids) in dataset: 16
Successfully completed data preprocessing
Running MA stat dsm...
Finished running MA stat dsm and the output delta was 0.0036098327416064398
Checking significant subtrajectories...
Iteration 65 running time: 800 seconds
--------------------------
Iteration 66. Team 1610612739 Game 21500063, Distance Threshold 1.5, Min Length 5, Downsampling 1...
Final # of agent tids in dataset: 85
Final # of plays (distinct tids) in dataset: 17
Successfully completed data preprocessing
Running MA stat dsm...
Finished running MA stat dsm and the output delta was 0.015387550520910358
Checking significant subtrajectories...
Iteration 66 running time: 291 seconds
--------------------------
Iteration 67. Team 1610612739 Game 21500063, Distance Threshold 1.5, Min Length 8, Downsampling 1...
Final # of agent tids in dataset: 85
Final # of plays (distinct tids) in dataset: 17
Successfully completed data preprocessing
Running MA stat dsm...
Finished running MA stat dsm and the output delta was 0.012495153806453524
Checking significant subtrajectories...
Iteration 67 running time: 292 seconds
--------------------------
Iteration 68. Team 1610612739 Game 21500063, Distance Threshold 1.5, Min Length 10, Downsampling 1...
Final # of agent tids in dataset: 85
Final # of plays (distinct tids) in dataset: 17
Successfully completed data preprocessing
Running MA stat dsm...
Finished running MA stat dsm and the output delta was 0.012495153806453524
Checking significant subtrajectories...
Iteration 68 running time: 351 seconds
--------------------------
Iteration 69. Team 1610612739 Game 21500063, Distance Threshold 4, Min Length 5, Downsampling 1...
Final # of agent tids in dataset: 85
Final # of plays (distinct tids) in dataset: 17
Successfully completed data preprocessing
Running MA stat dsm...
Finished running MA stat dsm and the output delta was 0.003021901396590016
Checking significant subtrajectories...
Iteration 69 running time: 927 seconds
--------------------------
Iteration 70. Team 1610612739 Game 21500063, Distance Threshold 4, Min Length 8, Downsampling 1...
Final # of agent tids in dataset: 85
Final # of plays (distinct tids) in dataset: 17
Successfully completed data preprocessing
Running MA stat dsm...
Finished running MA stat dsm and the output delta was 0.0032394843201916544
Checking significant subtrajectories...
Iteration 70 running time: 1045 seconds
--------------------------
Iteration 71. Team 1610612739 Game 21500063, Distance Threshold 4, Min Length 10, Downsampling 1...
Final # of agent tids in dataset: 85
Final # of plays (distinct tids) in dataset: 17
Successfully completed data preprocessing
Running MA stat dsm...
Finished running MA stat dsm and the output delta was 0.0013040133885281909
Checking significant subtrajectories...
Iteration 71 running time: 1007 seconds
--------------------------
Iteration 72. Team 1610612739 Game 21500078, Distance Threshold 1.5, Min Length 5, Downsampling 1...
Final # of agent tids in dataset: 95
Final # of plays (distinct tids) in dataset: 19
Successfully completed data preprocessing
Running MA stat dsm...
Finished running MA stat dsm and the output delta was 0.01884404018135899
Checking significant subtrajectories...
Iteration 72 running time: 372 seconds
--------------------------
Iteration 73. Team 1610612739 Game 21500078, Distance Threshold 1.5, Min Length 8, Downsampling 1...
Final # of agent tids in dataset: 95
Final # of plays (distinct tids) in dataset: 19
Successfully completed data preprocessing
Running MA stat dsm...
Finished running MA stat dsm and the output delta was 0.011205698726999667
Checking significant subtrajectories...
Iteration 73 running time: 376 seconds
--------------------------
Iteration 74. Team 1610612739 Game 21500078, Distance Threshold 1.5, Min Length 10, Downsampling 1...
Final # of agent tids in dataset: 95
Final # of plays (distinct tids) in dataset: 19
Successfully completed data preprocessing
Running MA stat dsm...
Finished running MA stat dsm and the output delta was 0.011205698726999667
Checking significant subtrajectories...
Iteration 74 running time: 437 seconds
--------------------------
Iteration 75. Team 1610612739 Game 21500078, Distance Threshold 4, Min Length 5, Downsampling 1...
Final # of agent tids in dataset: 95
Final # of plays (distinct tids) in dataset: 19
Successfully completed data preprocessing
Running MA stat dsm...
Finished running MA stat dsm and the output delta was 0.0034938764510233844
Checking significant subtrajectories...
Iteration 75 running time: 1169 seconds
--------------------------
Iteration 76. Team 1610612739 Game 21500078, Distance Threshold 4, Min Length 8, Downsampling 1...
Final # of agent tids in dataset: 95
Final # of plays (distinct tids) in dataset: 19
Successfully completed data preprocessing
Running MA stat dsm...
Finished running MA stat dsm and the output delta was 0.0034938764510233844
Checking significant subtrajectories...
Iteration 76 running time: 1289 seconds
--------------------------
Iteration 77. Team 1610612739 Game 21500078, Distance Threshold 4, Min Length 10, Downsampling 1...
Final # of agent tids in dataset: 95
Final # of plays (distinct tids) in dataset: 19
Successfully completed data preprocessing
Running MA stat dsm...
Finished running MA stat dsm and the output delta was 0.0034938764510233844
Checking significant subtrajectories...
Iteration 77 running time: 1314 seconds
--------------------------
Iteration 78. Team 1610612739 Game 21500094, Distance Threshold 1.5, Min Length 5, Downsampling 1...
Final # of agent tids in dataset: 115
Final # of plays (distinct tids) in dataset: 23
Successfully completed data preprocessing
Running MA stat dsm...
Finished running MA stat dsm and the output delta was 0.006599142355413324
Checking significant subtrajectories...
Iteration 78 running time: 552 seconds
--------------------------
Iteration 79. Team 1610612739 Game 21500094, Distance Threshold 1.5, Min Length 8, Downsampling 1...
Final # of agent tids in dataset: 115
Final # of plays (distinct tids) in dataset: 23
Successfully completed data preprocessing
Running MA stat dsm...
Finished running MA stat dsm and the output delta was 0.015147526376541584
Checking significant subtrajectories...
Iteration 79 running time: 583 seconds
--------------------------
Iteration 80. Team 1610612739 Game 21500094, Distance Threshold 1.5, Min Length 10, Downsampling 1...
Final # of agent tids in dataset: 115
Final # of plays (distinct tids) in dataset: 23
Successfully completed data preprocessing
Running MA stat dsm...
Finished running MA stat dsm and the output delta was 0.015147526376541584
Checking significant subtrajectories...
Iteration 80 running time: 549 seconds
--------------------------
Iteration 81. Team 1610612739 Game 21500094, Distance Threshold 4, Min Length 5, Downsampling 1...
Final # of agent tids in dataset: 115
Final # of plays (distinct tids) in dataset: 23
Successfully completed data preprocessing
Running MA stat dsm...
Finished running MA stat dsm and the output delta was 0.0020807290544529525
Checking significant subtrajectories...
Iteration 81 running time: 2166 seconds
--------------------------
Iteration 82. Team 1610612739 Game 21500094, Distance Threshold 4, Min Length 8, Downsampling 1...
Final # of agent tids in dataset: 115
Final # of plays (distinct tids) in dataset: 23
Successfully completed data preprocessing
Running MA stat dsm...
Finished running MA stat dsm and the output delta was 0.0018394097861358482
Checking significant subtrajectories...
Iteration 82 running time: 2137 seconds
--------------------------
Iteration 83. Team 1610612739 Game 21500094, Distance Threshold 4, Min Length 10, Downsampling 1...
Final # of agent tids in dataset: 115
Final # of plays (distinct tids) in dataset: 23
Successfully completed data preprocessing
Running MA stat dsm...
Finished running MA stat dsm and the output delta was 0.001898598830264224
Checking significant subtrajectories...
Iteration 83 running time: 2213 seconds
--------------------------
Iteration 84. Team 1610612739 Game 21500106, Distance Threshold 1.5, Min Length 5, Downsampling 1...
Final # of agent tids in dataset: 110
Final # of plays (distinct tids) in dataset: 22
Successfully completed data preprocessing
Running MA stat dsm...
Finished running MA stat dsm and the output delta was 0.024273106608956638
Checking significant subtrajectories...
Iteration 84 running time: 502 seconds
--------------------------
Iteration 85. Team 1610612739 Game 21500106, Distance Threshold 1.5, Min Length 8, Downsampling 1...
Final # of agent tids in dataset: 110
Final # of plays (distinct tids) in dataset: 22
Successfully completed data preprocessing
Running MA stat dsm...
Finished running MA stat dsm and the output delta was 0.024273106608956638
Checking significant subtrajectories...
Iteration 85 running time: 464 seconds
--------------------------
Iteration 86. Team 1610612739 Game 21500106, Distance Threshold 1.5, Min Length 10, Downsampling 1...
Final # of agent tids in dataset: 110
Final # of plays (distinct tids) in dataset: 22
Successfully completed data preprocessing
Running MA stat dsm...
Finished running MA stat dsm and the output delta was FAIL
Since the output delta was FAIL significant_subtrajectories.py will not be run.
Iteration 86 running time: 544 seconds
--------------------------
Iteration 87. Team 1610612739 Game 21500106, Distance Threshold 4, Min Length 5, Downsampling 1...
Final # of agent tids in dataset: 110
Final # of plays (distinct tids) in dataset: 22
Successfully completed data preprocessing
Running MA stat dsm...
Finished running MA stat dsm and the output delta was 0.0025812821060750947
Checking significant subtrajectories...
Iteration 87 running time: 1609 seconds
--------------------------
Iteration 88. Team 1610612739 Game 21500106, Distance Threshold 4, Min Length 8, Downsampling 1...
Final # of agent tids in dataset: 110
Final # of plays (distinct tids) in dataset: 22
Successfully completed data preprocessing
Running MA stat dsm...
Finished running MA stat dsm and the output delta was 0.0015657772989014515
Checking significant subtrajectories...
Iteration 88 running time: 1680 seconds
--------------------------
Iteration 89. Team 1610612739 Game 21500106, Distance Threshold 4, Min Length 10, Downsampling 1...
Final # of agent tids in dataset: 110
Final # of plays (distinct tids) in dataset: 22
Successfully completed data preprocessing
Running MA stat dsm...
Finished running MA stat dsm and the output delta was 0.0016076295735433165
Checking significant subtrajectories...
Iteration 89 running time: 1659 seconds
--------------------------
Iteration 90. Team 1610612739 Game 21500130, Distance Threshold 1.5, Min Length 5, Downsampling 1...
Final # of agent tids in dataset: 135
Final # of plays (distinct tids) in dataset: 27
Successfully completed data preprocessing
Running MA stat dsm...
Finished running MA stat dsm and the output delta was 0.015758391649626516
Checking significant subtrajectories...
Iteration 90 running time: 657 seconds
--------------------------
Iteration 91. Team 1610612739 Game 21500130, Distance Threshold 1.5, Min Length 8, Downsampling 1...
Final # of agent tids in dataset: 135
Final # of plays (distinct tids) in dataset: 27
Successfully completed data preprocessing
Running MA stat dsm...
Finished running MA stat dsm and the output delta was 0.036438008598471947
Checking significant subtrajectories...
Iteration 91 running time: 709 seconds
--------------------------
Iteration 92. Team 1610612739 Game 21500130, Distance Threshold 1.5, Min Length 10, Downsampling 1...
Final # of agent tids in dataset: 135
Final # of plays (distinct tids) in dataset: 27
Successfully completed data preprocessing
Running MA stat dsm...
Finished running MA stat dsm and the output delta was 0.02006782936605499
Checking significant subtrajectories...
Iteration 92 running time: 695 seconds
--------------------------
Iteration 93. Team 1610612739 Game 21500130, Distance Threshold 4, Min Length 5, Downsampling 1...
Final # of agent tids in dataset: 135
Final # of plays (distinct tids) in dataset: 27
Successfully completed data preprocessing
Running MA stat dsm...
Finished running MA stat dsm and the output delta was 0.001099422673229757
Checking significant subtrajectories...
Iteration 93 running time: 2479 seconds
--------------------------
Iteration 94. Team 1610612739 Game 21500130, Distance Threshold 4, Min Length 8, Downsampling 1...
Final # of agent tids in dataset: 135
Final # of plays (distinct tids) in dataset: 27
Successfully completed data preprocessing
Running MA stat dsm...
Finished running MA stat dsm and the output delta was 0.0010992028161772426
Checking significant subtrajectories...
Iteration 94 running time: 2574 seconds
--------------------------
Iteration 95. Team 1610612739 Game 21500130, Distance Threshold 4, Min Length 10, Downsampling 1...
Final # of agent tids in dataset: 135
Final # of plays (distinct tids) in dataset: 27
Successfully completed data preprocessing
Running MA stat dsm...
Finished running MA stat dsm and the output delta was 0.0011217709978979464
Checking significant subtrajectories...
Iteration 95 running time: 2688 seconds
--------------------------
Iteration 96. Team 1610612739 Game 21500141, Distance Threshold 1.5, Min Length 5, Downsampling 1...
Final # of agent tids in dataset: 80
Final # of plays (distinct tids) in dataset: 16
Successfully completed data preprocessing
Running MA stat dsm...
Finished running MA stat dsm and the output delta was 0.034655218199522
Checking significant subtrajectories...
Iteration 96 running time: 233 seconds
--------------------------
Iteration 97. Team 1610612739 Game 21500141, Distance Threshold 1.5, Min Length 8, Downsampling 1...
Final # of agent tids in dataset: 80
Final # of plays (distinct tids) in dataset: 16
Successfully completed data preprocessing
Running MA stat dsm...
Finished running MA stat dsm and the output delta was 0.034655218199522
Checking significant subtrajectories...
Iteration 97 running time: 297 seconds
--------------------------
Iteration 98. Team 1610612739 Game 21500141, Distance Threshold 1.5, Min Length 10, Downsampling 1...
Final # of agent tids in dataset: 80
Final # of plays (distinct tids) in dataset: 16
Successfully completed data preprocessing
Running MA stat dsm...
Finished running MA stat dsm and the output delta was 0.011855732541941735
Checking significant subtrajectories...
Iteration 98 running time: 301 seconds
--------------------------
Iteration 99. Team 1610612739 Game 21500141, Distance Threshold 4, Min Length 5, Downsampling 1...
Final # of agent tids in dataset: 80
Final # of plays (distinct tids) in dataset: 16
Successfully completed data preprocessing
Running MA stat dsm...
Finished running MA stat dsm and the output delta was 0.003642627403518432
Checking significant subtrajectories...
Iteration 99 running time: 748 seconds
--------------------------
Iteration 100. Team 1610612739 Game 21500141, Distance Threshold 4, Min Length 8, Downsampling 1...
Final # of agent tids in dataset: 80
Final # of plays (distinct tids) in dataset: 16
Successfully completed data preprocessing
Running MA stat dsm...
Finished running MA stat dsm and the output delta was 0.003642627403518432
Checking significant subtrajectories...
Iteration 100 running time: 787 seconds
--------------------------
Iteration 101. Team 1610612739 Game 21500141, Distance Threshold 4, Min Length 10, Downsampling 1...
Final # of agent tids in dataset: 80
Final # of plays (distinct tids) in dataset: 16
Successfully completed data preprocessing
Running MA stat dsm...
Finished running MA stat dsm and the output delta was 0.003642627403518432
Checking significant subtrajectories...
Iteration 101 running time: 795 seconds
--------------------------
Iteration 102. Team 1610612739 Game 21500160, Distance Threshold 1.5, Min Length 5, Downsampling 1...
Final # of agent tids in dataset: 130
Final # of plays (distinct tids) in dataset: 26
Successfully completed data preprocessing
Running MA stat dsm...
Finished running MA stat dsm and the output delta was 0.02843688288337461
Checking significant subtrajectories...
Iteration 102 running time: 752 seconds
--------------------------
Iteration 103. Team 1610612739 Game 21500160, Distance Threshold 1.5, Min Length 8, Downsampling 1...
Final # of agent tids in dataset: 130
Final # of plays (distinct tids) in dataset: 26
Successfully completed data preprocessing
Running MA stat dsm...
Finished running MA stat dsm and the output delta was 0.022695988957869388
Checking significant subtrajectories...
Iteration 103 running time: 691 seconds
--------------------------
Iteration 104. Team 1610612739 Game 21500160, Distance Threshold 1.5, Min Length 10, Downsampling 1...
Final # of agent tids in dataset: 130
Final # of plays (distinct tids) in dataset: 26
Successfully completed data preprocessing
Running MA stat dsm...
Finished running MA stat dsm and the output delta was FAIL
Since the output delta was FAIL significant_subtrajectories.py will not be run.
Iteration 104 running time: 787 seconds
--------------------------
Iteration 105. Team 1610612739 Game 21500160, Distance Threshold 4, Min Length 5, Downsampling 1...
Final # of agent tids in dataset: 130
Final # of plays (distinct tids) in dataset: 26
Successfully completed data preprocessing
Running MA stat dsm...
Finished running MA stat dsm and the output delta was 0.001761871463649417
Checking significant subtrajectories...
Iteration 105 running time: 2441 seconds
--------------------------
Iteration 106. Team 1610612739 Game 21500160, Distance Threshold 4, Min Length 8, Downsampling 1...
Final # of agent tids in dataset: 130
Final # of plays (distinct tids) in dataset: 26
Successfully completed data preprocessing
Running MA stat dsm...
Finished running MA stat dsm and the output delta was 0.001761871463649417
Checking significant subtrajectories...
Iteration 106 running time: 2501 seconds
--------------------------
Iteration 107. Team 1610612739 Game 21500160, Distance Threshold 4, Min Length 10, Downsampling 1...
Final # of agent tids in dataset: 130
Final # of plays (distinct tids) in dataset: 26
Successfully completed data preprocessing
Running MA stat dsm...
Finished running MA stat dsm and the output delta was 0.001761871463649417
Checking significant subtrajectories...
Iteration 107 running time: 2450 seconds
--------------------------
Iteration 108. Team 1610612739 Game 21500176, Distance Threshold 1.5, Min Length 5, Downsampling 1...
Final # of agent tids in dataset: 80
Final # of plays (distinct tids) in dataset: 16
Successfully completed data preprocessing
Running MA stat dsm...
Finished running MA stat dsm and the output delta was 0.034655218199522
Checking significant subtrajectories...
Iteration 108 running time: 264 seconds
--------------------------
Iteration 109. Team 1610612739 Game 21500176, Distance Threshold 1.5, Min Length 8, Downsampling 1...
Final # of agent tids in dataset: 80
Final # of plays (distinct tids) in dataset: 16
Successfully completed data preprocessing
Running MA stat dsm...
Finished running MA stat dsm and the output delta was 0.034655218199522
Checking significant subtrajectories...
Iteration 109 running time: 245 seconds
--------------------------
Iteration 110. Team 1610612739 Game 21500176, Distance Threshold 1.5, Min Length 10, Downsampling 1...
Final # of agent tids in dataset: 80
Final # of plays (distinct tids) in dataset: 16
Successfully completed data preprocessing
Running MA stat dsm...
Finished running MA stat dsm and the output delta was 0.011855732541941735
Checking significant subtrajectories...
Iteration 110 running time: 288 seconds
--------------------------
Iteration 111. Team 1610612739 Game 21500176, Distance Threshold 4, Min Length 5, Downsampling 1...
Final # of agent tids in dataset: 80
Final # of plays (distinct tids) in dataset: 16
Successfully completed data preprocessing
Running MA stat dsm...
Finished running MA stat dsm and the output delta was 0.003642627403518432
Checking significant subtrajectories...
Iteration 111 running time: 783 seconds
--------------------------
Iteration 112. Team 1610612739 Game 21500176, Distance Threshold 4, Min Length 8, Downsampling 1...
Final # of agent tids in dataset: 80
Final # of plays (distinct tids) in dataset: 16
Successfully completed data preprocessing
Running MA stat dsm...
Finished running MA stat dsm and the output delta was 0.003642627403518432
Checking significant subtrajectories...
Iteration 112 running time: 794 seconds
--------------------------
Iteration 113. Team 1610612739 Game 21500176, Distance Threshold 4, Min Length 10, Downsampling 1...
Final # of agent tids in dataset: 80
Final # of plays (distinct tids) in dataset: 16
Successfully completed data preprocessing
Running MA stat dsm...
Finished running MA stat dsm and the output delta was 0.003642627403518432
Checking significant subtrajectories...
Iteration 113 running time: 790 seconds
--------------------------
Iteration 114. Team 1610612739 Game 21500191, Distance Threshold 1.5, Min Length 5, Downsampling 1...
Final # of agent tids in dataset: 115
Final # of plays (distinct tids) in dataset: 23
Successfully completed data preprocessing
Running MA stat dsm...
Finished running MA stat dsm and the output delta was 0.020605872907365385
Checking significant subtrajectories...
Iteration 114 running time: 564 seconds
--------------------------
Iteration 115. Team 1610612739 Game 21500191, Distance Threshold 1.5, Min Length 8, Downsampling 1...
Final # of agent tids in dataset: 115
Final # of plays (distinct tids) in dataset: 23
Successfully completed data preprocessing
Running MA stat dsm...
Finished running MA stat dsm and the output delta was 0.020605872907365385
Checking significant subtrajectories...
Iteration 115 running time: 591 seconds
--------------------------
Iteration 116. Team 1610612739 Game 21500191, Distance Threshold 1.5, Min Length 10, Downsampling 1...
Final # of agent tids in dataset: 115
Final # of plays (distinct tids) in dataset: 23
Successfully completed data preprocessing
Running MA stat dsm...
Finished running MA stat dsm and the output delta was FAIL
Since the output delta was FAIL significant_subtrajectories.py will not be run.
Iteration 116 running time: 609 seconds
--------------------------
Iteration 117. Team 1610612739 Game 21500191, Distance Threshold 4, Min Length 5, Downsampling 1...
Final # of agent tids in dataset: 115
Final # of plays (distinct tids) in dataset: 23
Successfully completed data preprocessing
Running MA stat dsm...
Finished running MA stat dsm and the output delta was 0.002008516670546603
Checking significant subtrajectories...
Iteration 117 running time: 1765 seconds
--------------------------
Iteration 118. Team 1610612739 Game 21500191, Distance Threshold 4, Min Length 8, Downsampling 1...
Final # of agent tids in dataset: 115
Final # of plays (distinct tids) in dataset: 23
Successfully completed data preprocessing
Running MA stat dsm...
Finished running MA stat dsm and the output delta was 0.002008516670546603
Checking significant subtrajectories...
Iteration 118 running time: 1802 seconds
--------------------------
Iteration 119. Team 1610612739 Game 21500191, Distance Threshold 4, Min Length 10, Downsampling 1...
Final # of agent tids in dataset: 115
Final # of plays (distinct tids) in dataset: 23
Successfully completed data preprocessing
Running MA stat dsm...
Finished running MA stat dsm and the output delta was 0.0018083902676331602
Checking significant subtrajectories...
Iteration 119 running time: 1898 seconds
--------------------------
Iteration 120. Team 1610612739 Game 21500203, Distance Threshold 1.5, Min Length 5, Downsampling 1...
Final # of agent tids in dataset: 155
Final # of plays (distinct tids) in dataset: 31
Successfully completed data preprocessing
Running MA stat dsm...
Finished running MA stat dsm and the output delta was 0.013418721990100215
Checking significant subtrajectories...
Iteration 120 running time: 894 seconds
--------------------------
Iteration 121. Team 1610612739 Game 21500203, Distance Threshold 1.5, Min Length 8, Downsampling 1...
Final # of agent tids in dataset: 155
Final # of plays (distinct tids) in dataset: 31
Successfully completed data preprocessing
Running MA stat dsm...
Finished running MA stat dsm and the output delta was 0.023649448372143306
Checking significant subtrajectories...
Iteration 121 running time: 840 seconds
--------------------------
Iteration 122. Team 1610612739 Game 21500203, Distance Threshold 1.5, Min Length 10, Downsampling 1...
Final # of agent tids in dataset: 155
Final # of plays (distinct tids) in dataset: 31
Successfully completed data preprocessing
Running MA stat dsm...
Finished running MA stat dsm and the output delta was 0.023649448372143306
Checking significant subtrajectories...
Iteration 122 running time: 1016 seconds
--------------------------
Iteration 123. Team 1610612739 Game 21500203, Distance Threshold 4, Min Length 5, Downsampling 1...
Final # of agent tids in dataset: 155
Final # of plays (distinct tids) in dataset: 31
Successfully completed data preprocessing
Running MA stat dsm...
Finished running MA stat dsm and the output delta was 0.0012211045310271617
Checking significant subtrajectories...
Iteration 123 running time: 3699 seconds
--------------------------
Iteration 124. Team 1610612739 Game 21500203, Distance Threshold 4, Min Length 8, Downsampling 1...
Final # of agent tids in dataset: 155
Final # of plays (distinct tids) in dataset: 31
Successfully completed data preprocessing
Running MA stat dsm...
Finished running MA stat dsm and the output delta was 0.0012211045310271617
Checking significant subtrajectories...
Iteration 124 running time: 3799 seconds
--------------------------
Iteration 125. Team 1610612739 Game 21500203, Distance Threshold 4, Min Length 10, Downsampling 1...
Final # of agent tids in dataset: 155
Final # of plays (distinct tids) in dataset: 31
Successfully completed data preprocessing
Running MA stat dsm...
Finished running MA stat dsm and the output delta was 0.001151885718834609
Checking significant subtrajectories...
Iteration 125 running time: 3764 seconds
--------------------------
Iteration 126. Team 1610612739 Game 21500219, Distance Threshold 1.5, Min Length 5, Downsampling 1...
Final # of agent tids in dataset: 130
Final # of plays (distinct tids) in dataset: 26
Successfully completed data preprocessing
Running MA stat dsm...
Finished running MA stat dsm and the output delta was 0.01694325720476889
Checking significant subtrajectories...
Iteration 126 running time: 619 seconds
--------------------------
Iteration 127. Team 1610612739 Game 21500219, Distance Threshold 1.5, Min Length 8, Downsampling 1...
Final # of agent tids in dataset: 130
Final # of plays (distinct tids) in dataset: 26
Successfully completed data preprocessing
Running MA stat dsm...
Finished running MA stat dsm and the output delta was 0.01318073612891412
Checking significant subtrajectories...
Iteration 127 running time: 678 seconds
--------------------------
Iteration 128. Team 1610612739 Game 21500219, Distance Threshold 1.5, Min Length 10, Downsampling 1...
Final # of agent tids in dataset: 130
Final # of plays (distinct tids) in dataset: 26
Successfully completed data preprocessing
Running MA stat dsm...
Finished running MA stat dsm and the output delta was FAIL
Since the output delta was FAIL significant_subtrajectories.py will not be run.
Iteration 128 running time: 771 seconds
--------------------------
Iteration 129. Team 1610612739 Game 21500219, Distance Threshold 4, Min Length 5, Downsampling 1...
Final # of agent tids in dataset: 130
Final # of plays (distinct tids) in dataset: 26
Successfully completed data preprocessing
Running MA stat dsm...
Finished running MA stat dsm and the output delta was 0.0011666428024822448
Checking significant subtrajectories...
Iteration 129 running time: 2206 seconds
--------------------------
Iteration 130. Team 1610612739 Game 21500219, Distance Threshold 4, Min Length 8, Downsampling 1...
Final # of agent tids in dataset: 130
Final # of plays (distinct tids) in dataset: 26
Successfully completed data preprocessing
Running MA stat dsm...
Finished running MA stat dsm and the output delta was 0.0011666428024822448
Checking significant subtrajectories...
Iteration 130 running time: 2465 seconds
--------------------------
Iteration 131. Team 1610612739 Game 21500219, Distance Threshold 4, Min Length 10, Downsampling 1...
Final # of agent tids in dataset: 130
Final # of plays (distinct tids) in dataset: 26
Successfully completed data preprocessing
Running MA stat dsm...
Finished running MA stat dsm and the output delta was 0.0013439410813980987
Checking significant subtrajectories...
Iteration 131 running time: 2369 seconds
--------------------------
Iteration 132. Team 1610612739 Game 21500227, Distance Threshold 1.5, Min Length 5, Downsampling 1...
Final # of agent tids in dataset: 175
Final # of plays (distinct tids) in dataset: 35
Successfully completed data preprocessing
Running MA stat dsm...
Finished running MA stat dsm and the output delta was 0.010534158906144663
Checking significant subtrajectories...
Iteration 132 running time: 1083 seconds
--------------------------
Iteration 133. Team 1610612739 Game 21500227, Distance Threshold 1.5, Min Length 8, Downsampling 1...
Final # of agent tids in dataset: 175
Final # of plays (distinct tids) in dataset: 35
Successfully completed data preprocessing
Running MA stat dsm...
Finished running MA stat dsm and the output delta was 0.011008492358610861
Checking significant subtrajectories...
Iteration 133 running time: 1137 seconds
--------------------------
Iteration 134. Team 1610612739 Game 21500227, Distance Threshold 1.5, Min Length 10, Downsampling 1...
Final # of agent tids in dataset: 175
Final # of plays (distinct tids) in dataset: 35
Successfully completed data preprocessing
Running MA stat dsm...
Finished running MA stat dsm and the output delta was 0.011008492358610861
Checking significant subtrajectories...
Iteration 134 running time: 1152 seconds
--------------------------
Iteration 135. Team 1610612739 Game 21500227, Distance Threshold 4, Min Length 5, Downsampling 1...
Final # of agent tids in dataset: 175
Final # of plays (distinct tids) in dataset: 35
Successfully completed data preprocessing
Running MA stat dsm...
Finished running MA stat dsm and the output delta was 0.0008989826049916696
Checking significant subtrajectories...
Iteration 135 running time: 4778 seconds
--------------------------
Iteration 136. Team 1610612739 Game 21500227, Distance Threshold 4, Min Length 8, Downsampling 1...
Final # of agent tids in dataset: 175
Final # of plays (distinct tids) in dataset: 35
Successfully completed data preprocessing
Running MA stat dsm...
Finished running MA stat dsm and the output delta was 0.0008989826049916696
Checking significant subtrajectories...
Iteration 136 running time: 4883 seconds
--------------------------
Iteration 137. Team 1610612739 Game 21500227, Distance Threshold 4, Min Length 10, Downsampling 1...
Final # of agent tids in dataset: 175
Final # of plays (distinct tids) in dataset: 35
Successfully completed data preprocessing
Running MA stat dsm...
Finished running MA stat dsm and the output delta was 0.0008810827117661654
Checking significant subtrajectories...
Iteration 137 running time: 4882 seconds
--------------------------
Iteration 138. Team 1610612739 Game 21500262, Distance Threshold 1.5, Min Length 5, Downsampling 1...
Final # of agent tids in dataset: 65
Final # of plays (distinct tids) in dataset: 13
Successfully completed data preprocessing
Running MA stat dsm...
Finished running MA stat dsm and the output delta was 0.03736854543306156
Checking significant subtrajectories...
Iteration 138 running time: 188 seconds
--------------------------
Iteration 139. Team 1610612739 Game 21500262, Distance Threshold 1.5, Min Length 8, Downsampling 1...
Final # of agent tids in dataset: 65
Final # of plays (distinct tids) in dataset: 13
Successfully completed data preprocessing
Running MA stat dsm...
Finished running MA stat dsm and the output delta was 0.03736854543306156
Checking significant subtrajectories...
Iteration 139 running time: 171 seconds
--------------------------
Iteration 140. Team 1610612739 Game 21500262, Distance Threshold 1.5, Min Length 10, Downsampling 1...
Final # of agent tids in dataset: 65
Final # of plays (distinct tids) in dataset: 13
Successfully completed data preprocessing
Running MA stat dsm...
Finished running MA stat dsm and the output delta was 0.03736854543306156
Checking significant subtrajectories...
Iteration 140 running time: 218 seconds
--------------------------
Iteration 141. Team 1610612739 Game 21500262, Distance Threshold 4, Min Length 5, Downsampling 1...
Final # of agent tids in dataset: 65
Final # of plays (distinct tids) in dataset: 13
Successfully completed data preprocessing
Running MA stat dsm...
Finished running MA stat dsm and the output delta was 0.00516563851206616
Checking significant subtrajectories...
Iteration 141 running time: 460 seconds
--------------------------
Iteration 142. Team 1610612739 Game 21500262, Distance Threshold 4, Min Length 8, Downsampling 1...
Final # of agent tids in dataset: 65
Final # of plays (distinct tids) in dataset: 13
Successfully completed data preprocessing
Running MA stat dsm...
Finished running MA stat dsm and the output delta was 0.00516563851206616
Checking significant subtrajectories...
Iteration 142 running time: 482 seconds
--------------------------
Iteration 143. Team 1610612739 Game 21500262, Distance Threshold 4, Min Length 10, Downsampling 1...
Final # of agent tids in dataset: 65
Final # of plays (distinct tids) in dataset: 13
Successfully completed data preprocessing
Running MA stat dsm...
Finished running MA stat dsm and the output delta was 0.00516563851206616
Checking significant subtrajectories...
Iteration 143 running time: 514 seconds
--------------------------
Iteration 144. Team 1610612739 Game 21500288, Distance Threshold 1.5, Min Length 5, Downsampling 1...
Final # of agent tids in dataset: 125
Final # of plays (distinct tids) in dataset: 25
Successfully completed data preprocessing
Running MA stat dsm...
Finished running MA stat dsm and the output delta was 0.010044657258585247
Checking significant subtrajectories...
Iteration 144 running time: 646 seconds
--------------------------
Iteration 145. Team 1610612739 Game 21500288, Distance Threshold 1.5, Min Length 8, Downsampling 1...
Final # of agent tids in dataset: 125
Final # of plays (distinct tids) in dataset: 25
Successfully completed data preprocessing
Running MA stat dsm...
Finished running MA stat dsm and the output delta was 0.01080548425790974
Checking significant subtrajectories...
Iteration 145 running time: 691 seconds
--------------------------
Iteration 146. Team 1610612739 Game 21500288, Distance Threshold 1.5, Min Length 10, Downsampling 1...
Final # of agent tids in dataset: 125
Final # of plays (distinct tids) in dataset: 25
Successfully completed data preprocessing
Running MA stat dsm...
Finished running MA stat dsm and the output delta was 0.01080548425790974
Checking significant subtrajectories...
Iteration 146 running time: 679 seconds
--------------------------
Iteration 147. Team 1610612739 Game 21500288, Distance Threshold 4, Min Length 5, Downsampling 1...
Final # of agent tids in dataset: 125
Final # of plays (distinct tids) in dataset: 25
Successfully completed data preprocessing
Running MA stat dsm...
Finished running MA stat dsm and the output delta was 0.0021272448065962576
Checking significant subtrajectories...
Iteration 147 running time: 2189 seconds
--------------------------
Iteration 148. Team 1610612739 Game 21500288, Distance Threshold 4, Min Length 8, Downsampling 1...
Final # of agent tids in dataset: 125
Final # of plays (distinct tids) in dataset: 25
Successfully completed data preprocessing
Running MA stat dsm...
Finished running MA stat dsm and the output delta was 0.0020383063526876076
Checking significant subtrajectories...
Iteration 148 running time: 2303 seconds
--------------------------
Iteration 149. Team 1610612739 Game 21500288, Distance Threshold 4, Min Length 10, Downsampling 1...
Final # of agent tids in dataset: 125
Final # of plays (distinct tids) in dataset: 25
Successfully completed data preprocessing
Running MA stat dsm...
Finished running MA stat dsm and the output delta was 0.0021272448065962576
Checking significant subtrajectories...
Iteration 149 running time: 2364 seconds
--------------------------
Iteration 150. Team 1610612739 Game 21500313, Distance Threshold 1.5, Min Length 5, Downsampling 1...
Final # of agent tids in dataset: 115
Final # of plays (distinct tids) in dataset: 23
Successfully completed data preprocessing
Running MA stat dsm...
Finished running MA stat dsm and the output delta was 0.020605872907365385
Checking significant subtrajectories...
Iteration 150 running time: 548 seconds
--------------------------
Iteration 151. Team 1610612739 Game 21500313, Distance Threshold 1.5, Min Length 8, Downsampling 1...
Final # of agent tids in dataset: 115
Final # of plays (distinct tids) in dataset: 23
Successfully completed data preprocessing
Running MA stat dsm...
Finished running MA stat dsm and the output delta was 0.020605872907365385
Checking significant subtrajectories...
Iteration 151 running time: 585 seconds
--------------------------
Iteration 152. Team 1610612739 Game 21500313, Distance Threshold 1.5, Min Length 10, Downsampling 1...
Final # of agent tids in dataset: 115
Final # of plays (distinct tids) in dataset: 23
Successfully completed data preprocessing
Running MA stat dsm...
Finished running MA stat dsm and the output delta was FAIL
Since the output delta was FAIL significant_subtrajectories.py will not be run.
Iteration 152 running time: 505 seconds
--------------------------
Iteration 153. Team 1610612739 Game 21500313, Distance Threshold 4, Min Length 5, Downsampling 1...
Final # of agent tids in dataset: 115
Final # of plays (distinct tids) in dataset: 23
Successfully completed data preprocessing
Running MA stat dsm...
Finished running MA stat dsm and the output delta was 0.0020085166705466027
Checking significant subtrajectories...
Iteration 153 running time: 1767 seconds
--------------------------
Iteration 154. Team 1610612739 Game 21500313, Distance Threshold 4, Min Length 8, Downsampling 1...
Final # of agent tids in dataset: 115
Final # of plays (distinct tids) in dataset: 23
Successfully completed data preprocessing
Running MA stat dsm...
Finished running MA stat dsm and the output delta was 0.0020085166705466027
Checking significant subtrajectories...
Iteration 154 running time: 1901 seconds
--------------------------
Iteration 155. Team 1610612739 Game 21500313, Distance Threshold 4, Min Length 10, Downsampling 1...
Final # of agent tids in dataset: 115
Final # of plays (distinct tids) in dataset: 23
Successfully completed data preprocessing
Running MA stat dsm...
Finished running MA stat dsm and the output delta was 0.0018083902676331602
Checking significant subtrajectories...
Iteration 155 running time: 1864 seconds
--------------------------
Iteration 156. Team 1610612739 Game 21500334, Distance Threshold 1.5, Min Length 5, Downsampling 1...
Final # of agent tids in dataset: 105
Final # of plays (distinct tids) in dataset: 21
Successfully completed data preprocessing
Running MA stat dsm...
Finished running MA stat dsm and the output delta was 0.021076984095570364
Checking significant subtrajectories...
Iteration 156 running time: 455 seconds
--------------------------
Iteration 157. Team 1610612739 Game 21500334, Distance Threshold 1.5, Min Length 8, Downsampling 1...
Final # of agent tids in dataset: 105
Final # of plays (distinct tids) in dataset: 21
Successfully completed data preprocessing
Running MA stat dsm...
Finished running MA stat dsm and the output delta was 0.02530552664281057
Checking significant subtrajectories...
Iteration 157 running time: 513 seconds
--------------------------
Iteration 158. Team 1610612739 Game 21500334, Distance Threshold 1.5, Min Length 10, Downsampling 1...
Final # of agent tids in dataset: 105
Final # of plays (distinct tids) in dataset: 21
Successfully completed data preprocessing
Running MA stat dsm...
Finished running MA stat dsm and the output delta was 0.02530552664281057
Checking significant subtrajectories...
Iteration 158 running time: 507 seconds
--------------------------
Iteration 159. Team 1610612739 Game 21500334, Distance Threshold 4, Min Length 5, Downsampling 1...
Final # of agent tids in dataset: 105
Final # of plays (distinct tids) in dataset: 21
Successfully completed data preprocessing
Running MA stat dsm...
Finished running MA stat dsm and the output delta was 0.0017981756125524159
Checking significant subtrajectories...
Iteration 159 running time: 1481 seconds
--------------------------
Iteration 160. Team 1610612739 Game 21500334, Distance Threshold 4, Min Length 8, Downsampling 1...
Final # of agent tids in dataset: 105
Final # of plays (distinct tids) in dataset: 21
Successfully completed data preprocessing
Running MA stat dsm...
Finished running MA stat dsm and the output delta was 0.0016246605547464983
Checking significant subtrajectories...
Iteration 160 running time: 1557 seconds
--------------------------
Iteration 161. Team 1610612739 Game 21500334, Distance Threshold 4, Min Length 10, Downsampling 1...
Final # of agent tids in dataset: 105
Final # of plays (distinct tids) in dataset: 21
Successfully completed data preprocessing
Running MA stat dsm...
Finished running MA stat dsm and the output delta was 0.0017981756125524159
Checking significant subtrajectories...
Iteration 161 running time: 1521 seconds
--------------------------
Iteration 162. Team 1610612739 Game 21500367, Distance Threshold 1.5, Min Length 5, Downsampling 1...
Final # of agent tids in dataset: 135
Final # of plays (distinct tids) in dataset: 27
Successfully completed data preprocessing
Running MA stat dsm...
Finished running MA stat dsm and the output delta was 0.015234010850038972
Checking significant subtrajectories...
Iteration 162 running time: 682 seconds
--------------------------
Iteration 163. Team 1610612739 Game 21500367, Distance Threshold 1.5, Min Length 8, Downsampling 1...
Final # of agent tids in dataset: 135
Final # of plays (distinct tids) in dataset: 27
Successfully completed data preprocessing
Running MA stat dsm...
Finished running MA stat dsm and the output delta was 0.028675785129485123
Checking significant subtrajectories...
Iteration 163 running time: 661 seconds
--------------------------
Iteration 164. Team 1610612739 Game 21500367, Distance Threshold 1.5, Min Length 10, Downsampling 1...
Final # of agent tids in dataset: 135
Final # of plays (distinct tids) in dataset: 27
Successfully completed data preprocessing
Running MA stat dsm...
Finished running MA stat dsm and the output delta was FAIL
Since the output delta was FAIL significant_subtrajectories.py will not be run.
Iteration 164 running time: 675 seconds
--------------------------
Iteration 165. Team 1610612739 Game 21500367, Distance Threshold 4, Min Length 5, Downsampling 1...
Final # of agent tids in dataset: 135
Final # of plays (distinct tids) in dataset: 27
Successfully completed data preprocessing
Running MA stat dsm...
Finished running MA stat dsm and the output delta was 0.00112984889498534
Checking significant subtrajectories...
Iteration 165 running time: 2458 seconds
--------------------------
Iteration 166. Team 1610612739 Game 21500367, Distance Threshold 4, Min Length 8, Downsampling 1...
Final # of agent tids in dataset: 135
Final # of plays (distinct tids) in dataset: 27
Successfully completed data preprocessing
Running MA stat dsm...
Finished running MA stat dsm and the output delta was 0.00112984889498534
Checking significant subtrajectories...
Iteration 166 running time: 2634 seconds
--------------------------
Iteration 167. Team 1610612739 Game 21500367, Distance Threshold 4, Min Length 10, Downsampling 1...
Final # of agent tids in dataset: 135
Final # of plays (distinct tids) in dataset: 27
Successfully completed data preprocessing
Running MA stat dsm...
Finished running MA stat dsm and the output delta was 0.0016479783453297624
Checking significant subtrajectories...
Iteration 167 running time: 2646 seconds
--------------------------
Iteration 168. Team 1610612739 Game 21500384, Distance Threshold 1.5, Min Length 5, Downsampling 1...
Final # of agent tids in dataset: 90
Final # of plays (distinct tids) in dataset: 18
Successfully completed data preprocessing
Running MA stat dsm...
Finished running MA stat dsm and the output delta was 0.029373338047003487
Checking significant subtrajectories...
Iteration 168 running time: 307 seconds
--------------------------
Iteration 169. Team 1610612739 Game 21500384, Distance Threshold 1.5, Min Length 8, Downsampling 1...
Final # of agent tids in dataset: 90
Final # of plays (distinct tids) in dataset: 18
Successfully completed data preprocessing
Running MA stat dsm...
Finished running MA stat dsm and the output delta was 0.021450459652706845
Checking significant subtrajectories...
Iteration 169 running time: 359 seconds
--------------------------
Iteration 170. Team 1610612739 Game 21500384, Distance Threshold 1.5, Min Length 10, Downsampling 1...
Final # of agent tids in dataset: 90
Final # of plays (distinct tids) in dataset: 18
Successfully completed data preprocessing
Running MA stat dsm...
Finished running MA stat dsm and the output delta was 0.021450459652706845
Checking significant subtrajectories...
Iteration 170 running time: 383 seconds
--------------------------
Iteration 171. Team 1610612739 Game 21500384, Distance Threshold 4, Min Length 5, Downsampling 1...
Final # of agent tids in dataset: 90
Final # of plays (distinct tids) in dataset: 18
Successfully completed data preprocessing
Running MA stat dsm...
Finished running MA stat dsm and the output delta was 0.003690999593571548
Checking significant subtrajectories...
Iteration 171 running time: 1077 seconds
--------------------------
Iteration 172. Team 1610612739 Game 21500384, Distance Threshold 4, Min Length 8, Downsampling 1...
Final # of agent tids in dataset: 90
Final # of plays (distinct tids) in dataset: 18
Successfully completed data preprocessing
Running MA stat dsm...
Finished running MA stat dsm and the output delta was 0.003302588246338099
Checking significant subtrajectories...
Iteration 172 running time: 1140 seconds
--------------------------
Iteration 173. Team 1610612739 Game 21500384, Distance Threshold 4, Min Length 10, Downsampling 1...
Final # of agent tids in dataset: 90
Final # of plays (distinct tids) in dataset: 18
Successfully completed data preprocessing
Running MA stat dsm...
Finished running MA stat dsm and the output delta was 0.003690999593571548
Checking significant subtrajectories...
Iteration 173 running time: 1147 seconds
--------------------------
Iteration 174. Team 1610612739 Game 21500405, Distance Threshold 1.5, Min Length 5, Downsampling 1...
Final # of agent tids in dataset: 100
Final # of plays (distinct tids) in dataset: 20
Successfully completed data preprocessing
Running MA stat dsm...
Finished running MA stat dsm and the output delta was 0.027499057417191698
Checking significant subtrajectories...
Iteration 174 running time: 423 seconds
--------------------------
Iteration 175. Team 1610612739 Game 21500405, Distance Threshold 1.5, Min Length 8, Downsampling 1...
Final # of agent tids in dataset: 100
Final # of plays (distinct tids) in dataset: 20
Successfully completed data preprocessing
Running MA stat dsm...
Finished running MA stat dsm and the output delta was 0.01747986917353633
Checking significant subtrajectories...
Iteration 175 running time: 474 seconds
--------------------------
Iteration 176. Team 1610612739 Game 21500405, Distance Threshold 1.5, Min Length 10, Downsampling 1...
Final # of agent tids in dataset: 100
Final # of plays (distinct tids) in dataset: 20
Successfully completed data preprocessing
Running MA stat dsm...
Finished running MA stat dsm and the output delta was 0.01747986917353633
Checking significant subtrajectories...
Iteration 176 running time: 421 seconds
--------------------------
Iteration 177. Team 1610612739 Game 21500405, Distance Threshold 4, Min Length 5, Downsampling 1...
Final # of agent tids in dataset: 100
Final # of plays (distinct tids) in dataset: 20
Successfully completed data preprocessing
Running MA stat dsm...
Finished running MA stat dsm and the output delta was 0.0019934933423828485
Checking significant subtrajectories...
Iteration 177 running time: 1313 seconds
--------------------------
Iteration 178. Team 1610612739 Game 21500405, Distance Threshold 4, Min Length 8, Downsampling 1...
Final # of agent tids in dataset: 100
Final # of plays (distinct tids) in dataset: 20
Successfully completed data preprocessing
Running MA stat dsm...
Finished running MA stat dsm and the output delta was 0.0020261304849190052
Checking significant subtrajectories...
Iteration 178 running time: 1406 seconds
--------------------------
Iteration 179. Team 1610612739 Game 21500405, Distance Threshold 4, Min Length 10, Downsampling 1...
Final # of agent tids in dataset: 100
Final # of plays (distinct tids) in dataset: 20
Successfully completed data preprocessing
Running MA stat dsm...
Finished running MA stat dsm and the output delta was 0.0019934933423828485
Checking significant subtrajectories...
Iteration 179 running time: 1439 seconds
--------------------------
Iteration 180. Team 1610612739 Game 21500424, Distance Threshold 1.5, Min Length 5, Downsampling 1...
Final # of agent tids in dataset: 95
Final # of plays (distinct tids) in dataset: 19
Successfully completed data preprocessing
Running MA stat dsm...
Finished running MA stat dsm and the output delta was 0.040880545486171954
Checking significant subtrajectories...
Iteration 180 running time: 354 seconds
--------------------------
Iteration 181. Team 1610612739 Game 21500424, Distance Threshold 1.5, Min Length 8, Downsampling 1...
Final # of agent tids in dataset: 95
Final # of plays (distinct tids) in dataset: 19
Successfully completed data preprocessing
Running MA stat dsm...
Finished running MA stat dsm and the output delta was 0.036567846415045055
Checking significant subtrajectories...
Iteration 181 running time: 402 seconds
--------------------------
Iteration 182. Team 1610612739 Game 21500424, Distance Threshold 1.5, Min Length 10, Downsampling 1...
Final # of agent tids in dataset: 95
Final # of plays (distinct tids) in dataset: 19
Successfully completed data preprocessing
Running MA stat dsm...
Finished running MA stat dsm and the output delta was 0.04217287042251037
Checking significant subtrajectories...
Iteration 182 running time: 387 seconds
--------------------------
Iteration 183. Team 1610612739 Game 21500424, Distance Threshold 4, Min Length 5, Downsampling 1...
Final # of agent tids in dataset: 95
Final # of plays (distinct tids) in dataset: 19
Successfully completed data preprocessing
Running MA stat dsm...
Finished running MA stat dsm and the output delta was 0.002033121255543962
Checking significant subtrajectories...
Iteration 183 running time: 1079 seconds
--------------------------
Iteration 184. Team 1610612739 Game 21500424, Distance Threshold 4, Min Length 8, Downsampling 1...
Final # of agent tids in dataset: 95
Final # of plays (distinct tids) in dataset: 19
Successfully completed data preprocessing
Running MA stat dsm...
Finished running MA stat dsm and the output delta was 0.0033342612227701828
Checking significant subtrajectories...
Iteration 184 running time: 1111 seconds
--------------------------
Iteration 185. Team 1610612739 Game 21500424, Distance Threshold 4, Min Length 10, Downsampling 1...
Final # of agent tids in dataset: 95
Final # of plays (distinct tids) in dataset: 19
Successfully completed data preprocessing
Running MA stat dsm...
Finished running MA stat dsm and the output delta was 0.0033342612227701828
Checking significant subtrajectories...
Iteration 185 running time: 1167 seconds
--------------------------
Iteration 186. Team 1610612739 Game 21500438, Distance Threshold 1.5, Min Length 5, Downsampling 1...
Final # of agent tids in dataset: 140
Final # of plays (distinct tids) in dataset: 28
Successfully completed data preprocessing
Running MA stat dsm...
Finished running MA stat dsm and the output delta was 0.01090948719704323
Checking significant subtrajectories...
Iteration 186 running time: 680 seconds
--------------------------
Iteration 187. Team 1610612739 Game 21500438, Distance Threshold 1.5, Min Length 8, Downsampling 1...
Final # of agent tids in dataset: 140
Final # of plays (distinct tids) in dataset: 28
Successfully completed data preprocessing
Running MA stat dsm...
Finished running MA stat dsm and the output delta was 0.029701045787185482
Checking significant subtrajectories...
Iteration 187 running time: 698 seconds
--------------------------
Iteration 188. Team 1610612739 Game 21500438, Distance Threshold 1.5, Min Length 10, Downsampling 1...
Final # of agent tids in dataset: 140
Final # of plays (distinct tids) in dataset: 28
Successfully completed data preprocessing
Running MA stat dsm...
Finished running MA stat dsm and the output delta was 0.016686084418949858
Checking significant subtrajectories...
Iteration 188 running time: 825 seconds
--------------------------
Iteration 189. Team 1610612739 Game 21500438, Distance Threshold 4, Min Length 5, Downsampling 1...
Final # of agent tids in dataset: 140
Final # of plays (distinct tids) in dataset: 28
Successfully completed data preprocessing
Running MA stat dsm...
Finished running MA stat dsm and the output delta was 0.0017884174881175584
Checking significant subtrajectories...
Iteration 189 running time: 2949 seconds
--------------------------
Iteration 190. Team 1610612739 Game 21500438, Distance Threshold 4, Min Length 8, Downsampling 1...
Final # of agent tids in dataset: 140
Final # of plays (distinct tids) in dataset: 28
Successfully completed data preprocessing
Running MA stat dsm...
Finished running MA stat dsm and the output delta was 0.0018277502623945219
Checking significant subtrajectories...
Iteration 190 running time: 2933 seconds
--------------------------
Iteration 191. Team 1610612739 Game 21500438, Distance Threshold 4, Min Length 10, Downsampling 1...
Final # of agent tids in dataset: 140
Final # of plays (distinct tids) in dataset: 28
Successfully completed data preprocessing
Running MA stat dsm...
Finished running MA stat dsm and the output delta was 0.0017631518447165948
Checking significant subtrajectories...
Iteration 191 running time: 3006 seconds
--------------------------
Iteration 192. Team 1610612739 Game 21500453, Distance Threshold 1.5, Min Length 5, Downsampling 1...
Final # of agent tids in dataset: 150
Final # of plays (distinct tids) in dataset: 30
Successfully completed data preprocessing
Running MA stat dsm...
Finished running MA stat dsm and the output delta was 0.016893534016737374
Checking significant subtrajectories...
Iteration 192 running time: 783 seconds
--------------------------
Iteration 193. Team 1610612739 Game 21500453, Distance Threshold 1.5, Min Length 8, Downsampling 1...
Final # of agent tids in dataset: 150
Final # of plays (distinct tids) in dataset: 30
Successfully completed data preprocessing
Running MA stat dsm...
Finished running MA stat dsm and the output delta was 0.021602253068206217
Checking significant subtrajectories...
Iteration 193 running time: 942 seconds
--------------------------
Iteration 194. Team 1610612739 Game 21500453, Distance Threshold 1.5, Min Length 10, Downsampling 1...
Final # of agent tids in dataset: 150
Final # of plays (distinct tids) in dataset: 30
Successfully completed data preprocessing
Running MA stat dsm...
Finished running MA stat dsm and the output delta was FAIL
Since the output delta was FAIL significant_subtrajectories.py will not be run.
Iteration 194 running time: 842 seconds
--------------------------
Iteration 195. Team 1610612739 Game 21500453, Distance Threshold 4, Min Length 5, Downsampling 1...
Final # of agent tids in dataset: 150
Final # of plays (distinct tids) in dataset: 30
Successfully completed data preprocessing
Running MA stat dsm...
Finished running MA stat dsm and the output delta was 0.0014077945013947811
Checking significant subtrajectories...
Iteration 195 running time: 3154 seconds
--------------------------
Iteration 196. Team 1610612739 Game 21500453, Distance Threshold 4, Min Length 8, Downsampling 1...
Final # of agent tids in dataset: 150
Final # of plays (distinct tids) in dataset: 30
Successfully completed data preprocessing
Running MA stat dsm...
Finished running MA stat dsm and the output delta was 0.0014077945013947811
Checking significant subtrajectories...
Iteration 196 running time: 3302 seconds
--------------------------
Iteration 197. Team 1610612739 Game 21500453, Distance Threshold 4, Min Length 10, Downsampling 1...
Final # of agent tids in dataset: 150
Final # of plays (distinct tids) in dataset: 30
Successfully completed data preprocessing
Running MA stat dsm...
Finished running MA stat dsm and the output delta was 0.0014077945013947811
Checking significant subtrajectories...
Iteration 197 running time: 3214 seconds
--------------------------
Iteration 198. Team 1610612739 Game 21500466, Distance Threshold 1.5, Min Length 5, Downsampling 1...
Final # of agent tids in dataset: 115
Final # of plays (distinct tids) in dataset: 23
Successfully completed data preprocessing
Running MA stat dsm...
Finished running MA stat dsm and the output delta was 0.02383853434414469
Checking significant subtrajectories...
Iteration 198 running time: 578 seconds
--------------------------
Iteration 199. Team 1610612739 Game 21500466, Distance Threshold 1.5, Min Length 8, Downsampling 1...
Final # of agent tids in dataset: 115
Final # of plays (distinct tids) in dataset: 23
Successfully completed data preprocessing
Running MA stat dsm...
Finished running MA stat dsm and the output delta was 0.020605872907365385
Checking significant subtrajectories...
Iteration 199 running time: 561 seconds
--------------------------
Iteration 200. Team 1610612739 Game 21500466, Distance Threshold 1.5, Min Length 10, Downsampling 1...
Final # of agent tids in dataset: 115
Final # of plays (distinct tids) in dataset: 23
Successfully completed data preprocessing
Running MA stat dsm...
Finished running MA stat dsm and the output delta was FAIL
Since the output delta was FAIL significant_subtrajectories.py will not be run.
Iteration 200 running time: 556 seconds
--------------------------
Iteration 201. Team 1610612739 Game 21500466, Distance Threshold 4, Min Length 5, Downsampling 1...
Final # of agent tids in dataset: 115
Final # of plays (distinct tids) in dataset: 23
Successfully completed data preprocessing
Running MA stat dsm...
Finished running MA stat dsm and the output delta was 0.0020085166705466027
Checking significant subtrajectories...
Iteration 201 running time: 1720 seconds
--------------------------
Iteration 202. Team 1610612739 Game 21500466, Distance Threshold 4, Min Length 8, Downsampling 1...
Final # of agent tids in dataset: 115
Final # of plays (distinct tids) in dataset: 23
Successfully completed data preprocessing
Running MA stat dsm...
Finished running MA stat dsm and the output delta was 0.0019542850253306742
Checking significant subtrajectories...
Iteration 202 running time: 1817 seconds
--------------------------
Iteration 203. Team 1610612739 Game 21500466, Distance Threshold 4, Min Length 10, Downsampling 1...
Final # of agent tids in dataset: 115
Final # of plays (distinct tids) in dataset: 23
Successfully completed data preprocessing
Running MA stat dsm...
Finished running MA stat dsm and the output delta was 0.0019542850253306742
Checking significant subtrajectories...
Iteration 203 running time: 1858 seconds
--------------------------
Iteration 204. Team 1610612739 Game 21500473, Distance Threshold 1.5, Min Length 5, Downsampling 1...
Final # of agent tids in dataset: 105
Final # of plays (distinct tids) in dataset: 21
Successfully completed data preprocessing
Running MA stat dsm...
Finished running MA stat dsm and the output delta was 0.010574858830169799
Checking significant subtrajectories...
Iteration 204 running time: 474 seconds
--------------------------
Iteration 205. Team 1610612739 Game 21500473, Distance Threshold 1.5, Min Length 8, Downsampling 1...
Final # of agent tids in dataset: 105
Final # of plays (distinct tids) in dataset: 21
Successfully completed data preprocessing
Running MA stat dsm...
Finished running MA stat dsm and the output delta was 0.006723898678142646
Checking significant subtrajectories...
Iteration 205 running time: 489 seconds
--------------------------
Iteration 206. Team 1610612739 Game 21500473, Distance Threshold 1.5, Min Length 10, Downsampling 1...
Final # of agent tids in dataset: 105
Final # of plays (distinct tids) in dataset: 21
Successfully completed data preprocessing
Running MA stat dsm...
Finished running MA stat dsm and the output delta was 0.006723898678142646
Checking significant subtrajectories...
Iteration 206 running time: 517 seconds
--------------------------
Iteration 207. Team 1610612739 Game 21500473, Distance Threshold 4, Min Length 5, Downsampling 1...
Final # of agent tids in dataset: 105
Final # of plays (distinct tids) in dataset: 21
Successfully completed data preprocessing
Running MA stat dsm...
Finished running MA stat dsm and the output delta was 0.0032343626915590493
Checking significant subtrajectories...
Iteration 207 running time: 1492 seconds
--------------------------
Iteration 208. Team 1610612739 Game 21500473, Distance Threshold 4, Min Length 8, Downsampling 1...
Final # of agent tids in dataset: 105
Final # of plays (distinct tids) in dataset: 21
Successfully completed data preprocessing
Running MA stat dsm...
Finished running MA stat dsm and the output delta was 0.002017169603442794
Checking significant subtrajectories...
Iteration 208 running time: 1591 seconds
--------------------------
Iteration 209. Team 1610612739 Game 21500473, Distance Threshold 4, Min Length 10, Downsampling 1...
Final # of agent tids in dataset: 105
Final # of plays (distinct tids) in dataset: 21
Successfully completed data preprocessing
Running MA stat dsm...
Finished running MA stat dsm and the output delta was 0.0015924404491051488
Checking significant subtrajectories...
Iteration 209 running time: 1547 seconds
--------------------------
Iteration 210. Team 1610612739 Game 21500291, Distance Threshold 1.5, Min Length 5, Downsampling 1...
Final # of agent tids in dataset: 50
Final # of plays (distinct tids) in dataset: 10
Successfully completed data preprocessing
Running MA stat dsm...
Finished running MA stat dsm and the output delta was FAIL
Since the output delta was FAIL significant_subtrajectories.py will not be run.
Iteration 210 running time: 97 seconds
--------------------------
Iteration 211. Team 1610612739 Game 21500291, Distance Threshold 1.5, Min Length 8, Downsampling 1...
Final # of agent tids in dataset: 50
Final # of plays (distinct tids) in dataset: 10
Successfully completed data preprocessing
Running MA stat dsm...
Finished running MA stat dsm and the output delta was FAIL
Since the output delta was FAIL significant_subtrajectories.py will not be run.
Iteration 211 running time: 104 seconds
--------------------------
Iteration 212. Team 1610612739 Game 21500291, Distance Threshold 1.5, Min Length 10, Downsampling 1...
Final # of agent tids in dataset: 50
Final # of plays (distinct tids) in dataset: 10
Successfully completed data preprocessing
Running MA stat dsm...
Finished running MA stat dsm and the output delta was 0.04642857142857143
Checking significant subtrajectories...
Iteration 212 running time: 112 seconds
--------------------------
Iteration 213. Team 1610612739 Game 21500291, Distance Threshold 4, Min Length 5, Downsampling 1...
Final # of agent tids in dataset: 50
Final # of plays (distinct tids) in dataset: 10
Successfully completed data preprocessing
Running MA stat dsm...
Finished running MA stat dsm and the output delta was 0.0036364036826571516
Checking significant subtrajectories...
Iteration 213 running time: 290 seconds
--------------------------
Iteration 214. Team 1610612739 Game 21500291, Distance Threshold 4, Min Length 8, Downsampling 1...
Final # of agent tids in dataset: 50
Final # of plays (distinct tids) in dataset: 10
Successfully completed data preprocessing
Running MA stat dsm...
Finished running MA stat dsm and the output delta was 0.0036364036826571516
Checking significant subtrajectories...
Iteration 214 running time: 317 seconds
--------------------------
Iteration 215. Team 1610612739 Game 21500291, Distance Threshold 4, Min Length 10, Downsampling 1...
Final # of agent tids in dataset: 50
Final # of plays (distinct tids) in dataset: 10
Successfully completed data preprocessing
Running MA stat dsm...
Finished running MA stat dsm and the output delta was 0.0036364036826571516
Checking significant subtrajectories...
Iteration 215 running time: 336 seconds
Total running time: 239191 seconds
