--------------------------
Iteration 0. Team 1610612744 Game 21500504, Distance Threshold 1.5, Min Length 5, Downsampling 1...
Successfully completed data preprocessing
Running MA stat dsm...
Finished running MA stat dsm and the output delta was 0.014211326788181903
Checking significant subtrajectories...
Iteration 0 running time: 818 seconds
--------------------------
Iteration 1. Team 1610612744 Game 21500504, Distance Threshold 1.5, Min Length 8, Downsampling 1...
Successfully completed data preprocessing
Running MA stat dsm...
Finished running MA stat dsm and the output delta was 0.027524672004927548
Checking significant subtrajectories...
Iteration 1 running time: 839 seconds
--------------------------
Iteration 2. Team 1610612744 Game 21500504, Distance Threshold 1.5, Min Length 10, Downsampling 1...
Successfully completed data preprocessing
Running MA stat dsm...
Finished running MA stat dsm and the output delta was FAIL
Since the output delta was FAIL significant_subtrajectories.py will not be run.
Iteration 2 running time: 818 seconds
--------------------------
Iteration 3. Team 1610612744 Game 21500504, Distance Threshold 4, Min Length 5, Downsampling 1...
Successfully completed data preprocessing
Running MA stat dsm...
Finished running MA stat dsm and the output delta was 0.0018283428596597656
Checking significant subtrajectories...
Iteration 3 running time: 2803 seconds
--------------------------
Iteration 4. Team 1610612744 Game 21500504, Distance Threshold 4, Min Length 8, Downsampling 1...
Successfully completed data preprocessing
Running MA stat dsm...
Finished running MA stat dsm and the output delta was 0.0011974053585628497
Checking significant subtrajectories...
Iteration 4 running time: 3039 seconds
--------------------------
Iteration 5. Team 1610612744 Game 21500504, Distance Threshold 4, Min Length 10, Downsampling 1...
Successfully completed data preprocessing
Running MA stat dsm...
Finished running MA stat dsm and the output delta was 0.0010666105122848365
Checking significant subtrajectories...
Iteration 5 running time: 3039 seconds
--------------------------
Iteration 6. Team 1610612744 Game 21500520, Distance Threshold 1.5, Min Length 5, Downsampling 1...
Successfully completed data preprocessing
Running MA stat dsm...
Finished running MA stat dsm and the output delta was 0.010616657562459546
Checking significant subtrajectories...
Iteration 6 running time: 1053 seconds
--------------------------
Iteration 7. Team 1610612744 Game 21500520, Distance Threshold 1.5, Min Length 8, Downsampling 1...
Successfully completed data preprocessing
Running MA stat dsm...
Finished running MA stat dsm and the output delta was 0.0195998995847916
Checking significant subtrajectories...
Iteration 7 running time: 1162 seconds
--------------------------
Iteration 8. Team 1610612744 Game 21500520, Distance Threshold 1.5, Min Length 10, Downsampling 1...
Successfully completed data preprocessing
Running MA stat dsm...
Finished running MA stat dsm and the output delta was FAIL
Since the output delta was FAIL significant_subtrajectories.py will not be run.
Iteration 8 running time: 1132 seconds
--------------------------
Iteration 9. Team 1610612744 Game 21500520, Distance Threshold 4, Min Length 5, Downsampling 1...
Successfully completed data preprocessing
Running MA stat dsm...
Finished running MA stat dsm and the output delta was 0.0010936233597089195
Checking significant subtrajectories...
Iteration 9 running time: 4212 seconds
--------------------------
Iteration 10. Team 1610612744 Game 21500520, Distance Threshold 4, Min Length 8, Downsampling 1...
Successfully completed data preprocessing
Running MA stat dsm...
Finished running MA stat dsm and the output delta was 0.001043077528623592
Checking significant subtrajectories...
Iteration 10 running time: 4316 seconds
--------------------------
Iteration 11. Team 1610612744 Game 21500520, Distance Threshold 4, Min Length 10, Downsampling 1...
Successfully completed data preprocessing
Running MA stat dsm...
Finished running MA stat dsm and the output delta was 0.0010936233597089195
Checking significant subtrajectories...
Iteration 11 running time: 4387 seconds
--------------------------
Iteration 12. Team 1610612744 Game 21500524, Distance Threshold 1.5, Min Length 5, Downsampling 1...
Successfully completed data preprocessing
Running MA stat dsm...
Finished running MA stat dsm and the output delta was 0.017669731250810103
Checking significant subtrajectories...
Iteration 12 running time: 967 seconds
--------------------------
Iteration 13. Team 1610612744 Game 21500524, Distance Threshold 1.5, Min Length 8, Downsampling 1...
Successfully completed data preprocessing
Running MA stat dsm...
Finished running MA stat dsm and the output delta was 0.01900223047200034
Checking significant subtrajectories...
Iteration 13 running time: 1000 seconds
--------------------------
Iteration 14. Team 1610612744 Game 21500524, Distance Threshold 1.5, Min Length 10, Downsampling 1...
Successfully completed data preprocessing
Running MA stat dsm...
Finished running MA stat dsm and the output delta was FAIL
Since the output delta was FAIL significant_subtrajectories.py will not be run.
Iteration 14 running time: 1023 seconds
--------------------------
Iteration 15. Team 1610612744 Game 21500524, Distance Threshold 4, Min Length 5, Downsampling 1...
Successfully completed data preprocessing
Running MA stat dsm...
Finished running MA stat dsm and the output delta was 0.0010846257677190724
Checking significant subtrajectories...
Iteration 15 running time: 4222 seconds
--------------------------
Iteration 16. Team 1610612744 Game 21500524, Distance Threshold 4, Min Length 8, Downsampling 1...
Successfully completed data preprocessing
Running MA stat dsm...
Finished running MA stat dsm and the output delta was 0.0009608296282520159
Checking significant subtrajectories...
Iteration 16 running time: 3681 seconds
--------------------------
Iteration 17. Team 1610612744 Game 21500524, Distance Threshold 4, Min Length 10, Downsampling 1...
Successfully completed data preprocessing
Running MA stat dsm...
Finished running MA stat dsm and the output delta was 0.0009608296282520159
Checking significant subtrajectories...
Iteration 17 running time: 3716 seconds
--------------------------
Iteration 18. Team 1610612744 Game 21500548, Distance Threshold 1.5, Min Length 5, Downsampling 1...
Successfully completed data preprocessing
Running MA stat dsm...
Finished running MA stat dsm and the output delta was 0.01702898389381173
Checking significant subtrajectories...
Iteration 18 running time: 863 seconds
--------------------------
Iteration 19. Team 1610612744 Game 21500548, Distance Threshold 1.5, Min Length 8, Downsampling 1...
Successfully completed data preprocessing
Running MA stat dsm...
Finished running MA stat dsm and the output delta was 0.0184635284754803
Checking significant subtrajectories...
Iteration 19 running time: 874 seconds
--------------------------
Iteration 20. Team 1610612744 Game 21500548, Distance Threshold 1.5, Min Length 10, Downsampling 1...
Successfully completed data preprocessing
Running MA stat dsm...
Finished running MA stat dsm and the output delta was FAIL
Since the output delta was FAIL significant_subtrajectories.py will not be run.
Iteration 20 running time: 898 seconds
--------------------------
Iteration 21. Team 1610612744 Game 21500548, Distance Threshold 4, Min Length 5, Downsampling 1...
Successfully completed data preprocessing
Running MA stat dsm...
Finished running MA stat dsm and the output delta was 0.0015001038445868553
Checking significant subtrajectories...
Iteration 21 running time: 3087 seconds
--------------------------
Iteration 22. Team 1610612744 Game 21500548, Distance Threshold 4, Min Length 8, Downsampling 1...
Successfully completed data preprocessing
Running MA stat dsm...
Finished running MA stat dsm and the output delta was 0.0012833321860737756
Checking significant subtrajectories...
Iteration 22 running time: 3204 seconds
--------------------------
Iteration 23. Team 1610612744 Game 21500548, Distance Threshold 4, Min Length 10, Downsampling 1...
Successfully completed data preprocessing
Running MA stat dsm...
Finished running MA stat dsm and the output delta was 0.0009946260566755906
Checking significant subtrajectories...
Iteration 23 running time: 3177 seconds
--------------------------
Iteration 24. Team 1610612744 Game 21500556, Distance Threshold 1.5, Min Length 5, Downsampling 1...
Successfully completed data preprocessing
Running MA stat dsm...
Finished running MA stat dsm and the output delta was 0.01214700638895233
Checking significant subtrajectories...
Iteration 24 running time: 962 seconds
--------------------------
Iteration 25. Team 1610612744 Game 21500556, Distance Threshold 1.5, Min Length 8, Downsampling 1...
Successfully completed data preprocessing
Running MA stat dsm...
Finished running MA stat dsm and the output delta was 0.012373369753425352
Checking significant subtrajectories...
Iteration 25 running time: 1028 seconds
--------------------------
Iteration 26. Team 1610612744 Game 21500556, Distance Threshold 1.5, Min Length 10, Downsampling 1...
Successfully completed data preprocessing
Running MA stat dsm...
Finished running MA stat dsm and the output delta was FAIL
Since the output delta was FAIL significant_subtrajectories.py will not be run.
Iteration 26 running time: 1005 seconds
--------------------------
Iteration 27. Team 1610612744 Game 21500556, Distance Threshold 4, Min Length 5, Downsampling 1...
Successfully completed data preprocessing
Running MA stat dsm...
Finished running MA stat dsm and the output delta was 0.0015018287105813752
Checking significant subtrajectories...
Iteration 27 running time: 3800 seconds
--------------------------
Iteration 28. Team 1610612744 Game 21500556, Distance Threshold 4, Min Length 8, Downsampling 1...
Successfully completed data preprocessing
Running MA stat dsm...
Finished running MA stat dsm and the output delta was 0.0013643696216975743
Checking significant subtrajectories...
Iteration 28 running time: 3765 seconds
--------------------------
Iteration 29. Team 1610612744 Game 21500556, Distance Threshold 4, Min Length 10, Downsampling 1...
Successfully completed data preprocessing
Running MA stat dsm...
Finished running MA stat dsm and the output delta was 0.001022745041370577
Checking significant subtrajectories...
Iteration 29 running time: 3873 seconds
--------------------------
Iteration 30. Team 1610612744 Game 21500568, Distance Threshold 1.5, Min Length 5, Downsampling 1...
Successfully completed data preprocessing
Running MA stat dsm...
Finished running MA stat dsm and the output delta was 0.023561488073421847
Checking significant subtrajectories...
Iteration 30 running time: 381 seconds
--------------------------
Iteration 31. Team 1610612744 Game 21500568, Distance Threshold 1.5, Min Length 8, Downsampling 1...
Successfully completed data preprocessing
Running MA stat dsm...
Finished running MA stat dsm and the output delta was 0.01362890633519581
Checking significant subtrajectories...
Iteration 31 running time: 395 seconds
--------------------------
Iteration 32. Team 1610612744 Game 21500568, Distance Threshold 1.5, Min Length 10, Downsampling 1...
Successfully completed data preprocessing
Running MA stat dsm...
Finished running MA stat dsm and the output delta was 0.01362890633519581
Checking significant subtrajectories...
Iteration 32 running time: 505 seconds
--------------------------
Iteration 33. Team 1610612744 Game 21500568, Distance Threshold 4, Min Length 5, Downsampling 1...
Successfully completed data preprocessing
Running MA stat dsm...
Finished running MA stat dsm and the output delta was 0.0023522950993054947
Checking significant subtrajectories...
Iteration 33 running time: 1646 seconds
--------------------------
Iteration 34. Team 1610612744 Game 21500568, Distance Threshold 4, Min Length 8, Downsampling 1...
Successfully completed data preprocessing
Running MA stat dsm...
Finished running MA stat dsm and the output delta was 0.001989061539760031
Checking significant subtrajectories...
Iteration 34 running time: 1700 seconds
--------------------------
Iteration 35. Team 1610612744 Game 21500568, Distance Threshold 4, Min Length 10, Downsampling 1...
Successfully completed data preprocessing
Running MA stat dsm...
Finished running MA stat dsm and the output delta was 0.001966536803584269
Checking significant subtrajectories...
Iteration 35 running time: 1682 seconds
--------------------------
Iteration 36. Team 1610612744 Game 21500583, Distance Threshold 1.5, Min Length 5, Downsampling 1...
Successfully completed data preprocessing
Running MA stat dsm...
Finished running MA stat dsm and the output delta was 0.007436406633039409
Checking significant subtrajectories...
Iteration 36 running time: 558 seconds
--------------------------
Iteration 37. Team 1610612744 Game 21500583, Distance Threshold 1.5, Min Length 8, Downsampling 1...
Successfully completed data preprocessing
Running MA stat dsm...
Finished running MA stat dsm and the output delta was 0.006893337507605248
Checking significant subtrajectories...
Iteration 37 running time: 574 seconds
--------------------------
Iteration 38. Team 1610612744 Game 21500583, Distance Threshold 1.5, Min Length 10, Downsampling 1...
Successfully completed data preprocessing
Running MA stat dsm...
Finished running MA stat dsm and the output delta was 0.016091375206006227
Checking significant subtrajectories...
Some significant subtrajectories were found.
Iteration 38 running time: 622 seconds
--------------------------
Iteration 39. Team 1610612744 Game 21500583, Distance Threshold 4, Min Length 5, Downsampling 1...
Successfully completed data preprocessing
Running MA stat dsm...
Finished running MA stat dsm and the output delta was 0.0021608779859647073
Checking significant subtrajectories...
Iteration 39 running time: 2395 seconds
--------------------------
Iteration 40. Team 1610612744 Game 21500583, Distance Threshold 4, Min Length 8, Downsampling 1...
Successfully completed data preprocessing
Running MA stat dsm...
Finished running MA stat dsm and the output delta was 0.0019320623049937237
Checking significant subtrajectories...
Iteration 40 running time: 2359 seconds
--------------------------
Iteration 41. Team 1610612744 Game 21500583, Distance Threshold 4, Min Length 10, Downsampling 1...
Successfully completed data preprocessing
Running MA stat dsm...
Finished running MA stat dsm and the output delta was 0.0019320623049937237
Checking significant subtrajectories...
Iteration 41 running time: 2377 seconds
--------------------------
Iteration 42. Team 1610612744 Game 21500592, Distance Threshold 1.5, Min Length 5, Downsampling 1...
Successfully completed data preprocessing
Running MA stat dsm...
Finished running MA stat dsm and the output delta was 0.028011588034699688
Checking significant subtrajectories...
Iteration 42 running time: 496 seconds
--------------------------
Iteration 43. Team 1610612744 Game 21500592, Distance Threshold 1.5, Min Length 8, Downsampling 1...
Successfully completed data preprocessing
Running MA stat dsm...
Finished running MA stat dsm and the output delta was 0.018058701811061718
Checking significant subtrajectories...
Iteration 43 running time: 508 seconds
--------------------------
Iteration 44. Team 1610612744 Game 21500592, Distance Threshold 1.5, Min Length 10, Downsampling 1...
Successfully completed data preprocessing
Running MA stat dsm...
Finished running MA stat dsm and the output delta was 0.010752509475288656
Checking significant subtrajectories...
Iteration 44 running time: 505 seconds
--------------------------
Iteration 45. Team 1610612744 Game 21500592, Distance Threshold 4, Min Length 5, Downsampling 1...
Successfully completed data preprocessing
Running MA stat dsm...
Finished running MA stat dsm and the output delta was 0.00210387192628629
Checking significant subtrajectories...
Iteration 45 running time: 1675 seconds
--------------------------
Iteration 46. Team 1610612744 Game 21500592, Distance Threshold 4, Min Length 8, Downsampling 1...
Successfully completed data preprocessing
Running MA stat dsm...
Finished running MA stat dsm and the output delta was 0.0024365127582478214
Checking significant subtrajectories...
Iteration 46 running time: 1739 seconds
--------------------------
Iteration 47. Team 1610612744 Game 21500592, Distance Threshold 4, Min Length 10, Downsampling 1...
Successfully completed data preprocessing
Running MA stat dsm...
Finished running MA stat dsm and the output delta was 0.00210387192628629
Checking significant subtrajectories...
Iteration 47 running time: 1766 seconds
--------------------------
Iteration 48. Team 1610612744 Game 21500622, Distance Threshold 1.5, Min Length 5, Downsampling 1...
Successfully completed data preprocessing
Running MA stat dsm...
Finished running MA stat dsm and the output delta was FAIL
Since the output delta was FAIL significant_subtrajectories.py will not be run.
Iteration 48 running time: 31 seconds
--------------------------
Iteration 49. Team 1610612744 Game 21500622, Distance Threshold 1.5, Min Length 8, Downsampling 1...
Successfully completed data preprocessing
Running MA stat dsm...
Finished running MA stat dsm and the output delta was FAIL
Since the output delta was FAIL significant_subtrajectories.py will not be run.
Iteration 49 running time: 28 seconds
--------------------------
Iteration 50. Team 1610612744 Game 21500622, Distance Threshold 1.5, Min Length 10, Downsampling 1...
Successfully completed data preprocessing
Running MA stat dsm...
Finished running MA stat dsm and the output delta was FAIL
Since the output delta was FAIL significant_subtrajectories.py will not be run.
Iteration 50 running time: 30 seconds
--------------------------
Iteration 51. Team 1610612744 Game 21500622, Distance Threshold 4, Min Length 5, Downsampling 1...
Successfully completed data preprocessing
Running MA stat dsm...
Finished running MA stat dsm and the output delta was 0.01532567049808429
Checking significant subtrajectories...
Iteration 51 running time: 73 seconds
--------------------------
Iteration 52. Team 1610612744 Game 21500622, Distance Threshold 4, Min Length 8, Downsampling 1...
Successfully completed data preprocessing
Running MA stat dsm...
Finished running MA stat dsm and the output delta was 0.01532567049808429
Checking significant subtrajectories...
Iteration 52 running time: 81 seconds
--------------------------
Iteration 53. Team 1610612744 Game 21500622, Distance Threshold 4, Min Length 10, Downsampling 1...
Successfully completed data preprocessing
Running MA stat dsm...
Finished running MA stat dsm and the output delta was 0.01532567049808429
Checking significant subtrajectories...
Iteration 53 running time: 80 seconds
--------------------------
Iteration 54. Team 1610612744 Game 21500003, Distance Threshold 1.5, Min Length 5, Downsampling 1...
Successfully completed data preprocessing
Running MA stat dsm...
Finished running MA stat dsm and the output delta was 0.02700763593501768
Checking significant subtrajectories...
Iteration 54 running time: 273 seconds
--------------------------
Iteration 55. Team 1610612744 Game 21500003, Distance Threshold 1.5, Min Length 8, Downsampling 1...
Successfully completed data preprocessing
Running MA stat dsm...
Finished running MA stat dsm and the output delta was 0.02700763593501768
Checking significant subtrajectories...
Iteration 55 running time: 279 seconds
--------------------------
Iteration 56. Team 1610612744 Game 21500003, Distance Threshold 1.5, Min Length 10, Downsampling 1...
Successfully completed data preprocessing
Running MA stat dsm...
Finished running MA stat dsm and the output delta was 0.02700763593501768
Checking significant subtrajectories...
Iteration 56 running time: 290 seconds
--------------------------
Iteration 57. Team 1610612744 Game 21500003, Distance Threshold 4, Min Length 5, Downsampling 1...
Successfully completed data preprocessing
Running MA stat dsm...
Finished running MA stat dsm and the output delta was 0.0038751321872626428
Checking significant subtrajectories...
Iteration 57 running time: 699 seconds
--------------------------
Iteration 58. Team 1610612744 Game 21500003, Distance Threshold 4, Min Length 8, Downsampling 1...
Successfully completed data preprocessing
Running MA stat dsm...
Finished running MA stat dsm and the output delta was 0.0038751321872626428
Checking significant subtrajectories...
Iteration 58 running time: 726 seconds
--------------------------
Iteration 59. Team 1610612744 Game 21500003, Distance Threshold 4, Min Length 10, Downsampling 1...
Successfully completed data preprocessing
Running MA stat dsm...
Finished running MA stat dsm and the output delta was 0.0038751321872626428
Checking significant subtrajectories...
Iteration 59 running time: 766 seconds
--------------------------
Iteration 60. Team 1610612744 Game 21500035, Distance Threshold 1.5, Min Length 5, Downsampling 1...
Successfully completed data preprocessing
Running MA stat dsm...
Finished running MA stat dsm and the output delta was 0.020147177949117415
Checking significant subtrajectories...
Iteration 60 running time: 270 seconds
--------------------------
Iteration 61. Team 1610612744 Game 21500035, Distance Threshold 1.5, Min Length 8, Downsampling 1...
Successfully completed data preprocessing
Running MA stat dsm...
Finished running MA stat dsm and the output delta was 0.020147177949117415
Checking significant subtrajectories...
Iteration 61 running time: 277 seconds
--------------------------
Iteration 62. Team 1610612744 Game 21500035, Distance Threshold 1.5, Min Length 10, Downsampling 1...
Successfully completed data preprocessing
Running MA stat dsm...
Finished running MA stat dsm and the output delta was 0.020147177949117415
Checking significant subtrajectories...
Iteration 62 running time: 291 seconds
--------------------------
Iteration 63. Team 1610612744 Game 21500035, Distance Threshold 4, Min Length 5, Downsampling 1...
Successfully completed data preprocessing
Running MA stat dsm...
Finished running MA stat dsm and the output delta was 0.0035651507956287434
Checking significant subtrajectories...
Iteration 63 running time: 907 seconds
--------------------------
Iteration 64. Team 1610612744 Game 21500035, Distance Threshold 4, Min Length 8, Downsampling 1...
Successfully completed data preprocessing
Running MA stat dsm...
Finished running MA stat dsm and the output delta was 0.0035651507956287434
Checking significant subtrajectories...
Iteration 64 running time: 975 seconds
--------------------------
Iteration 65. Team 1610612744 Game 21500035, Distance Threshold 4, Min Length 10, Downsampling 1...
Successfully completed data preprocessing
Running MA stat dsm...
Finished running MA stat dsm and the output delta was 0.0035651507956287434
Checking significant subtrajectories...
Iteration 65 running time: 1055 seconds
--------------------------
Iteration 66. Team 1610612744 Game 21500051, Distance Threshold 1.5, Min Length 5, Downsampling 1...
Successfully completed data preprocessing
Running MA stat dsm...
Finished running MA stat dsm and the output delta was 0.015921157989969882
Checking significant subtrajectories...
Iteration 66 running time: 529 seconds
--------------------------
Iteration 67. Team 1610612744 Game 21500051, Distance Threshold 1.5, Min Length 8, Downsampling 1...
Successfully completed data preprocessing
Running MA stat dsm...
Finished running MA stat dsm and the output delta was 0.028097723358445598
Checking significant subtrajectories...
Iteration 67 running time: 515 seconds
--------------------------
Iteration 68. Team 1610612744 Game 21500051, Distance Threshold 1.5, Min Length 10, Downsampling 1...
Successfully completed data preprocessing
Running MA stat dsm...
Finished running MA stat dsm and the output delta was 0.015921157989969882
Checking significant subtrajectories...
Iteration 68 running time: 557 seconds
--------------------------
Iteration 69. Team 1610612744 Game 21500051, Distance Threshold 4, Min Length 5, Downsampling 1...
Successfully completed data preprocessing
Running MA stat dsm...
Finished running MA stat dsm and the output delta was 0.0015904651896162612
Checking significant subtrajectories...
Iteration 69 running time: 1724 seconds
--------------------------
Iteration 70. Team 1610612744 Game 21500051, Distance Threshold 4, Min Length 8, Downsampling 1...
Successfully completed data preprocessing
Running MA stat dsm...
Finished running MA stat dsm and the output delta was 0.0017642151242421307
Checking significant subtrajectories...
Iteration 70 running time: 1735 seconds
--------------------------
Iteration 71. Team 1610612744 Game 21500051, Distance Threshold 4, Min Length 10, Downsampling 1...
Successfully completed data preprocessing
Running MA stat dsm...
Finished running MA stat dsm and the output delta was 0.001749966777479348
Checking significant subtrajectories...
Iteration 71 running time: 1957 seconds
--------------------------
Iteration 72. Team 1610612744 Game 21500069, Distance Threshold 1.5, Min Length 5, Downsampling 1...
Successfully completed data preprocessing
Running MA stat dsm...
Finished running MA stat dsm and the output delta was 0.02759312680295999
Checking significant subtrajectories...
Iteration 72 running time: 191 seconds
--------------------------
Iteration 73. Team 1610612744 Game 21500069, Distance Threshold 1.5, Min Length 8, Downsampling 1...
Successfully completed data preprocessing
Running MA stat dsm...
Finished running MA stat dsm and the output delta was 0.02759312680295999
Checking significant subtrajectories...
Iteration 73 running time: 207 seconds
--------------------------
Iteration 74. Team 1610612744 Game 21500069, Distance Threshold 1.5, Min Length 10, Downsampling 1...
Successfully completed data preprocessing
Running MA stat dsm...
Finished running MA stat dsm and the output delta was 0.02759312680295999
Checking significant subtrajectories...
Iteration 74 running time: 229 seconds
--------------------------
Iteration 75. Team 1610612744 Game 21500069, Distance Threshold 4, Min Length 5, Downsampling 1...
Successfully completed data preprocessing
Running MA stat dsm...
Finished running MA stat dsm and the output delta was 0.005406581095140799
Checking significant subtrajectories...
Iteration 75 running time: 521 seconds
--------------------------
Iteration 76. Team 1610612744 Game 21500069, Distance Threshold 4, Min Length 8, Downsampling 1...
Successfully completed data preprocessing
Running MA stat dsm...
Finished running MA stat dsm and the output delta was 0.005406581095140799
Checking significant subtrajectories...
Iteration 76 running time: 561 seconds
--------------------------
Iteration 77. Team 1610612744 Game 21500069, Distance Threshold 4, Min Length 10, Downsampling 1...
Successfully completed data preprocessing
Running MA stat dsm...
Finished running MA stat dsm and the output delta was 0.005406581095140799
Checking significant subtrajectories...
Iteration 77 running time: 545 seconds
--------------------------
Iteration 78. Team 1610612744 Game 21500083, Distance Threshold 1.5, Min Length 5, Downsampling 1...
Successfully completed data preprocessing
Running MA stat dsm...
Finished running MA stat dsm and the output delta was 0.011008492358610861
Checking significant subtrajectories...
Iteration 78 running time: 936 seconds
--------------------------
Iteration 79. Team 1610612744 Game 21500083, Distance Threshold 1.5, Min Length 8, Downsampling 1...
Successfully completed data preprocessing
Running MA stat dsm...
Finished running MA stat dsm and the output delta was 0.011008492358610861
Checking significant subtrajectories...
Iteration 79 running time: 956 seconds
--------------------------
Iteration 80. Team 1610612744 Game 21500083, Distance Threshold 1.5, Min Length 10, Downsampling 1...
Successfully completed data preprocessing
Running MA stat dsm...
Finished running MA stat dsm and the output delta was 0.011008492358610861
Checking significant subtrajectories...
Iteration 80 running time: 971 seconds
--------------------------
Iteration 81. Team 1610612744 Game 21500083, Distance Threshold 4, Min Length 5, Downsampling 1...
Successfully completed data preprocessing
Running MA stat dsm...
Finished running MA stat dsm and the output delta was 0.001149745501717709
Checking significant subtrajectories...
Iteration 81 running time: 4472 seconds
--------------------------
Iteration 82. Team 1610612744 Game 21500083, Distance Threshold 4, Min Length 8, Downsampling 1...
Successfully completed data preprocessing
Running MA stat dsm...
Finished running MA stat dsm and the output delta was 0.0008989826049916696
Checking significant subtrajectories...
Some significant subtrajectories were found.
Iteration 82 running time: 4531 seconds
--------------------------
Iteration 83. Team 1610612744 Game 21500083, Distance Threshold 4, Min Length 10, Downsampling 1...
Successfully completed data preprocessing
Running MA stat dsm...
Finished running MA stat dsm and the output delta was 0.0009684344443942662
Checking significant subtrajectories...
Iteration 83 running time: 4457 seconds
--------------------------
Iteration 84. Team 1610612744 Game 21500092, Distance Threshold 1.5, Min Length 5, Downsampling 1...
Successfully completed data preprocessing
Running MA stat dsm...
Finished running MA stat dsm and the output delta was 0.023406253529581957
Checking significant subtrajectories...
Iteration 84 running time: 595 seconds
--------------------------
Iteration 85. Team 1610612744 Game 21500092, Distance Threshold 1.5, Min Length 8, Downsampling 1...
Successfully completed data preprocessing
Running MA stat dsm...
Finished running MA stat dsm and the output delta was 0.023406253529581957
Checking significant subtrajectories...
Iteration 85 running time: 587 seconds
--------------------------
Iteration 86. Team 1610612744 Game 21500092, Distance Threshold 1.5, Min Length 10, Downsampling 1...
Successfully completed data preprocessing
Running MA stat dsm...
Finished running MA stat dsm and the output delta was 0.036507472655923856
Checking significant subtrajectories...
Some significant subtrajectories were found.
Iteration 86 running time: 624 seconds
--------------------------
Iteration 87. Team 1610612744 Game 21500092, Distance Threshold 4, Min Length 5, Downsampling 1...
Successfully completed data preprocessing
Running MA stat dsm...
Finished running MA stat dsm and the output delta was 0.0022843327610940927
Checking significant subtrajectories...
Iteration 87 running time: 1904 seconds
--------------------------
Iteration 88. Team 1610612744 Game 21500092, Distance Threshold 4, Min Length 8, Downsampling 1...
Successfully completed data preprocessing
Running MA stat dsm...
Finished running MA stat dsm and the output delta was 0.0015423159166227766
Checking significant subtrajectories...
Iteration 88 running time: 1887 seconds
--------------------------
Iteration 89. Team 1610612744 Game 21500092, Distance Threshold 4, Min Length 10, Downsampling 1...
Successfully completed data preprocessing
Running MA stat dsm...
Finished running MA stat dsm and the output delta was 0.0015423159166227766
Checking significant subtrajectories...
Iteration 89 running time: 1918 seconds
--------------------------
Iteration 90. Team 1610612744 Game 21500104, Distance Threshold 1.5, Min Length 5, Downsampling 1...
Successfully completed data preprocessing
Running MA stat dsm...
Finished running MA stat dsm and the output delta was 0.023768485885457297
Checking significant subtrajectories...
Iteration 90 running time: 550 seconds
--------------------------
Iteration 91. Team 1610612744 Game 21500104, Distance Threshold 1.5, Min Length 8, Downsampling 1...
Successfully completed data preprocessing
Running MA stat dsm...
Finished running MA stat dsm and the output delta was 0.03177952067628277
Checking significant subtrajectories...
Iteration 91 running time: 574 seconds
--------------------------
Iteration 92. Team 1610612744 Game 21500104, Distance Threshold 1.5, Min Length 10, Downsampling 1...
Successfully completed data preprocessing
Running MA stat dsm...
Finished running MA stat dsm and the output delta was 0.027610283781685736
Checking significant subtrajectories...
Iteration 92 running time: 530 seconds
--------------------------
Iteration 93. Team 1610612744 Game 21500104, Distance Threshold 4, Min Length 5, Downsampling 1...
Successfully completed data preprocessing
Running MA stat dsm...
Finished running MA stat dsm and the output delta was 0.002350075132221867
Checking significant subtrajectories...
Iteration 93 running time: 1706 seconds
--------------------------
Iteration 94. Team 1610612744 Game 21500104, Distance Threshold 4, Min Length 8, Downsampling 1...
Successfully completed data preprocessing
Running MA stat dsm...
Finished running MA stat dsm and the output delta was 0.002350075132221867
Checking significant subtrajectories...
Iteration 94 running time: 1826 seconds
--------------------------
Iteration 95. Team 1610612744 Game 21500104, Distance Threshold 4, Min Length 10, Downsampling 1...
Successfully completed data preprocessing
Running MA stat dsm...
Finished running MA stat dsm and the output delta was 0.00198181328050107
Checking significant subtrajectories...
Iteration 95 running time: 1808 seconds
--------------------------
Iteration 96. Team 1610612744 Game 21500120, Distance Threshold 1.5, Min Length 5, Downsampling 1...
Successfully completed data preprocessing
Running MA stat dsm...
Finished running MA stat dsm and the output delta was 0.010616657562459546
Checking significant subtrajectories...
Iteration 96 running time: 1071 seconds
--------------------------
Iteration 97. Team 1610612744 Game 21500120, Distance Threshold 1.5, Min Length 8, Downsampling 1...
Successfully completed data preprocessing
Running MA stat dsm...
Finished running MA stat dsm and the output delta was 0.0195998995847916
Checking significant subtrajectories...
Iteration 97 running time: 1062 seconds
--------------------------
Iteration 98. Team 1610612744 Game 21500120, Distance Threshold 1.5, Min Length 10, Downsampling 1...
Successfully completed data preprocessing
Running MA stat dsm...
Finished running MA stat dsm and the output delta was FAIL
Since the output delta was FAIL significant_subtrajectories.py will not be run.
Iteration 98 running time: 1125 seconds
--------------------------
Iteration 99. Team 1610612744 Game 21500120, Distance Threshold 4, Min Length 5, Downsampling 1...
Successfully completed data preprocessing
Running MA stat dsm...
Finished running MA stat dsm and the output delta was 0.0013269878451595072
Checking significant subtrajectories...
Iteration 99 running time: 4224 seconds
--------------------------
Iteration 100. Team 1610612744 Game 21500120, Distance Threshold 4, Min Length 8, Downsampling 1...
Successfully completed data preprocessing
Running MA stat dsm...
Finished running MA stat dsm and the output delta was 0.0012310916546703111
Checking significant subtrajectories...
Iteration 100 running time: 4519 seconds
--------------------------
Iteration 101. Team 1610612744 Game 21500120, Distance Threshold 4, Min Length 10, Downsampling 1...
Successfully completed data preprocessing
Running MA stat dsm...
Finished running MA stat dsm and the output delta was 0.0012310916546703111
Checking significant subtrajectories...
Iteration 101 running time: 4480 seconds
--------------------------
Iteration 102. Team 1610612744 Game 21500125, Distance Threshold 1.5, Min Length 5, Downsampling 1...
Successfully completed data preprocessing
Running MA stat dsm...
Finished running MA stat dsm and the output delta was 0.022241124828649303
Checking significant subtrajectories...
Iteration 102 running time: 557 seconds
--------------------------
Iteration 103. Team 1610612744 Game 21500125, Distance Threshold 1.5, Min Length 8, Downsampling 1...
Successfully completed data preprocessing
Running MA stat dsm...
Finished running MA stat dsm and the output delta was 0.013992037099018965
Checking significant subtrajectories...
Iteration 103 running time: 579 seconds
--------------------------
Iteration 104. Team 1610612744 Game 21500125, Distance Threshold 1.5, Min Length 10, Downsampling 1...
Successfully completed data preprocessing
Running MA stat dsm...
Finished running MA stat dsm and the output delta was 0.008574726543175946
Checking significant subtrajectories...
Iteration 104 running time: 573 seconds
--------------------------
Iteration 105. Team 1610612744 Game 21500125, Distance Threshold 4, Min Length 5, Downsampling 1...
Successfully completed data preprocessing
Running MA stat dsm...
Finished running MA stat dsm and the output delta was 0.001718200644624077
Checking significant subtrajectories...
Iteration 105 running time: 1770 seconds
--------------------------
Iteration 106. Team 1610612744 Game 21500125, Distance Threshold 4, Min Length 8, Downsampling 1...
Successfully completed data preprocessing
Running MA stat dsm...
Finished running MA stat dsm and the output delta was 0.0021096304332489375
Checking significant subtrajectories...
Iteration 106 running time: 1971 seconds
--------------------------
Iteration 107. Team 1610612744 Game 21500125, Distance Threshold 4, Min Length 10, Downsampling 1...
Successfully completed data preprocessing
Running MA stat dsm...
Finished running MA stat dsm and the output delta was 0.0019025266264132328
Checking significant subtrajectories...
Iteration 107 running time: 1911 seconds
--------------------------
Iteration 108. Team 1610612744 Game 21500144, Distance Threshold 1.5, Min Length 5, Downsampling 1...
Successfully completed data preprocessing
Running MA stat dsm...
Finished running MA stat dsm and the output delta was 0.021581613698856257
Checking significant subtrajectories...
Iteration 108 running time: 745 seconds
--------------------------
Iteration 109. Team 1610612744 Game 21500144, Distance Threshold 1.5, Min Length 8, Downsampling 1...
Successfully completed data preprocessing
Running MA stat dsm...
Finished running MA stat dsm and the output delta was 0.02199165246124104
Checking significant subtrajectories...
Iteration 109 running time: 766 seconds
--------------------------
Iteration 110. Team 1610612744 Game 21500144, Distance Threshold 1.5, Min Length 10, Downsampling 1...
Successfully completed data preprocessing
Running MA stat dsm...
Finished running MA stat dsm and the output delta was FAIL
Since the output delta was FAIL significant_subtrajectories.py will not be run.
Iteration 110 running time: 743 seconds
--------------------------
Iteration 111. Team 1610612744 Game 21500144, Distance Threshold 4, Min Length 5, Downsampling 1...
Successfully completed data preprocessing
Running MA stat dsm...
Finished running MA stat dsm and the output delta was 0.001948592818426204
Checking significant subtrajectories...
Iteration 111 running time: 2411 seconds
--------------------------
Iteration 112. Team 1610612744 Game 21500144, Distance Threshold 4, Min Length 8, Downsampling 1...
Successfully completed data preprocessing
Running MA stat dsm...
Finished running MA stat dsm and the output delta was 0.001948592818426204
Checking significant subtrajectories...
Iteration 112 running time: 2452 seconds
--------------------------
Iteration 113. Team 1610612744 Game 21500144, Distance Threshold 4, Min Length 10, Downsampling 1...
Successfully completed data preprocessing
Running MA stat dsm...
Finished running MA stat dsm and the output delta was 0.001948592818426204
Checking significant subtrajectories...
Iteration 113 running time: 2451 seconds
--------------------------
Iteration 114. Team 1610612744 Game 21500164, Distance Threshold 1.5, Min Length 5, Downsampling 1...
Successfully completed data preprocessing
Running MA stat dsm...
Finished running MA stat dsm and the output delta was 0.012796635936118449
Checking significant subtrajectories...
Iteration 114 running time: 797 seconds
--------------------------
Iteration 115. Team 1610612744 Game 21500164, Distance Threshold 1.5, Min Length 8, Downsampling 1...
Successfully completed data preprocessing
Running MA stat dsm...
Finished running MA stat dsm and the output delta was 0.017197566206048343
Checking significant subtrajectories...
Iteration 115 running time: 843 seconds
--------------------------
Iteration 116. Team 1610612744 Game 21500164, Distance Threshold 1.5, Min Length 10, Downsampling 1...
Successfully completed data preprocessing
Running MA stat dsm...
Finished running MA stat dsm and the output delta was FAIL
Since the output delta was FAIL significant_subtrajectories.py will not be run.
Iteration 116 running time: 842 seconds
--------------------------
Iteration 117. Team 1610612744 Game 21500164, Distance Threshold 4, Min Length 5, Downsampling 1...
Successfully completed data preprocessing
Running MA stat dsm...
Finished running MA stat dsm and the output delta was 0.0009683573810791939
Checking significant subtrajectories...
Iteration 117 running time: 2646 seconds
--------------------------
Iteration 118. Team 1610612744 Game 21500164, Distance Threshold 4, Min Length 8, Downsampling 1...
Successfully completed data preprocessing
Running MA stat dsm...
Finished running MA stat dsm and the output delta was 0.0009625089914959622
Checking significant subtrajectories...
Iteration 118 running time: 2767 seconds
--------------------------
Iteration 119. Team 1610612744 Game 21500164, Distance Threshold 4, Min Length 10, Downsampling 1...
Successfully completed data preprocessing
Running MA stat dsm...
Finished running MA stat dsm and the output delta was 0.0013706344471007162
Checking significant subtrajectories...
Iteration 119 running time: 2761 seconds
--------------------------
Iteration 120. Team 1610612744 Game 21500177, Distance Threshold 1.5, Min Length 5, Downsampling 1...
Successfully completed data preprocessing
Running MA stat dsm...
Finished running MA stat dsm and the output delta was 0.025474525474525472
Checking significant subtrajectories...
Iteration 120 running time: 270 seconds
--------------------------
Iteration 121. Team 1610612744 Game 21500177, Distance Threshold 1.5, Min Length 8, Downsampling 1...
Successfully completed data preprocessing
Running MA stat dsm...
Finished running MA stat dsm and the output delta was 0.025474525474525472
Checking significant subtrajectories...
Iteration 121 running time: 280 seconds
--------------------------
Iteration 122. Team 1610612744 Game 21500177, Distance Threshold 1.5, Min Length 10, Downsampling 1...
Successfully completed data preprocessing
Running MA stat dsm...
Finished running MA stat dsm and the output delta was 0.027750730282375853
Checking significant subtrajectories...
Iteration 122 running time: 294 seconds
--------------------------
Iteration 123. Team 1610612744 Game 21500177, Distance Threshold 4, Min Length 5, Downsampling 1...
Successfully completed data preprocessing
Running MA stat dsm...
Finished running MA stat dsm and the output delta was 0.005063028957601526
Checking significant subtrajectories...
Iteration 123 running time: 729 seconds
--------------------------
Iteration 124. Team 1610612744 Game 21500177, Distance Threshold 4, Min Length 8, Downsampling 1...
Successfully completed data preprocessing
Running MA stat dsm...
Finished running MA stat dsm and the output delta was 0.005063028957601526
Checking significant subtrajectories...
Iteration 124 running time: 784 seconds
--------------------------
Iteration 125. Team 1610612744 Game 21500177, Distance Threshold 4, Min Length 10, Downsampling 1...
Successfully completed data preprocessing
Running MA stat dsm...
Finished running MA stat dsm and the output delta was 0.005063028957601526
Checking significant subtrajectories...
Iteration 125 running time: 804 seconds
--------------------------
Iteration 126. Team 1610612744 Game 21500187, Distance Threshold 1.5, Min Length 5, Downsampling 1...
Successfully completed data preprocessing
Running MA stat dsm...
Finished running MA stat dsm and the output delta was 0.020774884577388162
Checking significant subtrajectories...
Iteration 126 running time: 711 seconds
--------------------------
Iteration 127. Team 1610612744 Game 21500187, Distance Threshold 1.5, Min Length 8, Downsampling 1...
Successfully completed data preprocessing
Running MA stat dsm...
Finished running MA stat dsm and the output delta was 0.024306282208909933
Checking significant subtrajectories...
Iteration 127 running time: 716 seconds
--------------------------
Iteration 128. Team 1610612744 Game 21500187, Distance Threshold 1.5, Min Length 10, Downsampling 1...
Successfully completed data preprocessing
Running MA stat dsm...
Finished running MA stat dsm and the output delta was 0.024306282208909933
Checking significant subtrajectories...
Iteration 128 running time: 727 seconds
--------------------------
Iteration 129. Team 1610612744 Game 21500187, Distance Threshold 4, Min Length 5, Downsampling 1...
Successfully completed data preprocessing
Running MA stat dsm...
Finished running MA stat dsm and the output delta was 0.001591979765060705
Checking significant subtrajectories...
Iteration 129 running time: 2266 seconds
--------------------------
Iteration 130. Team 1610612744 Game 21500187, Distance Threshold 4, Min Length 8, Downsampling 1...
Successfully completed data preprocessing
Running MA stat dsm...
Finished running MA stat dsm and the output delta was 0.0014993017507305576
Checking significant subtrajectories...
Iteration 130 running time: 2390 seconds
--------------------------
Iteration 131. Team 1610612744 Game 21500187, Distance Threshold 4, Min Length 10, Downsampling 1...
Successfully completed data preprocessing
Running MA stat dsm...
Finished running MA stat dsm and the output delta was 0.0013974562743661542
Checking significant subtrajectories...
Iteration 131 running time: 2405 seconds
--------------------------
Iteration 132. Team 1610612744 Game 21500200, Distance Threshold 1.5, Min Length 5, Downsampling 1...
Successfully completed data preprocessing
Running MA stat dsm...
Finished running MA stat dsm and the output delta was 0.011390556942051728
Checking significant subtrajectories...
Iteration 132 running time: 1199 seconds
--------------------------
Iteration 133. Team 1610612744 Game 21500200, Distance Threshold 1.5, Min Length 8, Downsampling 1...
Successfully completed data preprocessing
Running MA stat dsm...
Finished running MA stat dsm and the output delta was 0.016846512121108232
Checking significant subtrajectories...
Iteration 133 running time: 1301 seconds
--------------------------
Iteration 134. Team 1610612744 Game 21500200, Distance Threshold 1.5, Min Length 10, Downsampling 1...
Successfully completed data preprocessing
Running MA stat dsm...
Finished running MA stat dsm and the output delta was 0.0242727344360388
Checking significant subtrajectories...
Iteration 134 running time: 1276 seconds
--------------------------
Iteration 135. Team 1610612744 Game 21500200, Distance Threshold 4, Min Length 5, Downsampling 1...
Successfully completed data preprocessing
Running MA stat dsm...
Finished running MA stat dsm and the output delta was 0.0010726872343646654
Checking significant subtrajectories...
Iteration 135 running time: 5364 seconds
--------------------------
Iteration 136. Team 1610612744 Game 21500200, Distance Threshold 4, Min Length 8, Downsampling 1...
Successfully completed data preprocessing
Running MA stat dsm...
Finished running MA stat dsm and the output delta was 0.0008977931163310886
Checking significant subtrajectories...
Iteration 136 running time: 5260 seconds
--------------------------
Iteration 137. Team 1610612744 Game 21500200, Distance Threshold 4, Min Length 10, Downsampling 1...
Successfully completed data preprocessing
Running MA stat dsm...
Finished running MA stat dsm and the output delta was 0.0010726872343646654
Checking significant subtrajectories...
Iteration 137 running time: 5315 seconds
--------------------------
Iteration 138. Team 1610612744 Game 21500214, Distance Threshold 1.5, Min Length 5, Downsampling 1...
Successfully completed data preprocessing
Running MA stat dsm...
Finished running MA stat dsm and the output delta was 0.01658305658713055
Checking significant subtrajectories...
Iteration 138 running time: 566 seconds
--------------------------
Iteration 139. Team 1610612744 Game 21500214, Distance Threshold 1.5, Min Length 8, Downsampling 1...
Successfully completed data preprocessing
Running MA stat dsm...
Finished running MA stat dsm and the output delta was 0.012984457997245721
Checking significant subtrajectories...
Iteration 139 running time: 630 seconds
--------------------------
Iteration 140. Team 1610612744 Game 21500214, Distance Threshold 1.5, Min Length 10, Downsampling 1...
Successfully completed data preprocessing
Running MA stat dsm...
Finished running MA stat dsm and the output delta was FAIL
Since the output delta was FAIL significant_subtrajectories.py will not be run.
Iteration 140 running time: 619 seconds
--------------------------
Iteration 141. Team 1610612744 Game 21500214, Distance Threshold 4, Min Length 5, Downsampling 1...
Successfully completed data preprocessing
Running MA stat dsm...
Finished running MA stat dsm and the output delta was 0.0020352007443019864
Checking significant subtrajectories...
Iteration 141 running time: 1818 seconds
--------------------------
Iteration 142. Team 1610612744 Game 21500214, Distance Threshold 4, Min Length 8, Downsampling 1...
Successfully completed data preprocessing
Running MA stat dsm...
Finished running MA stat dsm and the output delta was 0.0020352007443019864
Checking significant subtrajectories...
Iteration 142 running time: 1924 seconds
--------------------------
Iteration 143. Team 1610612744 Game 21500214, Distance Threshold 4, Min Length 10, Downsampling 1...
Successfully completed data preprocessing
Running MA stat dsm...
Finished running MA stat dsm and the output delta was 0.0020097437937479775
Checking significant subtrajectories...
Iteration 143 running time: 1937 seconds
--------------------------
Iteration 144. Team 1610612744 Game 21500236, Distance Threshold 1.5, Min Length 5, Downsampling 1...
Successfully completed data preprocessing
Running MA stat dsm...
Finished running MA stat dsm and the output delta was 0.023406253529581957
Checking significant subtrajectories...
Iteration 144 running time: 606 seconds
--------------------------
Iteration 145. Team 1610612744 Game 21500236, Distance Threshold 1.5, Min Length 8, Downsampling 1...
Successfully completed data preprocessing
Running MA stat dsm...
Finished running MA stat dsm and the output delta was 0.023406253529581957
Checking significant subtrajectories...
Iteration 145 running time: 605 seconds
--------------------------
Iteration 146. Team 1610612744 Game 21500236, Distance Threshold 1.5, Min Length 10, Downsampling 1...
Successfully completed data preprocessing
Running MA stat dsm...
Finished running MA stat dsm and the output delta was FAIL
Since the output delta was FAIL significant_subtrajectories.py will not be run.
Iteration 146 running time: 625 seconds
--------------------------
Iteration 147. Team 1610612744 Game 21500236, Distance Threshold 4, Min Length 5, Downsampling 1...
Successfully completed data preprocessing
Running MA stat dsm...
Finished running MA stat dsm and the output delta was 0.0022843327610940927
Checking significant subtrajectories...
Iteration 147 running time: 1838 seconds
--------------------------
Iteration 148. Team 1610612744 Game 21500236, Distance Threshold 4, Min Length 8, Downsampling 1...
Successfully completed data preprocessing
Running MA stat dsm...
Finished running MA stat dsm and the output delta was 0.0019693003891482104
Checking significant subtrajectories...
Iteration 148 running time: 1933 seconds
--------------------------
Iteration 149. Team 1610612744 Game 21500236, Distance Threshold 4, Min Length 10, Downsampling 1...
Successfully completed data preprocessing
Running MA stat dsm...
Finished running MA stat dsm and the output delta was 0.0022843327610940927
Checking significant subtrajectories...
Iteration 149 running time: 1920 seconds
--------------------------
Iteration 150. Team 1610612744 Game 21500245, Distance Threshold 1.5, Min Length 5, Downsampling 1...
Successfully completed data preprocessing
Running MA stat dsm...
Finished running MA stat dsm and the output delta was 0.023406253529581957
Checking significant subtrajectories...
Iteration 150 running time: 586 seconds
--------------------------
Iteration 151. Team 1610612744 Game 21500245, Distance Threshold 1.5, Min Length 8, Downsampling 1...
Successfully completed data preprocessing
Running MA stat dsm...
Finished running MA stat dsm and the output delta was 0.023406253529581957
Checking significant subtrajectories...
Iteration 151 running time: 580 seconds
--------------------------
Iteration 152. Team 1610612744 Game 21500245, Distance Threshold 1.5, Min Length 10, Downsampling 1...
Successfully completed data preprocessing
Running MA stat dsm...
Finished running MA stat dsm and the output delta was FAIL
Since the output delta was FAIL significant_subtrajectories.py will not be run.
Iteration 152 running time: 604 seconds
--------------------------
Iteration 153. Team 1610612744 Game 21500245, Distance Threshold 4, Min Length 5, Downsampling 1...
Successfully completed data preprocessing
Running MA stat dsm...
Finished running MA stat dsm and the output delta was 0.0014008349162360422
Checking significant subtrajectories...
Iteration 153 running time: 1892 seconds
--------------------------
Iteration 154. Team 1610612744 Game 21500245, Distance Threshold 4, Min Length 8, Downsampling 1...
Successfully completed data preprocessing
Running MA stat dsm...
Finished running MA stat dsm and the output delta was 0.0012161518097850335
Checking significant subtrajectories...
Iteration 154 running time: 1927 seconds
--------------------------
Iteration 155. Team 1610612744 Game 21500245, Distance Threshold 4, Min Length 10, Downsampling 1...
Successfully completed data preprocessing
Running MA stat dsm...
Finished running MA stat dsm and the output delta was 0.0012161518097850335
Checking significant subtrajectories...
Iteration 155 running time: 1927 seconds
--------------------------
Iteration 156. Team 1610612744 Game 21500259, Distance Threshold 1.5, Min Length 5, Downsampling 1...
Successfully completed data preprocessing
Running MA stat dsm...
Finished running MA stat dsm and the output delta was 0.01658305658713055
Checking significant subtrajectories...
Iteration 156 running time: 502 seconds
--------------------------
Iteration 157. Team 1610612744 Game 21500259, Distance Threshold 1.5, Min Length 8, Downsampling 1...
Successfully completed data preprocessing
Running MA stat dsm...
Finished running MA stat dsm and the output delta was 0.012984457997245721
Checking significant subtrajectories...
Iteration 157 running time: 552 seconds
--------------------------
Iteration 158. Team 1610612744 Game 21500259, Distance Threshold 1.5, Min Length 10, Downsampling 1...
Successfully completed data preprocessing
Running MA stat dsm...
Finished running MA stat dsm and the output delta was FAIL
Since the output delta was FAIL significant_subtrajectories.py will not be run.
Iteration 158 running time: 541 seconds
--------------------------
Iteration 159. Team 1610612744 Game 21500259, Distance Threshold 4, Min Length 5, Downsampling 1...
Successfully completed data preprocessing
Running MA stat dsm...
Finished running MA stat dsm and the output delta was 0.0012991334653512413
Checking significant subtrajectories...
Iteration 159 running time: 1872 seconds
--------------------------
Iteration 160. Team 1610612744 Game 21500259, Distance Threshold 4, Min Length 8, Downsampling 1...
Successfully completed data preprocessing
Running MA stat dsm...
Finished running MA stat dsm and the output delta was 0.0010901339511064387
Checking significant subtrajectories...
Iteration 160 running time: 1894 seconds
--------------------------
Iteration 161. Team 1610612744 Game 21500259, Distance Threshold 4, Min Length 10, Downsampling 1...
Successfully completed data preprocessing
Running MA stat dsm...
Finished running MA stat dsm and the output delta was 0.0010901339511064387
Checking significant subtrajectories...
Iteration 161 running time: 2069 seconds
--------------------------
Iteration 162. Team 1610612744 Game 21500268, Distance Threshold 1.5, Min Length 5, Downsampling 1...
Successfully completed data preprocessing
Running MA stat dsm...
Finished running MA stat dsm and the output delta was 0.014357003489703337
Checking significant subtrajectories...
Iteration 162 running time: 1018 seconds
--------------------------
Iteration 163. Team 1610612744 Game 21500268, Distance Threshold 1.5, Min Length 8, Downsampling 1...
Successfully completed data preprocessing
Running MA stat dsm...
Finished running MA stat dsm and the output delta was 0.01642859330715149
Checking significant subtrajectories...
Iteration 163 running time: 1024 seconds
--------------------------
Iteration 164. Team 1610612744 Game 21500268, Distance Threshold 1.5, Min Length 10, Downsampling 1...
Successfully completed data preprocessing
Running MA stat dsm...
Finished running MA stat dsm and the output delta was 0.01642859330715149
Checking significant subtrajectories...
Iteration 164 running time: 1113 seconds
--------------------------
Iteration 165. Team 1610612744 Game 21500268, Distance Threshold 4, Min Length 5, Downsampling 1...
Successfully completed data preprocessing
Running MA stat dsm...
Finished running MA stat dsm and the output delta was 0.0010288140923851664
Checking significant subtrajectories...
Some significant subtrajectories were found.
Iteration 165 running time: 4576 seconds
--------------------------
Iteration 166. Team 1610612744 Game 21500268, Distance Threshold 4, Min Length 8, Downsampling 1...
Successfully completed data preprocessing
Running MA stat dsm...
Finished running MA stat dsm and the output delta was 0.0008224346664352256
Checking significant subtrajectories...
Iteration 166 running time: 4512 seconds
--------------------------
Iteration 167. Team 1610612744 Game 21500268, Distance Threshold 4, Min Length 10, Downsampling 1...
Successfully completed data preprocessing
Running MA stat dsm...
Finished running MA stat dsm and the output delta was 0.0008224346664352256
Checking significant subtrajectories...
Iteration 167 running time: 4623 seconds
--------------------------
Iteration 168. Team 1610612744 Game 21500300, Distance Threshold 1.5, Min Length 5, Downsampling 1...
Successfully completed data preprocessing
Running MA stat dsm...
Finished running MA stat dsm and the output delta was 0.017006216937992404
Checking significant subtrajectories...
Iteration 168 running time: 418 seconds
--------------------------
Iteration 169. Team 1610612744 Game 21500300, Distance Threshold 1.5, Min Length 8, Downsampling 1...
Successfully completed data preprocessing
Running MA stat dsm...
Finished running MA stat dsm and the output delta was 0.017732769129947642
Checking significant subtrajectories...
Iteration 169 running time: 445 seconds
--------------------------
Iteration 170. Team 1610612744 Game 21500300, Distance Threshold 1.5, Min Length 10, Downsampling 1...
Successfully completed data preprocessing
Running MA stat dsm...
Finished running MA stat dsm and the output delta was 0.01397777480251707
Checking significant subtrajectories...
Iteration 170 running time: 416 seconds
--------------------------
Iteration 171. Team 1610612744 Game 21500300, Distance Threshold 4, Min Length 5, Downsampling 1...
Successfully completed data preprocessing
Running MA stat dsm...
Finished running MA stat dsm and the output delta was 0.003685507736548778
Checking significant subtrajectories...
Iteration 171 running time: 1251 seconds
--------------------------
Iteration 172. Team 1610612744 Game 21500300, Distance Threshold 4, Min Length 8, Downsampling 1...
Successfully completed data preprocessing
Running MA stat dsm...
Finished running MA stat dsm and the output delta was 0.003685507736548778
Checking significant subtrajectories...
Iteration 172 running time: 1432 seconds
--------------------------
Iteration 173. Team 1610612744 Game 21500300, Distance Threshold 4, Min Length 10, Downsampling 1...
Successfully completed data preprocessing
Running MA stat dsm...
Finished running MA stat dsm and the output delta was 0.003685507736548778
Checking significant subtrajectories...
Iteration 173 running time: 1469 seconds
--------------------------
Iteration 174. Team 1610612744 Game 21500314, Distance Threshold 1.5, Min Length 5, Downsampling 1...
Successfully completed data preprocessing
Running MA stat dsm...
Finished running MA stat dsm and the output delta was 0.021581613698856257
Checking significant subtrajectories...
Iteration 174 running time: 619 seconds
--------------------------
Iteration 175. Team 1610612744 Game 21500314, Distance Threshold 1.5, Min Length 8, Downsampling 1...
Successfully completed data preprocessing
Running MA stat dsm...
Finished running MA stat dsm and the output delta was 0.02199165246124104
Checking significant subtrajectories...
Iteration 175 running time: 682 seconds
--------------------------
Iteration 176. Team 1610612744 Game 21500314, Distance Threshold 1.5, Min Length 10, Downsampling 1...
Successfully completed data preprocessing
Running MA stat dsm...
Finished running MA stat dsm and the output delta was FAIL
Since the output delta was FAIL significant_subtrajectories.py will not be run.
Iteration 176 running time: 663 seconds
--------------------------
Iteration 177. Team 1610612744 Game 21500314, Distance Threshold 4, Min Length 5, Downsampling 1...
Successfully completed data preprocessing
Running MA stat dsm...
Finished running MA stat dsm and the output delta was 0.001719762751636541
Checking significant subtrajectories...
Iteration 177 running time: 2317 seconds
--------------------------
Iteration 178. Team 1610612744 Game 21500314, Distance Threshold 4, Min Length 8, Downsampling 1...
Successfully completed data preprocessing
Running MA stat dsm...
Finished running MA stat dsm and the output delta was 0.0013638692327681444
Checking significant subtrajectories...
Iteration 178 running time: 2604 seconds
--------------------------
Iteration 179. Team 1610612744 Game 21500314, Distance Threshold 4, Min Length 10, Downsampling 1...
Successfully completed data preprocessing
Running MA stat dsm...
Finished running MA stat dsm and the output delta was 0.0011168786953436325
Checking significant subtrajectories...
Iteration 179 running time: 2615 seconds
--------------------------
Iteration 180. Team 1610612744 Game 21500336, Distance Threshold 1.5, Min Length 5, Downsampling 1...
Successfully completed data preprocessing
Running MA stat dsm...
Finished running MA stat dsm and the output delta was 0.01859367793332733
Checking significant subtrajectories...
Iteration 180 running time: 728 seconds
--------------------------
Iteration 181. Team 1610612744 Game 21500336, Distance Threshold 1.5, Min Length 8, Downsampling 1...
Successfully completed data preprocessing
Running MA stat dsm...
Finished running MA stat dsm and the output delta was 0.011246422644634478
Checking significant subtrajectories...
Iteration 181 running time: 754 seconds
--------------------------
Iteration 182. Team 1610612744 Game 21500336, Distance Threshold 1.5, Min Length 10, Downsampling 1...
Successfully completed data preprocessing
Running MA stat dsm...
Finished running MA stat dsm and the output delta was 0.02251898402723226
Checking significant subtrajectories...
Iteration 182 running time: 768 seconds
--------------------------
Iteration 183. Team 1610612744 Game 21500336, Distance Threshold 4, Min Length 5, Downsampling 1...
Successfully completed data preprocessing
Running MA stat dsm...
Finished running MA stat dsm and the output delta was 0.0018612269627274556
Checking significant subtrajectories...
Some significant subtrajectories were found.
Iteration 183 running time: 2521 seconds
--------------------------
Iteration 184. Team 1610612744 Game 21500336, Distance Threshold 4, Min Length 8, Downsampling 1...
Successfully completed data preprocessing
Running MA stat dsm...
Finished running MA stat dsm and the output delta was 0.0016492066794846555
Checking significant subtrajectories...
Some significant subtrajectories were found.
Iteration 184 running time: 2698 seconds
--------------------------
Iteration 185. Team 1610612744 Game 21500336, Distance Threshold 4, Min Length 10, Downsampling 1...
Successfully completed data preprocessing
Running MA stat dsm...
Finished running MA stat dsm and the output delta was 0.0018227068786452177
Checking significant subtrajectories...
Some significant subtrajectories were found.
Iteration 185 running time: 2752 seconds
--------------------------
Iteration 186. Team 1610612744 Game 21500351, Distance Threshold 1.5, Min Length 5, Downsampling 1...
Successfully completed data preprocessing
Running MA stat dsm...
Finished running MA stat dsm and the output delta was 0.036567846415045055
Checking significant subtrajectories...
Iteration 186 running time: 356 seconds
--------------------------
Iteration 187. Team 1610612744 Game 21500351, Distance Threshold 1.5, Min Length 8, Downsampling 1...
Successfully completed data preprocessing
Running MA stat dsm...
Finished running MA stat dsm and the output delta was 0.036567846415045055
Checking significant subtrajectories...
Iteration 187 running time: 333 seconds
--------------------------
Iteration 188. Team 1610612744 Game 21500351, Distance Threshold 1.5, Min Length 10, Downsampling 1...
Successfully completed data preprocessing
Running MA stat dsm...
Finished running MA stat dsm and the output delta was 0.04217287042251037
Checking significant subtrajectories...
Iteration 188 running time: 364 seconds
--------------------------
Iteration 189. Team 1610612744 Game 21500351, Distance Threshold 4, Min Length 5, Downsampling 1...
Successfully completed data preprocessing
Running MA stat dsm...
Finished running MA stat dsm and the output delta was 0.0033342612227701828
Checking significant subtrajectories...
Iteration 189 running time: 1105 seconds
--------------------------
Iteration 190. Team 1610612744 Game 21500351, Distance Threshold 4, Min Length 8, Downsampling 1...
Successfully completed data preprocessing
Running MA stat dsm...
Finished running MA stat dsm and the output delta was 0.0033342612227701828
Checking significant subtrajectories...
Iteration 190 running time: 1108 seconds
--------------------------
Iteration 191. Team 1610612744 Game 21500351, Distance Threshold 4, Min Length 10, Downsampling 1...
Successfully completed data preprocessing
Running MA stat dsm...
Finished running MA stat dsm and the output delta was 0.0029061606744465486
Checking significant subtrajectories...
Iteration 191 running time: 1165 seconds
--------------------------
Iteration 192. Team 1610612744 Game 21500381, Distance Threshold 1.5, Min Length 5, Downsampling 1...
Successfully completed data preprocessing
Running MA stat dsm...
Finished running MA stat dsm and the output delta was 0.01642817963854935
Checking significant subtrajectories...
Iteration 192 running time: 628 seconds
--------------------------
Iteration 193. Team 1610612744 Game 21500381, Distance Threshold 1.5, Min Length 8, Downsampling 1...
Successfully completed data preprocessing
Running MA stat dsm...
Finished running MA stat dsm and the output delta was 0.03239720687696819
Checking significant subtrajectories...
Iteration 193 running time: 572 seconds
--------------------------
Iteration 194. Team 1610612744 Game 21500381, Distance Threshold 1.5, Min Length 10, Downsampling 1...
Successfully completed data preprocessing
Running MA stat dsm...
Finished running MA stat dsm and the output delta was 0.01806803804737769
Checking significant subtrajectories...
Iteration 194 running time: 630 seconds
--------------------------
Iteration 195. Team 1610612744 Game 21500381, Distance Threshold 4, Min Length 5, Downsampling 1...
Successfully completed data preprocessing
Running MA stat dsm...
Finished running MA stat dsm and the output delta was 0.0022004007825385417
Checking significant subtrajectories...
Iteration 195 running time: 2308 seconds
--------------------------
Iteration 196. Team 1610612744 Game 21500381, Distance Threshold 4, Min Length 8, Downsampling 1...
Successfully completed data preprocessing
Running MA stat dsm...
Finished running MA stat dsm and the output delta was 0.0016535911311827021
Checking significant subtrajectories...
Iteration 196 running time: 2474 seconds
--------------------------
Iteration 197. Team 1610612744 Game 21500381, Distance Threshold 4, Min Length 10, Downsampling 1...
Successfully completed data preprocessing
Running MA stat dsm...
Finished running MA stat dsm and the output delta was 0.0013174510559983324
Checking significant subtrajectories...
Iteration 197 running time: 2492 seconds
--------------------------
Iteration 198. Team 1610612744 Game 21500397, Distance Threshold 1.5, Min Length 5, Downsampling 1...
Successfully completed data preprocessing
Running MA stat dsm...
Finished running MA stat dsm and the output delta was 0.015758391649626516
Checking significant subtrajectories...
Iteration 198 running time: 665 seconds
--------------------------
Iteration 199. Team 1610612744 Game 21500397, Distance Threshold 1.5, Min Length 8, Downsampling 1...
Successfully completed data preprocessing
Running MA stat dsm...
Finished running MA stat dsm and the output delta was 0.036438008598471947
Checking significant subtrajectories...
Some significant subtrajectories were found.
Iteration 199 running time: 699 seconds
--------------------------
Iteration 200. Team 1610612744 Game 21500397, Distance Threshold 1.5, Min Length 10, Downsampling 1...
Successfully completed data preprocessing
Running MA stat dsm...
Finished running MA stat dsm and the output delta was 0.02006782936605499
Checking significant subtrajectories...
Iteration 200 running time: 736 seconds
--------------------------
Iteration 201. Team 1610612744 Game 21500397, Distance Threshold 4, Min Length 5, Downsampling 1...
Successfully completed data preprocessing
Running MA stat dsm...
Finished running MA stat dsm and the output delta was 0.002019534454016177
Checking significant subtrajectories...
Iteration 201 running time: 2845 seconds
--------------------------
Iteration 202. Team 1610612744 Game 21500397, Distance Threshold 4, Min Length 8, Downsampling 1...
Successfully completed data preprocessing
Running MA stat dsm...
Finished running MA stat dsm and the output delta was 0.002019534454016177
Checking significant subtrajectories...
Iteration 202 running time: 2735 seconds
--------------------------
Iteration 203. Team 1610612744 Game 21500397, Distance Threshold 4, Min Length 10, Downsampling 1...
Successfully completed data preprocessing
Running MA stat dsm...
Finished running MA stat dsm and the output delta was 0.0018604015159952322
Checking significant subtrajectories...
Iteration 203 running time: 2763 seconds
--------------------------
Iteration 204. Team 1610612744 Game 21500434, Distance Threshold 1.5, Min Length 5, Downsampling 1...
Successfully completed data preprocessing
Running MA stat dsm...
Finished running MA stat dsm and the output delta was 0.01849615661182469
Checking significant subtrajectories...
Iteration 204 running time: 564 seconds
--------------------------
Iteration 205. Team 1610612744 Game 21500434, Distance Threshold 1.5, Min Length 8, Downsampling 1...
Successfully completed data preprocessing
Running MA stat dsm...
Finished running MA stat dsm and the output delta was 0.028097723358445598
Checking significant subtrajectories...
Iteration 205 running time: 567 seconds
--------------------------
Iteration 206. Team 1610612744 Game 21500434, Distance Threshold 1.5, Min Length 10, Downsampling 1...
Successfully completed data preprocessing
Running MA stat dsm...
Finished running MA stat dsm and the output delta was 0.015921157989969882
Checking significant subtrajectories...
Iteration 206 running time: 580 seconds
--------------------------
Iteration 207. Team 1610612744 Game 21500434, Distance Threshold 4, Min Length 5, Downsampling 1...
Successfully completed data preprocessing
Running MA stat dsm...
Finished running MA stat dsm and the output delta was 0.001943018144985652
Checking significant subtrajectories...
Iteration 207 running time: 1858 seconds
--------------------------
Iteration 208. Team 1610612744 Game 21500434, Distance Threshold 4, Min Length 8, Downsampling 1...
Successfully completed data preprocessing
Running MA stat dsm...
Finished running MA stat dsm and the output delta was 0.001958135795186298
Checking significant subtrajectories...
Iteration 208 running time: 1930 seconds
--------------------------
Iteration 209. Team 1610612744 Game 21500434, Distance Threshold 4, Min Length 10, Downsampling 1...
Successfully completed data preprocessing
Running MA stat dsm...
Finished running MA stat dsm and the output delta was 0.001958135795186298
Checking significant subtrajectories...
Iteration 209 running time: 1895 seconds
--------------------------
Iteration 210. Team 1610612744 Game 21500438, Distance Threshold 1.5, Min Length 5, Downsampling 1...
Successfully completed data preprocessing
Running MA stat dsm...
Finished running MA stat dsm and the output delta was 0.02914141519199296
Checking significant subtrajectories...
Iteration 210 running time: 423 seconds
--------------------------
Iteration 211. Team 1610612744 Game 21500438, Distance Threshold 1.5, Min Length 8, Downsampling 1...
Successfully completed data preprocessing
Running MA stat dsm...
Finished running MA stat dsm and the output delta was 0.032455817378497794
Checking significant subtrajectories...
Iteration 211 running time: 430 seconds
--------------------------
Iteration 212. Team 1610612744 Game 21500438, Distance Threshold 1.5, Min Length 10, Downsampling 1...
Successfully completed data preprocessing
Running MA stat dsm...
Finished running MA stat dsm and the output delta was 0.032455817378497794
Checking significant subtrajectories...
Iteration 212 running time: 452 seconds
--------------------------
Iteration 213. Team 1610612744 Game 21500438, Distance Threshold 4, Min Length 5, Downsampling 1...
Successfully completed data preprocessing
Running MA stat dsm...
Finished running MA stat dsm and the output delta was 0.0023166815424596914
Checking significant subtrajectories...
Iteration 213 running time: 1198 seconds
--------------------------
Iteration 214. Team 1610612744 Game 21500438, Distance Threshold 4, Min Length 8, Downsampling 1...
Successfully completed data preprocessing
Running MA stat dsm...
Finished running MA stat dsm and the output delta was 0.0023166815424596914
Checking significant subtrajectories...
Iteration 214 running time: 1253 seconds
--------------------------
Iteration 215. Team 1610612744 Game 21500438, Distance Threshold 4, Min Length 10, Downsampling 1...
Successfully completed data preprocessing
Running MA stat dsm...
Finished running MA stat dsm and the output delta was 0.0023166815424596914
Checking significant subtrajectories...
Iteration 215 running time: 1298 seconds
--------------------------
Iteration 216. Team 1610612744 Game 21500468, Distance Threshold 1.5, Min Length 5, Downsampling 1...
Successfully completed data preprocessing
Running MA stat dsm...
Finished running MA stat dsm and the output delta was 0.018307999287795314
Checking significant subtrajectories...
Iteration 216 running time: 7594 seconds
--------------------------
Iteration 217. Team 1610612744 Game 21500468, Distance Threshold 1.5, Min Length 8, Downsampling 1...
Successfully completed data preprocessing
Running MA stat dsm...
Finished running MA stat dsm and the output delta was 0.02792389310730765
Checking significant subtrajectories...
Iteration 217 running time: 777 seconds
--------------------------
Iteration 218. Team 1610612744 Game 21500468, Distance Threshold 1.5, Min Length 10, Downsampling 1...
Successfully completed data preprocessing
Running MA stat dsm...
Finished running MA stat dsm and the output delta was FAIL
Since the output delta was FAIL significant_subtrajectories.py will not be run.
Iteration 218 running time: 776 seconds
--------------------------
Iteration 219. Team 1610612744 Game 21500468, Distance Threshold 4, Min Length 5, Downsampling 1...
Successfully completed data preprocessing
Running MA stat dsm...
Finished running MA stat dsm and the output delta was 0.001526117226006657
Checking significant subtrajectories...
Iteration 219 running time: 3522 seconds
--------------------------
Iteration 220. Team 1610612744 Game 21500468, Distance Threshold 4, Min Length 8, Downsampling 1...
Successfully completed data preprocessing
Running MA stat dsm...
Finished running MA stat dsm and the output delta was 0.001526117226006657
Checking significant subtrajectories...
Iteration 220 running time: 3398 seconds
--------------------------
Iteration 221. Team 1610612744 Game 21500468, Distance Threshold 4, Min Length 10, Downsampling 1...
Successfully completed data preprocessing
Running MA stat dsm...
Finished running MA stat dsm and the output delta was 0.0015421045658292015
Checking significant subtrajectories...
Iteration 221 running time: 3550 seconds
--------------------------
Iteration 222. Team 1610612744 Game 21500480, Distance Threshold 1.5, Min Length 5, Downsampling 1...
Successfully completed data preprocessing
Running MA stat dsm...
Finished running MA stat dsm and the output delta was 0.015758391649626516
Checking significant subtrajectories...
Iteration 222 running time: 584 seconds
--------------------------
Iteration 223. Team 1610612744 Game 21500480, Distance Threshold 1.5, Min Length 8, Downsampling 1...
Successfully completed data preprocessing
Running MA stat dsm...
Finished running MA stat dsm and the output delta was 0.036438008598471947
Checking significant subtrajectories...
Iteration 223 running time: 571 seconds
--------------------------
Iteration 224. Team 1610612744 Game 21500480, Distance Threshold 1.5, Min Length 10, Downsampling 1...
Successfully completed data preprocessing
Running MA stat dsm...
Finished running MA stat dsm and the output delta was 0.02006782936605499
Checking significant subtrajectories...
Iteration 224 running time: 610 seconds
--------------------------
Iteration 225. Team 1610612744 Game 21500480, Distance Threshold 4, Min Length 5, Downsampling 1...
Successfully completed data preprocessing
Running MA stat dsm...
Finished running MA stat dsm and the output delta was 0.0018604015159952322
Checking significant subtrajectories...
Iteration 225 running time: 2939 seconds
--------------------------
Iteration 226. Team 1610612744 Game 21500480, Distance Threshold 4, Min Length 8, Downsampling 1...
Successfully completed data preprocessing
Running MA stat dsm...
Finished running MA stat dsm and the output delta was 0.0011615425133363016
Checking significant subtrajectories...
Iteration 226 running time: 3019 seconds
--------------------------
Iteration 227. Team 1610612744 Game 21500480, Distance Threshold 4, Min Length 10, Downsampling 1...
Successfully completed data preprocessing
Running MA stat dsm...
Finished running MA stat dsm and the output delta was 0.0011217709978979464
Checking significant subtrajectories...
Iteration 227 running time: 2912 seconds
--------------------------
Iteration 228. Team 1610612744 Game 21500485, Distance Threshold 1.5, Min Length 5, Downsampling 1...
Successfully completed data preprocessing
Running MA stat dsm...
Finished running MA stat dsm and the output delta was 0.012324028569118786
Checking significant subtrajectories...
Iteration 228 running time: 762 seconds
--------------------------
Iteration 229. Team 1610612744 Game 21500485, Distance Threshold 1.5, Min Length 8, Downsampling 1...
Successfully completed data preprocessing
Running MA stat dsm...
Finished running MA stat dsm and the output delta was 0.027667747352830552
Checking significant subtrajectories...
Iteration 229 running time: 803 seconds
--------------------------
Iteration 230. Team 1610612744 Game 21500485, Distance Threshold 1.5, Min Length 10, Downsampling 1...
Successfully completed data preprocessing
Running MA stat dsm...
Finished running MA stat dsm and the output delta was 0.015637227293861748
Checking significant subtrajectories...
Iteration 230 running time: 791 seconds
--------------------------
Iteration 231. Team 1610612744 Game 21500485, Distance Threshold 4, Min Length 5, Downsampling 1...
Successfully completed data preprocessing
Running MA stat dsm...
Finished running MA stat dsm and the output delta was 0.0011693222745699182
Checking significant subtrajectories...
Iteration 231 running time: 4153 seconds
--------------------------
Iteration 232. Team 1610612744 Game 21500485, Distance Threshold 4, Min Length 8, Downsampling 1...
Successfully completed data preprocessing
Running MA stat dsm...
Finished running MA stat dsm and the output delta was 0.0011693222745699182
Checking significant subtrajectories...
Iteration 232 running time: 4175 seconds
--------------------------
Iteration 233. Team 1610612744 Game 21500485, Distance Threshold 4, Min Length 10, Downsampling 1...
Successfully completed data preprocessing
Running MA stat dsm...
Finished running MA stat dsm and the output delta was 0.0008890231017073357
Checking significant subtrajectories...
Iteration 233 running time: 4092 seconds
--------------------------
Iteration 234. Team 1610612744 Game 21500290, Distance Threshold 1.5, Min Length 5, Downsampling 1...
Successfully completed data preprocessing
Running MA stat dsm...
Finished running MA stat dsm and the output delta was 0.01884404018135899
Checking significant subtrajectories...
Iteration 234 running time: 287 seconds
--------------------------
Iteration 235. Team 1610612744 Game 21500290, Distance Threshold 1.5, Min Length 8, Downsampling 1...
Successfully completed data preprocessing
Running MA stat dsm...
Finished running MA stat dsm and the output delta was 0.011205698726999667
Checking significant subtrajectories...
Iteration 235 running time: 302 seconds
--------------------------
Iteration 236. Team 1610612744 Game 21500290, Distance Threshold 1.5, Min Length 10, Downsampling 1...
Successfully completed data preprocessing
Running MA stat dsm...
Finished running MA stat dsm and the output delta was 0.011205698726999667
Checking significant subtrajectories...
Iteration 236 running time: 310 seconds
--------------------------
Iteration 237. Team 1610612744 Game 21500290, Distance Threshold 4, Min Length 5, Downsampling 1...
Successfully completed data preprocessing
Running MA stat dsm...
Finished running MA stat dsm and the output delta was 0.0034938764510233844
Checking significant subtrajectories...
Iteration 237 running time: 1239 seconds
--------------------------
Iteration 238. Team 1610612744 Game 21500290, Distance Threshold 4, Min Length 8, Downsampling 1...
Successfully completed data preprocessing
Running MA stat dsm...
Finished running MA stat dsm and the output delta was 0.003735232908999889
Checking significant subtrajectories...
Iteration 238 running time: 1262 seconds
--------------------------
Iteration 239. Team 1610612744 Game 21500290, Distance Threshold 4, Min Length 10, Downsampling 1...
Successfully completed data preprocessing
Running MA stat dsm...
Finished running MA stat dsm and the output delta was 0.0034938764510233844
Checking significant subtrajectories...
Iteration 239 running time: 1296 seconds
Total running time: 372181 seconds
