--------------------------
Iteration 0. Team 1610612739 Game 21500499, Distance Threshold 1.5, Min Length 5...
Successfully completed data preprocessing
Running MA stat dsm...
Finished running MA stat dsm and the output delta was 0.023768485885457297
Checking significant subtrajectories...
Iteration 0 running time: 554 seconds
--------------------------
Iteration 1. Team 1610612739 Game 21500499, Distance Threshold 1.5, Min Length 8...
Successfully completed data preprocessing
Running MA stat dsm...
Finished running MA stat dsm and the output delta was 0.027610283781685736
Checking significant subtrajectories...
Iteration 1 running time: 584 seconds
--------------------------
Iteration 2. Team 1610612739 Game 21500499, Distance Threshold 1.5, Min Length 10...
Successfully completed data preprocessing
Running MA stat dsm...
Finished running MA stat dsm and the output delta was 0.027610283781685736
Checking significant subtrajectories...
Iteration 2 running time: 571 seconds
--------------------------
Iteration 3. Team 1610612739 Game 21500499, Distance Threshold 4, Min Length 5...
Successfully completed data preprocessing
Running MA stat dsm...
Finished running MA stat dsm and the output delta was 0.0018153550498661876
Checking significant subtrajectories...
Iteration 3 running time: 1734 seconds
--------------------------
Iteration 4. Team 1610612739 Game 21500499, Distance Threshold 4, Min Length 8...
Successfully completed data preprocessing
Running MA stat dsm...
Finished running MA stat dsm and the output delta was 0.0018153550498661876
Checking significant subtrajectories...
Iteration 4 running time: 1785 seconds
--------------------------
Iteration 5. Team 1610612739 Game 21500499, Distance Threshold 4, Min Length 10...
Successfully completed data preprocessing
Running MA stat dsm...
Finished running MA stat dsm and the output delta was 0.001553611310431119
Checking significant subtrajectories...
Iteration 5 running time: 1828 seconds
--------------------------
Iteration 6. Team 1610612739 Game 21500511, Distance Threshold 1.5, Min Length 5...
Successfully completed data preprocessing
Running MA stat dsm...
Finished running MA stat dsm and the output delta was 0.023548844940607355
Checking significant subtrajectories...
Iteration 6 running time: 201 seconds
--------------------------
Iteration 7. Team 1610612739 Game 21500511, Distance Threshold 1.5, Min Length 8...
Successfully completed data preprocessing
Running MA stat dsm...
Finished running MA stat dsm and the output delta was 0.023548844940607355
Checking significant subtrajectories...
Iteration 7 running time: 209 seconds
--------------------------
Iteration 8. Team 1610612739 Game 21500511, Distance Threshold 1.5, Min Length 10...
Successfully completed data preprocessing
Running MA stat dsm...
Finished running MA stat dsm and the output delta was 0.023548844940607355
Checking significant subtrajectories...
Iteration 8 running time: 223 seconds
--------------------------
Iteration 9. Team 1610612739 Game 21500511, Distance Threshold 4, Min Length 5...
Successfully completed data preprocessing
Running MA stat dsm...
Finished running MA stat dsm and the output delta was 0.004273510768122528
Checking significant subtrajectories...
Iteration 9 running time: 504 seconds
--------------------------
Iteration 10. Team 1610612739 Game 21500511, Distance Threshold 4, Min Length 8...
Successfully completed data preprocessing
Running MA stat dsm...
Finished running MA stat dsm and the output delta was 0.004832588196404339
Checking significant subtrajectories...
Iteration 10 running time: 540 seconds
--------------------------
Iteration 11. Team 1610612739 Game 21500511, Distance Threshold 4, Min Length 10...
Successfully completed data preprocessing
Running MA stat dsm...
Finished running MA stat dsm and the output delta was 0.0076398791669685774
Checking significant subtrajectories...
Iteration 11 running time: 582 seconds
--------------------------
Iteration 12. Team 1610612739 Game 21500527, Distance Threshold 1.5, Min Length 5...
Successfully completed data preprocessing
Running MA stat dsm...
Finished running MA stat dsm and the output delta was 0.012497276185665979
Checking significant subtrajectories...
Iteration 12 running time: 582 seconds
--------------------------
Iteration 13. Team 1610612739 Game 21500527, Distance Threshold 1.5, Min Length 8...
Successfully completed data preprocessing
Running MA stat dsm...
Finished running MA stat dsm and the output delta was 0.010950656277045924
Checking significant subtrajectories...
Iteration 13 running time: 610 seconds
--------------------------
Iteration 14. Team 1610612739 Game 21500527, Distance Threshold 1.5, Min Length 10...
Successfully completed data preprocessing
Running MA stat dsm...
Finished running MA stat dsm and the output delta was 0.022250708192881673
Checking significant subtrajectories...
Iteration 14 running time: 618 seconds
--------------------------
Iteration 15. Team 1610612739 Game 21500527, Distance Threshold 4, Min Length 5...
Successfully completed data preprocessing
Running MA stat dsm...
Finished running MA stat dsm and the output delta was 0.0017675730505716972
Checking significant subtrajectories...
Iteration 15 running time: 1872 seconds
--------------------------
Iteration 16. Team 1610612739 Game 21500527, Distance Threshold 4, Min Length 8...
Successfully completed data preprocessing
Running MA stat dsm...
Finished running MA stat dsm and the output delta was 0.0017367717160853772
Checking significant subtrajectories...
Iteration 16 running time: 1985 seconds
--------------------------
Iteration 17. Team 1610612739 Game 21500527, Distance Threshold 4, Min Length 10...
Successfully completed data preprocessing
Running MA stat dsm...
Finished running MA stat dsm and the output delta was 0.0017675730505716972
Checking significant subtrajectories...
Iteration 17 running time: 2054 seconds
--------------------------
Iteration 18. Team 1610612739 Game 21500543, Distance Threshold 1.5, Min Length 5...
Successfully completed data preprocessing
Running MA stat dsm...
Finished running MA stat dsm and the output delta was 0.018899501255182125
Checking significant subtrajectories...
Iteration 18 running time: 652 seconds
--------------------------
Iteration 19. Team 1610612739 Game 21500543, Distance Threshold 1.5, Min Length 8...
Successfully completed data preprocessing
Running MA stat dsm...
Finished running MA stat dsm and the output delta was 0.029665646937705858
Checking significant subtrajectories...
Iteration 19 running time: 700 seconds
--------------------------
Iteration 20. Team 1610612739 Game 21500543, Distance Threshold 1.5, Min Length 10...
Successfully completed data preprocessing
Running MA stat dsm...
Finished running MA stat dsm and the output delta was 0.029665646937705858
Checking significant subtrajectories...
Iteration 20 running time: 679 seconds
--------------------------
Iteration 21. Team 1610612739 Game 21500543, Distance Threshold 4, Min Length 5...
Successfully completed data preprocessing
Running MA stat dsm...
Finished running MA stat dsm and the output delta was 0.0019028463525907592
Checking significant subtrajectories...
Iteration 21 running time: 2218 seconds
--------------------------
Iteration 22. Team 1610612739 Game 21500543, Distance Threshold 4, Min Length 8...
Successfully completed data preprocessing
Running MA stat dsm...
Finished running MA stat dsm and the output delta was 0.0018833748950218988
Checking significant subtrajectories...
Iteration 22 running time: 2260 seconds
--------------------------
Iteration 23. Team 1610612739 Game 21500543, Distance Threshold 4, Min Length 10...
Successfully completed data preprocessing
Running MA stat dsm...
Finished running MA stat dsm and the output delta was 0.0018833748950218988
Checking significant subtrajectories...
Iteration 23 running time: 2299 seconds
--------------------------
Iteration 24. Team 1610612739 Game 21500559, Distance Threshold 1.5, Min Length 5...
Successfully completed data preprocessing
Running MA stat dsm...
Finished running MA stat dsm and the output delta was 0.01747986917353633
Checking significant subtrajectories...
Iteration 24 running time: 425 seconds
--------------------------
Iteration 25. Team 1610612739 Game 21500559, Distance Threshold 1.5, Min Length 8...
Successfully completed data preprocessing
Running MA stat dsm...
Finished running MA stat dsm and the output delta was 0.01747986917353633
Checking significant subtrajectories...
Iteration 25 running time: 440 seconds
--------------------------
Iteration 26. Team 1610612739 Game 21500559, Distance Threshold 1.5, Min Length 10...
Successfully completed data preprocessing
Running MA stat dsm...
Finished running MA stat dsm and the output delta was 0.01747986917353633
Checking significant subtrajectories...
Iteration 26 running time: 448 seconds
--------------------------
Iteration 27. Team 1610612739 Game 21500559, Distance Threshold 4, Min Length 5...
Successfully completed data preprocessing
Running MA stat dsm...
Finished running MA stat dsm and the output delta was 0.0020261304849190052
Checking significant subtrajectories...
Some significant subtrajectories were found.
Iteration 27 running time: 1306 seconds
--------------------------
Iteration 28. Team 1610612739 Game 21500559, Distance Threshold 4, Min Length 8...
Successfully completed data preprocessing
Running MA stat dsm...
Finished running MA stat dsm and the output delta was 0.00266437700101434
Checking significant subtrajectories...
Some significant subtrajectories were found.
Iteration 28 running time: 1347 seconds
--------------------------
Iteration 29. Team 1610612739 Game 21500559, Distance Threshold 4, Min Length 10...
Successfully completed data preprocessing
Running MA stat dsm...
Finished running MA stat dsm and the output delta was 0.0019934933423828485
Checking significant subtrajectories...
Some significant subtrajectories were found.
Iteration 29 running time: 1339 seconds
--------------------------
Iteration 30. Team 1610612739 Game 21500575, Distance Threshold 1.5, Min Length 5...
Successfully completed data preprocessing
Running MA stat dsm...
Finished running MA stat dsm and the output delta was 0.03672871848517537
Checking significant subtrajectories...
Iteration 30 running time: 376 seconds
--------------------------
Iteration 31. Team 1610612739 Game 21500575, Distance Threshold 1.5, Min Length 8...
Successfully completed data preprocessing
Running MA stat dsm...
Finished running MA stat dsm and the output delta was 0.022713224229144374
Checking significant subtrajectories...
Iteration 31 running time: 390 seconds
--------------------------
Iteration 32. Team 1610612739 Game 21500575, Distance Threshold 1.5, Min Length 10...
Successfully completed data preprocessing
Running MA stat dsm...
Finished running MA stat dsm and the output delta was 0.022713224229144374
Checking significant subtrajectories...
Iteration 32 running time: 402 seconds
--------------------------
Iteration 33. Team 1610612739 Game 21500575, Distance Threshold 4, Min Length 5...
Successfully completed data preprocessing
Running MA stat dsm...
Finished running MA stat dsm and the output delta was 0.003064756074619911
Checking significant subtrajectories...
Iteration 33 running time: 1078 seconds
--------------------------
Iteration 34. Team 1610612739 Game 21500575, Distance Threshold 4, Min Length 8...
Successfully completed data preprocessing
Running MA stat dsm...
Finished running MA stat dsm and the output delta was 0.003003515683860471
Checking significant subtrajectories...
Iteration 34 running time: 1132 seconds
--------------------------
Iteration 35. Team 1610612739 Game 21500575, Distance Threshold 4, Min Length 10...
Successfully completed data preprocessing
Running MA stat dsm...
Finished running MA stat dsm and the output delta was 0.003003515683860471
Checking significant subtrajectories...
Iteration 35 running time: 1151 seconds
--------------------------
Iteration 36. Team 1610612739 Game 21500601, Distance Threshold 1.5, Min Length 5...
Successfully completed data preprocessing
Running MA stat dsm...
Finished running MA stat dsm and the output delta was 0.023548844940607355
Checking significant subtrajectories...
Iteration 36 running time: 205 seconds
--------------------------
Iteration 37. Team 1610612739 Game 21500601, Distance Threshold 1.5, Min Length 8...
Successfully completed data preprocessing
Running MA stat dsm...
Finished running MA stat dsm and the output delta was 0.023548844940607355
Checking significant subtrajectories...
Iteration 37 running time: 209 seconds
--------------------------
Iteration 38. Team 1610612739 Game 21500601, Distance Threshold 1.5, Min Length 10...
Successfully completed data preprocessing
Running MA stat dsm...
Finished running MA stat dsm and the output delta was 0.023548844940607355
Checking significant subtrajectories...
Iteration 38 running time: 216 seconds
--------------------------
Iteration 39. Team 1610612739 Game 21500601, Distance Threshold 4, Min Length 5...
Successfully completed data preprocessing
Running MA stat dsm...
Finished running MA stat dsm and the output delta was 0.004273510768122528
Checking significant subtrajectories...
Iteration 39 running time: 510 seconds
--------------------------
Iteration 40. Team 1610612739 Game 21500601, Distance Threshold 4, Min Length 8...
Successfully completed data preprocessing
Running MA stat dsm...
Finished running MA stat dsm and the output delta was 0.0033964680202799072
Checking significant subtrajectories...
Iteration 40 running time: 523 seconds
--------------------------
Iteration 41. Team 1610612739 Game 21500601, Distance Threshold 4, Min Length 10...
Successfully completed data preprocessing
Running MA stat dsm...
Finished running MA stat dsm and the output delta was 0.004832588196404339
Checking significant subtrajectories...
Iteration 41 running time: 543 seconds
--------------------------
Iteration 42. Team 1610612739 Game 21500622, Distance Threshold 1.5, Min Length 5...
Successfully completed data preprocessing
Running MA stat dsm...
Finished running MA stat dsm and the output delta was FAIL
Checking significant subtrajectories...
usage: significant_subtrajectories.py [-h] -d DELTA_S
significant_subtrajectories.py: error: argument -d/--delta: invalid float value: 'FAIL'
Iteration 42 running time: 115 seconds
--------------------------
Iteration 43. Team 1610612739 Game 21500622, Distance Threshold 1.5, Min Length 8...
Successfully completed data preprocessing
Running MA stat dsm...
Finished running MA stat dsm and the output delta was FAIL
Checking significant subtrajectories...
usage: significant_subtrajectories.py [-h] -d DELTA_S
significant_subtrajectories.py: error: argument -d/--delta: invalid float value: 'FAIL'
Iteration 43 running time: 121 seconds
--------------------------
Iteration 44. Team 1610612739 Game 21500622, Distance Threshold 1.5, Min Length 10...
Successfully completed data preprocessing
Running MA stat dsm...
Finished running MA stat dsm and the output delta was FAIL
Checking significant subtrajectories...
usage: significant_subtrajectories.py [-h] -d DELTA_S
significant_subtrajectories.py: error: argument -d/--delta: invalid float value: 'FAIL'
Iteration 44 running time: 118 seconds
--------------------------
Iteration 45. Team 1610612739 Game 21500622, Distance Threshold 4, Min Length 5...
Successfully completed data preprocessing
Running MA stat dsm...
Finished running MA stat dsm and the output delta was 0.004737647356959232
Checking significant subtrajectories...
Iteration 45 running time: 317 seconds
--------------------------
Iteration 46. Team 1610612739 Game 21500622, Distance Threshold 4, Min Length 8...
Successfully completed data preprocessing
Running MA stat dsm...
Finished running MA stat dsm and the output delta was 0.004737647356959232
Checking significant subtrajectories...
Iteration 46 running time: 348 seconds
--------------------------
Iteration 47. Team 1610612739 Game 21500622, Distance Threshold 4, Min Length 10...
Successfully completed data preprocessing
Running MA stat dsm...
Finished running MA stat dsm and the output delta was 0.004737647356959232
Checking significant subtrajectories...
Iteration 47 running time: 363 seconds
--------------------------
Iteration 48. Team 1610612739 Game 21500011, Distance Threshold 1.5, Min Length 5...
Successfully completed data preprocessing
Running MA stat dsm...
Finished running MA stat dsm and the output delta was 0.01786948858484939
Checking significant subtrajectories...
Iteration 48 running time: 687 seconds
--------------------------
Iteration 49. Team 1610612739 Game 21500011, Distance Threshold 1.5, Min Length 8...
Successfully completed data preprocessing
Running MA stat dsm...
Finished running MA stat dsm and the output delta was 0.022695988957869388
Checking significant subtrajectories...
Iteration 49 running time: 704 seconds
--------------------------
Iteration 50. Team 1610612739 Game 21500011, Distance Threshold 1.5, Min Length 10...
Successfully completed data preprocessing
Running MA stat dsm...
Finished running MA stat dsm and the output delta was FAIL
Checking significant subtrajectories...
usage: significant_subtrajectories.py [-h] -d DELTA_S
significant_subtrajectories.py: error: argument -d/--delta: invalid float value: 'FAIL'
Iteration 50 running time: 719 seconds
--------------------------
Iteration 51. Team 1610612739 Game 21500011, Distance Threshold 4, Min Length 5...
Successfully completed data preprocessing
Running MA stat dsm...
Finished running MA stat dsm and the output delta was 0.001761871463649417
Checking significant subtrajectories...
Iteration 51 running time: 2274 seconds
--------------------------
Iteration 52. Team 1610612739 Game 21500011, Distance Threshold 4, Min Length 8...
Successfully completed data preprocessing
Running MA stat dsm...
Finished running MA stat dsm and the output delta was 0.0014891240487374493
Checking significant subtrajectories...
Iteration 52 running time: 2366 seconds
--------------------------
Iteration 53. Team 1610612739 Game 21500011, Distance Threshold 4, Min Length 10...
Successfully completed data preprocessing
Running MA stat dsm...
Finished running MA stat dsm and the output delta was 0.001626046838971823
Checking significant subtrajectories...
Iteration 53 running time: 2420 seconds
--------------------------
Iteration 54. Team 1610612739 Game 21500021, Distance Threshold 1.5, Min Length 5...
Successfully completed data preprocessing
Running MA stat dsm...
Finished running MA stat dsm and the output delta was 0.034655218199522
Checking significant subtrajectories...
Iteration 54 running time: 268 seconds
--------------------------
Iteration 55. Team 1610612739 Game 21500021, Distance Threshold 1.5, Min Length 8...
Successfully completed data preprocessing
Running MA stat dsm...
Finished running MA stat dsm and the output delta was 0.034655218199522
Checking significant subtrajectories...
Iteration 55 running time: 288 seconds
--------------------------
Iteration 56. Team 1610612739 Game 21500021, Distance Threshold 1.5, Min Length 10...
Successfully completed data preprocessing
Running MA stat dsm...
Finished running MA stat dsm and the output delta was 0.034655218199522
Checking significant subtrajectories...
Iteration 56 running time: 285 seconds
--------------------------
Iteration 57. Team 1610612739 Game 21500021, Distance Threshold 4, Min Length 5...
Successfully completed data preprocessing
Running MA stat dsm...
Finished running MA stat dsm and the output delta was 0.0036426274035184325
Checking significant subtrajectories...
Iteration 57 running time: 735 seconds
--------------------------
Iteration 58. Team 1610612739 Game 21500021, Distance Threshold 4, Min Length 8...
Successfully completed data preprocessing
Running MA stat dsm...
Finished running MA stat dsm and the output delta was 0.003951910847313912
Checking significant subtrajectories...
Iteration 58 running time: 797 seconds
--------------------------
Iteration 59. Team 1610612739 Game 21500021, Distance Threshold 4, Min Length 10...
Successfully completed data preprocessing
Running MA stat dsm...
Finished running MA stat dsm and the output delta was 0.003951910847313912
Checking significant subtrajectories...
Iteration 59 running time: 780 seconds
--------------------------
Iteration 60. Team 1610612739 Game 21500046, Distance Threshold 1.5, Min Length 5...
Successfully completed data preprocessing
Running MA stat dsm...
Finished running MA stat dsm and the output delta was 0.02700763593501768
Checking significant subtrajectories...
Iteration 60 running time: 268 seconds
--------------------------
Iteration 61. Team 1610612739 Game 21500046, Distance Threshold 1.5, Min Length 8...
Successfully completed data preprocessing
Running MA stat dsm...
Finished running MA stat dsm and the output delta was 0.02700763593501768
Checking significant subtrajectories...
Iteration 61 running time: 278 seconds
--------------------------
Iteration 62. Team 1610612739 Game 21500046, Distance Threshold 1.5, Min Length 10...
Successfully completed data preprocessing
Running MA stat dsm...
Finished running MA stat dsm and the output delta was 0.02700763593501768
Checking significant subtrajectories...
Iteration 62 running time: 287 seconds
--------------------------
Iteration 63. Team 1610612739 Game 21500046, Distance Threshold 4, Min Length 5...
Successfully completed data preprocessing
Running MA stat dsm...
Finished running MA stat dsm and the output delta was 0.002869109831643999
Checking significant subtrajectories...
Iteration 63 running time: 694 seconds
--------------------------
Iteration 64. Team 1610612739 Game 21500046, Distance Threshold 4, Min Length 8...
Successfully completed data preprocessing
Running MA stat dsm...
Finished running MA stat dsm and the output delta was 0.0038751321872626428
Checking significant subtrajectories...
Iteration 64 running time: 716 seconds
--------------------------
Iteration 65. Team 1610612739 Game 21500046, Distance Threshold 4, Min Length 10...
Successfully completed data preprocessing
Running MA stat dsm...
Finished running MA stat dsm and the output delta was 0.0038751321872626428
Checking significant subtrajectories...
Iteration 65 running time: 748 seconds
--------------------------
Iteration 66. Team 1610612739 Game 21500063, Distance Threshold 1.5, Min Length 5...
Successfully completed data preprocessing
Running MA stat dsm...
Finished running MA stat dsm and the output delta was 0.015387550520910358
Checking significant subtrajectories...
Iteration 66 running time: 316 seconds
--------------------------
Iteration 67. Team 1610612739 Game 21500063, Distance Threshold 1.5, Min Length 8...
Successfully completed data preprocessing
Running MA stat dsm...
Finished running MA stat dsm and the output delta was 0.012495153806453524
Checking significant subtrajectories...
Iteration 67 running time: 341 seconds
--------------------------
Iteration 68. Team 1610612739 Game 21500063, Distance Threshold 1.5, Min Length 10...
Successfully completed data preprocessing
Running MA stat dsm...
Finished running MA stat dsm and the output delta was 0.012495153806453524
Checking significant subtrajectories...
Iteration 68 running time: 346 seconds
--------------------------
Iteration 69. Team 1610612739 Game 21500063, Distance Threshold 4, Min Length 5...
Successfully completed data preprocessing
Running MA stat dsm...
Finished running MA stat dsm and the output delta was 0.0032394843201916544
Checking significant subtrajectories...
Iteration 69 running time: 856 seconds
--------------------------
Iteration 70. Team 1610612739 Game 21500063, Distance Threshold 4, Min Length 8...
Successfully completed data preprocessing
Running MA stat dsm...
Finished running MA stat dsm and the output delta was 0.005915549893851594
Checking significant subtrajectories...
Iteration 70 running time: 977 seconds
--------------------------
Iteration 71. Team 1610612739 Game 21500063, Distance Threshold 4, Min Length 10...
Successfully completed data preprocessing
Running MA stat dsm...
Finished running MA stat dsm and the output delta was 0.0038273037208101514
Checking significant subtrajectories...
Iteration 71 running time: 994 seconds
--------------------------
Iteration 72. Team 1610612739 Game 21500078, Distance Threshold 1.5, Min Length 5...
Successfully completed data preprocessing
Running MA stat dsm...
Finished running MA stat dsm and the output delta was 0.01884404018135899
Checking significant subtrajectories...
Iteration 72 running time: 381 seconds
--------------------------
Iteration 73. Team 1610612739 Game 21500078, Distance Threshold 1.5, Min Length 8...
Successfully completed data preprocessing
Running MA stat dsm...
Finished running MA stat dsm and the output delta was 0.011205698726999667
Checking significant subtrajectories...
Iteration 73 running time: 396 seconds
--------------------------
Iteration 74. Team 1610612739 Game 21500078, Distance Threshold 1.5, Min Length 10...
Successfully completed data preprocessing
Running MA stat dsm...
Finished running MA stat dsm and the output delta was 0.011205698726999667
Checking significant subtrajectories...
Iteration 74 running time: 414 seconds
--------------------------
Iteration 75. Team 1610612739 Game 21500078, Distance Threshold 4, Min Length 5...
Successfully completed data preprocessing
Running MA stat dsm...
Finished running MA stat dsm and the output delta was 0.003735232908999889
Checking significant subtrajectories...
Iteration 75 running time: 1178 seconds
--------------------------
Iteration 76. Team 1610612739 Game 21500078, Distance Threshold 4, Min Length 8...
Successfully completed data preprocessing
Running MA stat dsm...
Finished running MA stat dsm and the output delta was 0.0034938764510233844
Checking significant subtrajectories...
Iteration 76 running time: 1204 seconds
--------------------------
Iteration 77. Team 1610612739 Game 21500078, Distance Threshold 4, Min Length 10...
Successfully completed data preprocessing
Running MA stat dsm...
Finished running MA stat dsm and the output delta was 0.0034938764510233844
Checking significant subtrajectories...
Iteration 77 running time: 1212 seconds
--------------------------
Iteration 78. Team 1610612739 Game 21500094, Distance Threshold 1.5, Min Length 5...
Successfully completed data preprocessing
Running MA stat dsm...
Finished running MA stat dsm and the output delta was 0.019241983560986765
Checking significant subtrajectories...
Iteration 78 running time: 542 seconds
--------------------------
Iteration 79. Team 1610612739 Game 21500094, Distance Threshold 1.5, Min Length 8...
Successfully completed data preprocessing
Running MA stat dsm...
Finished running MA stat dsm and the output delta was 0.0062344450129448595
Checking significant subtrajectories...
Iteration 79 running time: 561 seconds
--------------------------
Iteration 80. Team 1610612739 Game 21500094, Distance Threshold 1.5, Min Length 10...
Successfully completed data preprocessing
Running MA stat dsm...
Finished running MA stat dsm and the output delta was 0.015147526376541584
Checking significant subtrajectories...
Iteration 80 running time: 605 seconds
--------------------------
Iteration 81. Team 1610612739 Game 21500094, Distance Threshold 4, Min Length 5...
Successfully completed data preprocessing
Running MA stat dsm...
Finished running MA stat dsm and the output delta was 0.002151997403048542
Checking significant subtrajectories...
Iteration 81 running time: 2044 seconds
--------------------------
Iteration 82. Team 1610612739 Game 21500094, Distance Threshold 4, Min Length 8...
Successfully completed data preprocessing
Running MA stat dsm...
Finished running MA stat dsm and the output delta was 0.002151997403048542
Checking significant subtrajectories...
Iteration 82 running time: 2108 seconds
--------------------------
Iteration 83. Team 1610612739 Game 21500094, Distance Threshold 4, Min Length 10...
Successfully completed data preprocessing
Running MA stat dsm...
Finished running MA stat dsm and the output delta was 0.0018394097861358482
Checking significant subtrajectories...
Iteration 83 running time: 2143 seconds
--------------------------
Iteration 84. Team 1610612739 Game 21500106, Distance Threshold 1.5, Min Length 5...
Successfully completed data preprocessing
Running MA stat dsm...
Finished running MA stat dsm and the output delta was 0.024273106608956638
Checking significant subtrajectories...
Iteration 84 running time: 491 seconds
--------------------------
Iteration 85. Team 1610612739 Game 21500106, Distance Threshold 1.5, Min Length 8...
Successfully completed data preprocessing
Running MA stat dsm...
Finished running MA stat dsm and the output delta was 0.024273106608956638
Checking significant subtrajectories...
Iteration 85 running time: 515 seconds
--------------------------
Iteration 86. Team 1610612739 Game 21500106, Distance Threshold 1.5, Min Length 10...
Successfully completed data preprocessing
Running MA stat dsm...
Finished running MA stat dsm and the output delta was FAIL
Checking significant subtrajectories...
usage: significant_subtrajectories.py [-h] -d DELTA_S
significant_subtrajectories.py: error: argument -d/--delta: invalid float value: 'FAIL'
Iteration 86 running time: 514 seconds
--------------------------
Iteration 87. Team 1610612739 Game 21500106, Distance Threshold 4, Min Length 5...
Successfully completed data preprocessing
Running MA stat dsm...
Finished running MA stat dsm and the output delta was 0.0025812821060750947
Checking significant subtrajectories...
Iteration 87 running time: 1561 seconds
--------------------------
Iteration 88. Team 1610612739 Game 21500106, Distance Threshold 4, Min Length 8...
Successfully completed data preprocessing
Running MA stat dsm...
Finished running MA stat dsm and the output delta was 0.0020412823791122075
Checking significant subtrajectories...
Iteration 88 running time: 1595 seconds
--------------------------
Iteration 89. Team 1610612739 Game 21500106, Distance Threshold 4, Min Length 10...
Successfully completed data preprocessing
Running MA stat dsm...
Finished running MA stat dsm and the output delta was 0.0025812821060750947
Checking significant subtrajectories...
Iteration 89 running time: 1579 seconds
--------------------------
Iteration 90. Team 1610612739 Game 21500130, Distance Threshold 1.5, Min Length 5...
Successfully completed data preprocessing
Running MA stat dsm...
Finished running MA stat dsm and the output delta was 0.015758391649626516
Checking significant subtrajectories...
Iteration 90 running time: 716 seconds
--------------------------
Iteration 91. Team 1610612739 Game 21500130, Distance Threshold 1.5, Min Length 8...
Successfully completed data preprocessing
Running MA stat dsm...
Finished running MA stat dsm and the output delta was 0.036438008598471947
Checking significant subtrajectories...
Iteration 91 running time: 718 seconds
--------------------------
Iteration 92. Team 1610612739 Game 21500130, Distance Threshold 1.5, Min Length 10...
Successfully completed data preprocessing
Running MA stat dsm...
Finished running MA stat dsm and the output delta was 0.02006782936605499
Checking significant subtrajectories...
Iteration 92 running time: 753 seconds
--------------------------
Iteration 93. Team 1610612739 Game 21500130, Distance Threshold 4, Min Length 5...
Successfully completed data preprocessing
Running MA stat dsm...
Finished running MA stat dsm and the output delta was 0.001794438075899112
Checking significant subtrajectories...
Iteration 93 running time: 2397 seconds
--------------------------
Iteration 94. Team 1610612739 Game 21500130, Distance Threshold 4, Min Length 8...
Successfully completed data preprocessing
Running MA stat dsm...
Finished running MA stat dsm and the output delta was 0.0011217709978979464
Checking significant subtrajectories...
Iteration 94 running time: 2483 seconds
--------------------------
Iteration 95. Team 1610612739 Game 21500130, Distance Threshold 4, Min Length 10...
Successfully completed data preprocessing
Running MA stat dsm...
Finished running MA stat dsm and the output delta was 0.00189542890103306
Checking significant subtrajectories...
Iteration 95 running time: 2492 seconds
--------------------------
Iteration 96. Team 1610612739 Game 21500141, Distance Threshold 1.5, Min Length 5...
Successfully completed data preprocessing
Running MA stat dsm...
Finished running MA stat dsm and the output delta was 0.034655218199522
Checking significant subtrajectories...
Iteration 96 running time: 274 seconds
--------------------------
Iteration 97. Team 1610612739 Game 21500141, Distance Threshold 1.5, Min Length 8...
Successfully completed data preprocessing
Running MA stat dsm...
Finished running MA stat dsm and the output delta was 0.034655218199522
Checking significant subtrajectories...
Iteration 97 running time: 290 seconds
--------------------------
Iteration 98. Team 1610612739 Game 21500141, Distance Threshold 1.5, Min Length 10...
Successfully completed data preprocessing
Running MA stat dsm...
Finished running MA stat dsm and the output delta was 0.034655218199522
Checking significant subtrajectories...
Iteration 98 running time: 278 seconds
--------------------------
Iteration 99. Team 1610612739 Game 21500141, Distance Threshold 4, Min Length 5...
Successfully completed data preprocessing
Running MA stat dsm...
Finished running MA stat dsm and the output delta was 0.003951910847313912
Checking significant subtrajectories...
Iteration 99 running time: 747 seconds
--------------------------
Iteration 100. Team 1610612739 Game 21500141, Distance Threshold 4, Min Length 8...
Successfully completed data preprocessing
Running MA stat dsm...
Finished running MA stat dsm and the output delta was 0.003951910847313912
Checking significant subtrajectories...
Iteration 100 running time: 804 seconds
--------------------------
Iteration 101. Team 1610612739 Game 21500141, Distance Threshold 4, Min Length 10...
Successfully completed data preprocessing
Running MA stat dsm...
Finished running MA stat dsm and the output delta was 0.003951910847313912
Checking significant subtrajectories...
Iteration 101 running time: 813 seconds
--------------------------
Iteration 102. Team 1610612739 Game 21500160, Distance Threshold 1.5, Min Length 5...
Successfully completed data preprocessing
Running MA stat dsm...
Finished running MA stat dsm and the output delta was 0.017612738573383066
Checking significant subtrajectories...
Iteration 102 running time: 697 seconds
--------------------------
Iteration 103. Team 1610612739 Game 21500160, Distance Threshold 1.5, Min Length 8...
Successfully completed data preprocessing
Running MA stat dsm...
Finished running MA stat dsm and the output delta was 0.022695988957869388
Checking significant subtrajectories...
Iteration 103 running time: 726 seconds
--------------------------
Iteration 104. Team 1610612739 Game 21500160, Distance Threshold 1.5, Min Length 10...
Successfully completed data preprocessing
Running MA stat dsm...
Finished running MA stat dsm and the output delta was FAIL
Checking significant subtrajectories...
usage: significant_subtrajectories.py [-h] -d DELTA_S
significant_subtrajectories.py: error: argument -d/--delta: invalid float value: 'FAIL'
Iteration 104 running time: 712 seconds
--------------------------
Iteration 105. Team 1610612739 Game 21500160, Distance Threshold 4, Min Length 5...
Successfully completed data preprocessing
Running MA stat dsm...
Finished running MA stat dsm and the output delta was 0.0014570377731774956
Checking significant subtrajectories...
Iteration 105 running time: 2274 seconds
--------------------------
Iteration 106. Team 1610612739 Game 21500160, Distance Threshold 4, Min Length 8...
Successfully completed data preprocessing
Running MA stat dsm...
Finished running MA stat dsm and the output delta was 0.0013429067533957762
Checking significant subtrajectories...
Iteration 106 running time: 2377 seconds
--------------------------
Iteration 107. Team 1610612739 Game 21500160, Distance Threshold 4, Min Length 10...
Successfully completed data preprocessing
Running MA stat dsm...
Finished running MA stat dsm and the output delta was 0.0014570377731774956
Checking significant subtrajectories...
Iteration 107 running time: 2440 seconds
--------------------------
Iteration 108. Team 1610612739 Game 21500176, Distance Threshold 1.5, Min Length 5...
Successfully completed data preprocessing
Running MA stat dsm...
Finished running MA stat dsm and the output delta was 0.034655218199522
Checking significant subtrajectories...
Iteration 108 running time: 263 seconds
--------------------------
Iteration 109. Team 1610612739 Game 21500176, Distance Threshold 1.5, Min Length 8...
Successfully completed data preprocessing
Running MA stat dsm...
Finished running MA stat dsm and the output delta was 0.034655218199522
Checking significant subtrajectories...
Iteration 109 running time: 279 seconds
--------------------------
Iteration 110. Team 1610612739 Game 21500176, Distance Threshold 1.5, Min Length 10...
Successfully completed data preprocessing
Running MA stat dsm...
Finished running MA stat dsm and the output delta was 0.034655218199522
Checking significant subtrajectories...
Iteration 110 running time: 276 seconds
--------------------------
Iteration 111. Team 1610612739 Game 21500176, Distance Threshold 4, Min Length 5...
Successfully completed data preprocessing
Running MA stat dsm...
Finished running MA stat dsm and the output delta was 0.003642627403518432
Checking significant subtrajectories...
Iteration 111 running time: 717 seconds
--------------------------
Iteration 112. Team 1610612739 Game 21500176, Distance Threshold 4, Min Length 8...
Successfully completed data preprocessing
Running MA stat dsm...
Finished running MA stat dsm and the output delta was 0.003642627403518432
Checking significant subtrajectories...
Iteration 112 running time: 762 seconds
--------------------------
Iteration 113. Team 1610612739 Game 21500176, Distance Threshold 4, Min Length 10...
Successfully completed data preprocessing
Running MA stat dsm...
Finished running MA stat dsm and the output delta was 0.003951910847313912
Checking significant subtrajectories...
Iteration 113 running time: 798 seconds
--------------------------
Iteration 114. Team 1610612739 Game 21500191, Distance Threshold 1.5, Min Length 5...
Successfully completed data preprocessing
Running MA stat dsm...
Finished running MA stat dsm and the output delta was 0.022585640151077977
Checking significant subtrajectories...
Iteration 114 running time: 520 seconds
--------------------------
Iteration 115. Team 1610612739 Game 21500191, Distance Threshold 1.5, Min Length 8...
Successfully completed data preprocessing
Running MA stat dsm...
Finished running MA stat dsm and the output delta was 0.020605872907365385
Checking significant subtrajectories...
Iteration 115 running time: 552 seconds
--------------------------
Iteration 116. Team 1610612739 Game 21500191, Distance Threshold 1.5, Min Length 10...
Successfully completed data preprocessing
Running MA stat dsm...
Finished running MA stat dsm and the output delta was FAIL
Checking significant subtrajectories...
usage: significant_subtrajectories.py [-h] -d DELTA_S
significant_subtrajectories.py: error: argument -d/--delta: invalid float value: 'FAIL'
Iteration 116 running time: 574 seconds
--------------------------
Iteration 117. Team 1610612739 Game 21500191, Distance Threshold 4, Min Length 5...
Successfully completed data preprocessing
Running MA stat dsm...
Finished running MA stat dsm and the output delta was 0.002008516670546603
Checking significant subtrajectories...
Iteration 117 running time: 1685 seconds
--------------------------
Iteration 118. Team 1610612739 Game 21500191, Distance Threshold 4, Min Length 8...
Successfully completed data preprocessing
Running MA stat dsm...
Finished running MA stat dsm and the output delta was 0.0019542850253306742
Checking significant subtrajectories...
Iteration 118 running time: 1767 seconds
--------------------------
Iteration 119. Team 1610612739 Game 21500191, Distance Threshold 4, Min Length 10...
Successfully completed data preprocessing
Running MA stat dsm...
Finished running MA stat dsm and the output delta was 0.002008516670546603
Checking significant subtrajectories...
Iteration 119 running time: 1773 seconds
--------------------------
Iteration 120. Team 1610612739 Game 21500203, Distance Threshold 1.5, Min Length 5...
Successfully completed data preprocessing
Running MA stat dsm...
Finished running MA stat dsm and the output delta was 0.012575697484529556
Checking significant subtrajectories...
Iteration 120 running time: 846 seconds
--------------------------
Iteration 121. Team 1610612739 Game 21500203, Distance Threshold 1.5, Min Length 8...
Successfully completed data preprocessing
Running MA stat dsm...
Finished running MA stat dsm and the output delta was 0.023649448372143306
Checking significant subtrajectories...
Iteration 121 running time: 925 seconds
--------------------------
Iteration 122. Team 1610612739 Game 21500203, Distance Threshold 1.5, Min Length 10...
Successfully completed data preprocessing
Running MA stat dsm...
Finished running MA stat dsm and the output delta was 0.023649448372143306
Checking significant subtrajectories...
Iteration 122 running time: 886 seconds
--------------------------
Iteration 123. Team 1610612739 Game 21500203, Distance Threshold 4, Min Length 5...
Successfully completed data preprocessing
Running MA stat dsm...
Finished running MA stat dsm and the output delta was 0.0014182736141876763
Checking significant subtrajectories...
Iteration 123 running time: 3579 seconds
--------------------------
Iteration 124. Team 1610612739 Game 21500203, Distance Threshold 4, Min Length 8...
Successfully completed data preprocessing
Running MA stat dsm...
Finished running MA stat dsm and the output delta was 0.0012211045310271617
Checking significant subtrajectories...
Iteration 124 running time: 3681 seconds
--------------------------
Iteration 125. Team 1610612739 Game 21500203, Distance Threshold 4, Min Length 10...
Successfully completed data preprocessing
Running MA stat dsm...
Finished running MA stat dsm and the output delta was 0.0014411086794009192
Checking significant subtrajectories...
Iteration 125 running time: 3678 seconds
--------------------------
Iteration 126. Team 1610612739 Game 21500219, Distance Threshold 1.5, Min Length 5...
Successfully completed data preprocessing
Running MA stat dsm...
Finished running MA stat dsm and the output delta was 0.01694325720476889
Checking significant subtrajectories...
Iteration 126 running time: 678 seconds
--------------------------
Iteration 127. Team 1610612739 Game 21500219, Distance Threshold 1.5, Min Length 8...
Successfully completed data preprocessing
Running MA stat dsm...
Finished running MA stat dsm and the output delta was 0.01318073612891412
Checking significant subtrajectories...
Iteration 127 running time: 711 seconds
--------------------------
Iteration 128. Team 1610612739 Game 21500219, Distance Threshold 1.5, Min Length 10...
Successfully completed data preprocessing
Running MA stat dsm...
Finished running MA stat dsm and the output delta was FAIL
Checking significant subtrajectories...
usage: significant_subtrajectories.py [-h] -d DELTA_S
significant_subtrajectories.py: error: argument -d/--delta: invalid float value: 'FAIL'
Iteration 128 running time: 645 seconds
--------------------------
Iteration 129. Team 1610612739 Game 21500219, Distance Threshold 4, Min Length 5...
Successfully completed data preprocessing
Running MA stat dsm...
Finished running MA stat dsm and the output delta was 0.0011666428024822448
Checking significant subtrajectories...
Iteration 129 running time: 2113 seconds
--------------------------
Iteration 130. Team 1610612739 Game 21500219, Distance Threshold 4, Min Length 8...
Successfully completed data preprocessing
Running MA stat dsm...
Finished running MA stat dsm and the output delta was 0.0013439410813980987
Checking significant subtrajectories...
Iteration 130 running time: 2333 seconds
--------------------------
Iteration 131. Team 1610612739 Game 21500219, Distance Threshold 4, Min Length 10...
Successfully completed data preprocessing
Running MA stat dsm...
Finished running MA stat dsm and the output delta was 0.0011666428024822448
Checking significant subtrajectories...
Iteration 131 running time: 2256 seconds
--------------------------
Iteration 132. Team 1610612739 Game 21500227, Distance Threshold 1.5, Min Length 5...
Successfully completed data preprocessing
Running MA stat dsm...
Finished running MA stat dsm and the output delta was 0.011008492358610861
Checking significant subtrajectories...
Iteration 132 running time: 1030 seconds
--------------------------
Iteration 133. Team 1610612739 Game 21500227, Distance Threshold 1.5, Min Length 8...
Successfully completed data preprocessing
Running MA stat dsm...
Finished running MA stat dsm and the output delta was 0.011008492358610861
Checking significant subtrajectories...
Iteration 133 running time: 1059 seconds
--------------------------
Iteration 134. Team 1610612739 Game 21500227, Distance Threshold 1.5, Min Length 10...
Successfully completed data preprocessing
Running MA stat dsm...
Finished running MA stat dsm and the output delta was 0.011008492358610861
Checking significant subtrajectories...
Iteration 134 running time: 1146 seconds
--------------------------
Iteration 135. Team 1610612739 Game 21500227, Distance Threshold 4, Min Length 5...
Successfully completed data preprocessing
Running MA stat dsm...
Finished running MA stat dsm and the output delta was 0.0007071592868435184
Checking significant subtrajectories...
Iteration 135 running time: 4584 seconds
--------------------------
Iteration 136. Team 1610612739 Game 21500227, Distance Threshold 4, Min Length 8...
Successfully completed data preprocessing
Running MA stat dsm...
Finished running MA stat dsm and the output delta was 0.0015248873174943279
Checking significant subtrajectories...
Iteration 136 running time: 5151 seconds
--------------------------
Iteration 137. Team 1610612739 Game 21500227, Distance Threshold 4, Min Length 10...
Successfully completed data preprocessing
Running MA stat dsm...
Finished running MA stat dsm and the output delta was 0.0007298745053895474
Checking significant subtrajectories...
Iteration 137 running time: 4603 seconds
--------------------------
Iteration 138. Team 1610612739 Game 21500262, Distance Threshold 1.5, Min Length 5...
Successfully completed data preprocessing
Running MA stat dsm...
Finished running MA stat dsm and the output delta was 0.03736854543306156
Checking significant subtrajectories...
Iteration 138 running time: 183 seconds
--------------------------
Iteration 139. Team 1610612739 Game 21500262, Distance Threshold 1.5, Min Length 8...
Successfully completed data preprocessing
Running MA stat dsm...
Finished running MA stat dsm and the output delta was 0.03736854543306156
Checking significant subtrajectories...
Iteration 139 running time: 185 seconds
--------------------------
Iteration 140. Team 1610612739 Game 21500262, Distance Threshold 1.5, Min Length 10...
Successfully completed data preprocessing
Running MA stat dsm...
Finished running MA stat dsm and the output delta was 0.03736854543306156
Checking significant subtrajectories...
Iteration 140 running time: 201 seconds
--------------------------
Iteration 141. Team 1610612739 Game 21500262, Distance Threshold 4, Min Length 5...
Successfully completed data preprocessing
Running MA stat dsm...
Finished running MA stat dsm and the output delta was 0.008047568727893042
Checking significant subtrajectories...
Iteration 141 running time: 449 seconds
--------------------------
Iteration 142. Team 1610612739 Game 21500262, Distance Threshold 4, Min Length 8...
Successfully completed data preprocessing
Running MA stat dsm...
Finished running MA stat dsm and the output delta was 0.00516563851206616
Checking significant subtrajectories...
Iteration 142 running time: 462 seconds
--------------------------
Iteration 143. Team 1610612739 Game 21500262, Distance Threshold 4, Min Length 10...
Successfully completed data preprocessing
Running MA stat dsm...
Finished running MA stat dsm and the output delta was 0.008047568727893042
Checking significant subtrajectories...
Iteration 143 running time: 497 seconds
--------------------------
Iteration 144. Team 1610612739 Game 21500288, Distance Threshold 1.5, Min Length 5...
Successfully completed data preprocessing
Running MA stat dsm...
Finished running MA stat dsm and the output delta was 0.010044657258585247
Checking significant subtrajectories...
Iteration 144 running time: 667 seconds
--------------------------
Iteration 145. Team 1610612739 Game 21500288, Distance Threshold 1.5, Min Length 8...
Successfully completed data preprocessing
Running MA stat dsm...
Finished running MA stat dsm and the output delta was 0.01080548425790974
Checking significant subtrajectories...
Iteration 145 running time: 697 seconds
--------------------------
Iteration 146. Team 1610612739 Game 21500288, Distance Threshold 1.5, Min Length 10...
Successfully completed data preprocessing
Running MA stat dsm...
Finished running MA stat dsm and the output delta was 0.01080548425790974
Checking significant subtrajectories...
Iteration 146 running time: 655 seconds
--------------------------
Iteration 147. Team 1610612739 Game 21500288, Distance Threshold 4, Min Length 5...
Successfully completed data preprocessing
Running MA stat dsm...
Finished running MA stat dsm and the output delta was 0.0026610190211096567
Checking significant subtrajectories...
Iteration 147 running time: 2077 seconds
--------------------------
Iteration 148. Team 1610612739 Game 21500288, Distance Threshold 4, Min Length 8...
Successfully completed data preprocessing
Running MA stat dsm...
Finished running MA stat dsm and the output delta was 0.001029598031768036
Checking significant subtrajectories...
Iteration 148 running time: 2228 seconds
--------------------------
Iteration 149. Team 1610612739 Game 21500288, Distance Threshold 4, Min Length 10...
Successfully completed data preprocessing
Running MA stat dsm...
Finished running MA stat dsm and the output delta was 0.0020383063526876076
Checking significant subtrajectories...
Iteration 149 running time: 2280 seconds
--------------------------
Iteration 150. Team 1610612739 Game 21500313, Distance Threshold 1.5, Min Length 5...
Successfully completed data preprocessing
Running MA stat dsm...
Finished running MA stat dsm and the output delta was 0.020605872907365385
Checking significant subtrajectories...
Iteration 150 running time: 553 seconds
--------------------------
Iteration 151. Team 1610612739 Game 21500313, Distance Threshold 1.5, Min Length 8...
Successfully completed data preprocessing
Running MA stat dsm...
Finished running MA stat dsm and the output delta was 0.020605872907365385
Checking significant subtrajectories...
Iteration 151 running time: 565 seconds
--------------------------
Iteration 152. Team 1610612739 Game 21500313, Distance Threshold 1.5, Min Length 10...
Successfully completed data preprocessing
Running MA stat dsm...
Finished running MA stat dsm and the output delta was FAIL
Checking significant subtrajectories...
usage: significant_subtrajectories.py [-h] -d DELTA_S
significant_subtrajectories.py: error: argument -d/--delta: invalid float value: 'FAIL'
Iteration 152 running time: 569 seconds
--------------------------
Iteration 153. Team 1610612739 Game 21500313, Distance Threshold 4, Min Length 5...
Successfully completed data preprocessing
Running MA stat dsm...
Finished running MA stat dsm and the output delta was 0.0016941216706803507
Checking significant subtrajectories...
Iteration 153 running time: 1655 seconds
--------------------------
Iteration 154. Team 1610612739 Game 21500313, Distance Threshold 4, Min Length 8...
Successfully completed data preprocessing
Running MA stat dsm...
Finished running MA stat dsm and the output delta was 0.0018083902676331602
Checking significant subtrajectories...
Iteration 154 running time: 1750 seconds
--------------------------
Iteration 155. Team 1610612739 Game 21500313, Distance Threshold 4, Min Length 10...
Successfully completed data preprocessing
Running MA stat dsm...
Finished running MA stat dsm and the output delta was 0.0016941216706803507
Checking significant subtrajectories...
Iteration 155 running time: 1752 seconds
--------------------------
Iteration 156. Team 1610612739 Game 21500334, Distance Threshold 1.5, Min Length 5...
Successfully completed data preprocessing
Running MA stat dsm...
Finished running MA stat dsm and the output delta was 0.02530552664281057
Checking significant subtrajectories...
Iteration 156 running time: 470 seconds
--------------------------
Iteration 157. Team 1610612739 Game 21500334, Distance Threshold 1.5, Min Length 8...
Successfully completed data preprocessing
Running MA stat dsm...
Finished running MA stat dsm and the output delta was 0.02530552664281057
Checking significant subtrajectories...
Iteration 157 running time: 484 seconds
--------------------------
Iteration 158. Team 1610612739 Game 21500334, Distance Threshold 1.5, Min Length 10...
Successfully completed data preprocessing
Running MA stat dsm...
Finished running MA stat dsm and the output delta was 0.02530552664281057
Checking significant subtrajectories...
Iteration 158 running time: 498 seconds
--------------------------
Iteration 159. Team 1610612739 Game 21500334, Distance Threshold 4, Min Length 5...
Successfully completed data preprocessing
Running MA stat dsm...
Finished running MA stat dsm and the output delta was 0.0017981756125524159
Checking significant subtrajectories...
Iteration 159 running time: 1388 seconds
--------------------------
Iteration 160. Team 1610612739 Game 21500334, Distance Threshold 4, Min Length 8...
Successfully completed data preprocessing
Running MA stat dsm...
Finished running MA stat dsm and the output delta was 0.002831330991356447
Checking significant subtrajectories...
Iteration 160 running time: 1474 seconds
--------------------------
Iteration 161. Team 1610612739 Game 21500334, Distance Threshold 4, Min Length 10...
Successfully completed data preprocessing
Running MA stat dsm...
Finished running MA stat dsm and the output delta was 0.0027510008553060456
Checking significant subtrajectories...
Iteration 161 running time: 1475 seconds
--------------------------
Iteration 162. Team 1610612739 Game 21500367, Distance Threshold 1.5, Min Length 5...
Successfully completed data preprocessing
Running MA stat dsm...
Finished running MA stat dsm and the output delta was 0.013840648963570417
Checking significant subtrajectories...
Iteration 162 running time: 723 seconds
--------------------------
Iteration 163. Team 1610612739 Game 21500367, Distance Threshold 1.5, Min Length 8...
Successfully completed data preprocessing
Running MA stat dsm...
Finished running MA stat dsm and the output delta was 0.028675785129485123
Checking significant subtrajectories...
Iteration 163 running time: 764 seconds
--------------------------
Iteration 164. Team 1610612739 Game 21500367, Distance Threshold 1.5, Min Length 10...
Successfully completed data preprocessing
Running MA stat dsm...
Finished running MA stat dsm and the output delta was 0.03150566851147915
Checking significant subtrajectories...
Iteration 164 running time: 747 seconds
--------------------------
Iteration 165. Team 1610612739 Game 21500367, Distance Threshold 4, Min Length 5...
Successfully completed data preprocessing
Running MA stat dsm...
Finished running MA stat dsm and the output delta was 0.00112984889498534
Checking significant subtrajectories...
Iteration 165 running time: 2558 seconds
--------------------------
Iteration 166. Team 1610612739 Game 21500367, Distance Threshold 4, Min Length 8...
Successfully completed data preprocessing
Running MA stat dsm...
Finished running MA stat dsm and the output delta was 0.0017963563915953198
Checking significant subtrajectories...
Iteration 166 running time: 2574 seconds
--------------------------
Iteration 167. Team 1610612739 Game 21500367, Distance Threshold 4, Min Length 10...
Successfully completed data preprocessing
Running MA stat dsm...
Finished running MA stat dsm and the output delta was 0.0011721461304021617
Checking significant subtrajectories...
Iteration 167 running time: 2534 seconds
--------------------------
Iteration 168. Team 1610612739 Game 21500384, Distance Threshold 1.5, Min Length 5...
Successfully completed data preprocessing
Running MA stat dsm...
Finished running MA stat dsm and the output delta was 0.01008175795676372
Checking significant subtrajectories...
Iteration 168 running time: 361 seconds
--------------------------
Iteration 169. Team 1610612739 Game 21500384, Distance Threshold 1.5, Min Length 8...
Successfully completed data preprocessing
Running MA stat dsm...
Finished running MA stat dsm and the output delta was 0.021450459652706845
Checking significant subtrajectories...
Iteration 169 running time: 363 seconds
--------------------------
Iteration 170. Team 1610612739 Game 21500384, Distance Threshold 1.5, Min Length 10...
Successfully completed data preprocessing
Running MA stat dsm...
Finished running MA stat dsm and the output delta was 0.021450459652706845
Checking significant subtrajectories...
Iteration 170 running time: 376 seconds
--------------------------
Iteration 171. Team 1610612739 Game 21500384, Distance Threshold 4, Min Length 5...
Successfully completed data preprocessing
Running MA stat dsm...
Finished running MA stat dsm and the output delta was 0.003302588246338099
Checking significant subtrajectories...
Iteration 171 running time: 1099 seconds
--------------------------
Iteration 172. Team 1610612739 Game 21500384, Distance Threshold 4, Min Length 8...
Successfully completed data preprocessing
Running MA stat dsm...
Finished running MA stat dsm and the output delta was 0.003302588246338099
Checking significant subtrajectories...
Iteration 172 running time: 1133 seconds
--------------------------
Iteration 173. Team 1610612739 Game 21500384, Distance Threshold 4, Min Length 10...
Successfully completed data preprocessing
Running MA stat dsm...
Finished running MA stat dsm and the output delta was 0.003690999593571548
Checking significant subtrajectories...
Iteration 173 running time: 1147 seconds
--------------------------
Iteration 174. Team 1610612739 Game 21500405, Distance Threshold 1.5, Min Length 5...
Successfully completed data preprocessing
Running MA stat dsm...
Finished running MA stat dsm and the output delta was 0.01747986917353633
Checking significant subtrajectories...
Iteration 174 running time: 418 seconds
--------------------------
Iteration 175. Team 1610612739 Game 21500405, Distance Threshold 1.5, Min Length 8...
Successfully completed data preprocessing
Running MA stat dsm...
Finished running MA stat dsm and the output delta was 0.01747986917353633
Checking significant subtrajectories...
Iteration 175 running time: 431 seconds
--------------------------
Iteration 176. Team 1610612739 Game 21500405, Distance Threshold 1.5, Min Length 10...
Successfully completed data preprocessing
Running MA stat dsm...
Finished running MA stat dsm and the output delta was 0.01747986917353633
Checking significant subtrajectories...
Iteration 176 running time: 428 seconds
--------------------------
Iteration 177. Team 1610612739 Game 21500405, Distance Threshold 4, Min Length 5...
Successfully completed data preprocessing
Running MA stat dsm...
Finished running MA stat dsm and the output delta was 0.0023293442683659836
Checking significant subtrajectories...
Iteration 177 running time: 1335 seconds
--------------------------
Iteration 178. Team 1610612739 Game 21500405, Distance Threshold 4, Min Length 8...
Successfully completed data preprocessing
Running MA stat dsm...
Finished running MA stat dsm and the output delta was 0.00266437700101434
Checking significant subtrajectories...
Some significant subtrajectories were found.
Iteration 178 running time: 1369 seconds
--------------------------
Iteration 179. Team 1610612739 Game 21500405, Distance Threshold 4, Min Length 10...
Successfully completed data preprocessing
Running MA stat dsm...
Finished running MA stat dsm and the output delta was 0.0023293442683659836
Checking significant subtrajectories...
Iteration 179 running time: 1363 seconds
--------------------------
Iteration 180. Team 1610612739 Game 21500424, Distance Threshold 1.5, Min Length 5...
Successfully completed data preprocessing
Running MA stat dsm...
Finished running MA stat dsm and the output delta was 0.036567846415045055
Checking significant subtrajectories...
Iteration 180 running time: 375 seconds
--------------------------
Iteration 181. Team 1610612739 Game 21500424, Distance Threshold 1.5, Min Length 8...
Successfully completed data preprocessing
Running MA stat dsm...
Finished running MA stat dsm and the output delta was 0.036567846415045055
Checking significant subtrajectories...
Iteration 181 running time: 400 seconds
--------------------------
Iteration 182. Team 1610612739 Game 21500424, Distance Threshold 1.5, Min Length 10...
Successfully completed data preprocessing
Running MA stat dsm...
Finished running MA stat dsm and the output delta was 0.04217287042251037
Checking significant subtrajectories...
Iteration 182 running time: 411 seconds
--------------------------
Iteration 183. Team 1610612739 Game 21500424, Distance Threshold 4, Min Length 5...
Successfully completed data preprocessing
Running MA stat dsm...
Finished running MA stat dsm and the output delta was 0.002033121255543962
Checking significant subtrajectories...
Iteration 183 running time: 1049 seconds
--------------------------
Iteration 184. Team 1610612739 Game 21500424, Distance Threshold 4, Min Length 8...
Successfully completed data preprocessing
Running MA stat dsm...
Finished running MA stat dsm and the output delta was 0.0033342612227701828
Checking significant subtrajectories...
Iteration 184 running time: 1093 seconds
--------------------------
Iteration 185. Team 1610612739 Game 21500424, Distance Threshold 4, Min Length 10...
Successfully completed data preprocessing
Running MA stat dsm...
Finished running MA stat dsm and the output delta was 0.0019623288085095134
Checking significant subtrajectories...
Iteration 185 running time: 1118 seconds
--------------------------
Iteration 186. Team 1610612739 Game 21500438, Distance Threshold 1.5, Min Length 5...
Successfully completed data preprocessing
Running MA stat dsm...
Finished running MA stat dsm and the output delta was 0.017140582915202623
Checking significant subtrajectories...
Iteration 186 running time: 727 seconds
--------------------------
Iteration 187. Team 1610612739 Game 21500438, Distance Threshold 1.5, Min Length 8...
Successfully completed data preprocessing
Running MA stat dsm...
Finished running MA stat dsm and the output delta was 0.029701045787185482
Checking significant subtrajectories...
Iteration 187 running time: 789 seconds
--------------------------
Iteration 188. Team 1610612739 Game 21500438, Distance Threshold 1.5, Min Length 10...
Successfully completed data preprocessing
Running MA stat dsm...
Finished running MA stat dsm and the output delta was 0.016686084418949858
Checking significant subtrajectories...
Iteration 188 running time: 781 seconds
--------------------------
Iteration 189. Team 1610612739 Game 21500438, Distance Threshold 4, Min Length 5...
Successfully completed data preprocessing
Running MA stat dsm...
Finished running MA stat dsm and the output delta was 0.0018277502623945219
Checking significant subtrajectories...
Iteration 189 running time: 2818 seconds
--------------------------
Iteration 190. Team 1610612739 Game 21500438, Distance Threshold 4, Min Length 8...
Successfully completed data preprocessing
Running MA stat dsm...
Finished running MA stat dsm and the output delta was 0.0012985215509557068
Checking significant subtrajectories...
Iteration 190 running time: 2904 seconds
--------------------------
Iteration 191. Team 1610612739 Game 21500438, Distance Threshold 4, Min Length 10...
Successfully completed data preprocessing
Running MA stat dsm...
Finished running MA stat dsm and the output delta was 0.0018277502623945219
Checking significant subtrajectories...
Iteration 191 running time: 2922 seconds
--------------------------
Iteration 192. Team 1610612739 Game 21500453, Distance Threshold 1.5, Min Length 5...
Successfully completed data preprocessing
Running MA stat dsm...
Finished running MA stat dsm and the output delta was 0.016893534016737374
Checking significant subtrajectories...
Iteration 192 running time: 801 seconds
--------------------------
Iteration 193. Team 1610612739 Game 21500453, Distance Threshold 1.5, Min Length 8...
Successfully completed data preprocessing
Running MA stat dsm...
Finished running MA stat dsm and the output delta was 0.021602253068206217
Checking significant subtrajectories...
Iteration 193 running time: 871 seconds
--------------------------
Iteration 194. Team 1610612739 Game 21500453, Distance Threshold 1.5, Min Length 10...
Successfully completed data preprocessing
Running MA stat dsm...
Finished running MA stat dsm and the output delta was FAIL
Checking significant subtrajectories...
usage: significant_subtrajectories.py [-h] -d DELTA_S
significant_subtrajectories.py: error: argument -d/--delta: invalid float value: 'FAIL'
Iteration 194 running time: 861 seconds
--------------------------
Iteration 195. Team 1610612739 Game 21500453, Distance Threshold 4, Min Length 5...
Successfully completed data preprocessing
Running MA stat dsm...
Finished running MA stat dsm and the output delta was 0.0013819200028657587
Checking significant subtrajectories...
Iteration 195 running time: 3097 seconds
--------------------------
Iteration 196. Team 1610612739 Game 21500453, Distance Threshold 4, Min Length 8...
Successfully completed data preprocessing
Running MA stat dsm...
Finished running MA stat dsm and the output delta was 0.0013819200028657587
Checking significant subtrajectories...
Iteration 196 running time: 3071 seconds
--------------------------
Iteration 197. Team 1610612739 Game 21500453, Distance Threshold 4, Min Length 10...
Successfully completed data preprocessing
Running MA stat dsm...
Finished running MA stat dsm and the output delta was 0.0014077945013947811
Checking significant subtrajectories...
Iteration 197 running time: 3070 seconds
--------------------------
Iteration 198. Team 1610612739 Game 21500466, Distance Threshold 1.5, Min Length 5...
Successfully completed data preprocessing
Running MA stat dsm...
Finished running MA stat dsm and the output delta was 0.02383853434414469
Checking significant subtrajectories...
Iteration 198 running time: 530 seconds
--------------------------
Iteration 199. Team 1610612739 Game 21500466, Distance Threshold 1.5, Min Length 8...
Successfully completed data preprocessing
Running MA stat dsm...
Finished running MA stat dsm and the output delta was 0.020605872907365385
Checking significant subtrajectories...
Iteration 199 running time: 569 seconds
--------------------------
Iteration 200. Team 1610612739 Game 21500466, Distance Threshold 1.5, Min Length 10...
Successfully completed data preprocessing
Running MA stat dsm...
Finished running MA stat dsm and the output delta was FAIL
Checking significant subtrajectories...
usage: significant_subtrajectories.py [-h] -d DELTA_S
significant_subtrajectories.py: error: argument -d/--delta: invalid float value: 'FAIL'
Iteration 200 running time: 575 seconds
--------------------------
Iteration 201. Team 1610612739 Game 21500466, Distance Threshold 4, Min Length 5...
Successfully completed data preprocessing
Running MA stat dsm...
Finished running MA stat dsm and the output delta was 0.0016941216706803507
Checking significant subtrajectories...
Iteration 201 running time: 1675 seconds
--------------------------
Iteration 202. Team 1610612739 Game 21500466, Distance Threshold 4, Min Length 8...
Successfully completed data preprocessing
Running MA stat dsm...
Finished running MA stat dsm and the output delta was 0.002001732706126895
Checking significant subtrajectories...
Iteration 202 running time: 1749 seconds
--------------------------
Iteration 203. Team 1610612739 Game 21500466, Distance Threshold 4, Min Length 10...
Successfully completed data preprocessing
Running MA stat dsm...
Finished running MA stat dsm and the output delta was 0.0018083902676331602
Checking significant subtrajectories...
Iteration 203 running time: 1778 seconds
--------------------------
Iteration 204. Team 1610612739 Game 21500473, Distance Threshold 1.5, Min Length 5...
Successfully completed data preprocessing
Running MA stat dsm...
Finished running MA stat dsm and the output delta was 0.010574858830169799
Checking significant subtrajectories...
Iteration 204 running time: 475 seconds
--------------------------
Iteration 205. Team 1610612739 Game 21500473, Distance Threshold 1.5, Min Length 8...
Successfully completed data preprocessing
Running MA stat dsm...
Finished running MA stat dsm and the output delta was 0.006723898678142646
Checking significant subtrajectories...
Iteration 205 running time: 486 seconds
--------------------------
Iteration 206. Team 1610612739 Game 21500473, Distance Threshold 1.5, Min Length 10...
Successfully completed data preprocessing
Running MA stat dsm...
Finished running MA stat dsm and the output delta was 0.02190689569330346
Checking significant subtrajectories...
Iteration 206 running time: 508 seconds
--------------------------
Iteration 207. Team 1610612739 Game 21500473, Distance Threshold 4, Min Length 5...
Successfully completed data preprocessing
Running MA stat dsm...
Finished running MA stat dsm and the output delta was 0.002017169603442794
Checking significant subtrajectories...
Iteration 207 running time: 1455 seconds
--------------------------
Iteration 208. Team 1610612739 Game 21500473, Distance Threshold 4, Min Length 8...
Successfully completed data preprocessing
Running MA stat dsm...
Finished running MA stat dsm and the output delta was 0.0015924404491051488
Checking significant subtrajectories...
Iteration 208 running time: 1506 seconds
--------------------------
Iteration 209. Team 1610612739 Game 21500473, Distance Threshold 4, Min Length 10...
Successfully completed data preprocessing
Running MA stat dsm...
Finished running MA stat dsm and the output delta was 0.0015924404491051488
Checking significant subtrajectories...
Iteration 209 running time: 1550 seconds
--------------------------
Iteration 210. Team 1610612739 Game 21500291, Distance Threshold 1.5, Min Length 5...
Successfully completed data preprocessing
Running MA stat dsm...
Finished running MA stat dsm and the output delta was FAIL
Checking significant subtrajectories...
usage: significant_subtrajectories.py [-h] -d DELTA_S
significant_subtrajectories.py: error: argument -d/--delta: invalid float value: 'FAIL'
Iteration 210 running time: 99 seconds
--------------------------
Iteration 211. Team 1610612739 Game 21500291, Distance Threshold 1.5, Min Length 8...
Successfully completed data preprocessing
Running MA stat dsm...
Finished running MA stat dsm and the output delta was FAIL
Checking significant subtrajectories...
usage: significant_subtrajectories.py [-h] -d DELTA_S
significant_subtrajectories.py: error: argument -d/--delta: invalid float value: 'FAIL'
Iteration 211 running time: 98 seconds
--------------------------
Iteration 212. Team 1610612739 Game 21500291, Distance Threshold 1.5, Min Length 10...
Successfully completed data preprocessing
Running MA stat dsm...
Finished running MA stat dsm and the output delta was FAIL
Checking significant subtrajectories...
usage: significant_subtrajectories.py [-h] -d DELTA_S
significant_subtrajectories.py: error: argument -d/--delta: invalid float value: 'FAIL'
Iteration 212 running time: 102 seconds
--------------------------
Iteration 213. Team 1610612739 Game 21500291, Distance Threshold 4, Min Length 5...
Successfully completed data preprocessing
Running MA stat dsm...
Finished running MA stat dsm and the output delta was 0.0036364036826571516
Checking significant subtrajectories...
Iteration 213 running time: 281 seconds
--------------------------
Iteration 214. Team 1610612739 Game 21500291, Distance Threshold 4, Min Length 8...
Successfully completed data preprocessing
Running MA stat dsm...
Finished running MA stat dsm and the output delta was 0.0036364036826571516
Checking significant subtrajectories...
Iteration 214 running time: 297 seconds
--------------------------
Iteration 215. Team 1610612739 Game 21500291, Distance Threshold 4, Min Length 10...
Successfully completed data preprocessing
Running MA stat dsm...
Finished running MA stat dsm and the output delta was 0.0036364036826571516
Checking significant subtrajectories...
Iteration 215 running time: 307 seconds
Total running time: 233450 seconds
