--------------------------
Iteration 0. Team 1610612744 Game 21500504, Distance Threshold 1.5, Min Length 5...
Successfully completed data preprocessing
Running MA stat dsm...
Finished running MA stat dsm and the output delta was 0.014211326788181903
Checking significant subtrajectories...
Iteration 0 running time: 779 seconds
--------------------------
Iteration 1. Team 1610612744 Game 21500504, Distance Threshold 1.5, Min Length 8...
Successfully completed data preprocessing
Running MA stat dsm...
Finished running MA stat dsm and the output delta was 0.027524672004927548
Checking significant subtrajectories...
Iteration 1 running time: 787 seconds
--------------------------
Iteration 2. Team 1610612744 Game 21500504, Distance Threshold 1.5, Min Length 10...
Successfully completed data preprocessing
Running MA stat dsm...
Finished running MA stat dsm and the output delta was 0.03315976250575777
Checking significant subtrajectories...
Iteration 2 running time: 815 seconds
--------------------------
Iteration 3. Team 1610612744 Game 21500504, Distance Threshold 4, Min Length 5...
Successfully completed data preprocessing
Running MA stat dsm...
Finished running MA stat dsm and the output delta was 0.0018283428596597656
Checking significant subtrajectories...
Iteration 3 running time: 2780 seconds
--------------------------
Iteration 4. Team 1610612744 Game 21500504, Distance Threshold 4, Min Length 8...
Successfully completed data preprocessing
Running MA stat dsm...
Finished running MA stat dsm and the output delta was 0.0018283428596597656
Checking significant subtrajectories...
Iteration 4 running time: 2939 seconds
--------------------------
Iteration 5. Team 1610612744 Game 21500504, Distance Threshold 4, Min Length 10...
Successfully completed data preprocessing
Running MA stat dsm...
Finished running MA stat dsm and the output delta was 0.0010548119303384457
Checking significant subtrajectories...
Iteration 5 running time: 2867 seconds
--------------------------
Iteration 6. Team 1610612744 Game 21500520, Distance Threshold 1.5, Min Length 5...
Successfully completed data preprocessing
Running MA stat dsm...
Finished running MA stat dsm and the output delta was 0.016183168625355265
Checking significant subtrajectories...
Iteration 6 running time: 984 seconds
--------------------------
Iteration 7. Team 1610612744 Game 21500520, Distance Threshold 1.5, Min Length 8...
Successfully completed data preprocessing
Running MA stat dsm...
Finished running MA stat dsm and the output delta was 0.0195998995847916
Checking significant subtrajectories...
Iteration 7 running time: 1087 seconds
--------------------------
Iteration 8. Team 1610612744 Game 21500520, Distance Threshold 1.5, Min Length 10...
Successfully completed data preprocessing
Running MA stat dsm...
Finished running MA stat dsm and the output delta was FAIL
Checking significant subtrajectories...
usage: significant_subtrajectories.py [-h] -d DELTA_S
significant_subtrajectories.py: error: argument -d/--delta: invalid float value: 'FAIL'
Iteration 8 running time: 1126 seconds
--------------------------
Iteration 9. Team 1610612744 Game 21500520, Distance Threshold 4, Min Length 5...
Successfully completed data preprocessing
Running MA stat dsm...
Finished running MA stat dsm and the output delta was 0.0010936233597089195
Checking significant subtrajectories...
Iteration 9 running time: 4094 seconds
--------------------------
Iteration 10. Team 1610612744 Game 21500520, Distance Threshold 4, Min Length 8...
Successfully completed data preprocessing
Running MA stat dsm...
Finished running MA stat dsm and the output delta was 0.0013269878451595072
Checking significant subtrajectories...
Iteration 10 running time: 4257 seconds
--------------------------
Iteration 11. Team 1610612744 Game 21500520, Distance Threshold 4, Min Length 10...
Successfully completed data preprocessing
Running MA stat dsm...
Finished running MA stat dsm and the output delta was 0.0007762952491602757
Checking significant subtrajectories...
Iteration 11 running time: 4219 seconds
--------------------------
Iteration 12. Team 1610612744 Game 21500524, Distance Threshold 1.5, Min Length 5...
Successfully completed data preprocessing
Running MA stat dsm...
Finished running MA stat dsm and the output delta was 0.010793804743043164
Checking significant subtrajectories...
Iteration 12 running time: 886 seconds
--------------------------
Iteration 13. Team 1610612744 Game 21500524, Distance Threshold 1.5, Min Length 8...
Successfully completed data preprocessing
Running MA stat dsm...
Finished running MA stat dsm and the output delta was 0.01900223047200034
Checking significant subtrajectories...
Iteration 13 running time: 1001 seconds
--------------------------
Iteration 14. Team 1610612744 Game 21500524, Distance Threshold 1.5, Min Length 10...
Successfully completed data preprocessing
Running MA stat dsm...
Finished running MA stat dsm and the output delta was FAIL
Checking significant subtrajectories...
usage: significant_subtrajectories.py [-h] -d DELTA_S
significant_subtrajectories.py: error: argument -d/--delta: invalid float value: 'FAIL'
Iteration 14 running time: 1008 seconds
--------------------------
Iteration 15. Team 1610612744 Game 21500524, Distance Threshold 4, Min Length 5...
Successfully completed data preprocessing
Running MA stat dsm...
Finished running MA stat dsm and the output delta was 0.0010856800281987147
Checking significant subtrajectories...
Iteration 15 running time: 3553 seconds
--------------------------
Iteration 16. Team 1610612744 Game 21500524, Distance Threshold 4, Min Length 8...
Successfully completed data preprocessing
Running MA stat dsm...
Finished running MA stat dsm and the output delta was 0.0009391662048808249
Checking significant subtrajectories...
Iteration 16 running time: 3630 seconds
--------------------------
Iteration 17. Team 1610612744 Game 21500524, Distance Threshold 4, Min Length 10...
Successfully completed data preprocessing
Running MA stat dsm...
Finished running MA stat dsm and the output delta was 0.0010856800281987147
Checking significant subtrajectories...
Iteration 17 running time: 3648 seconds
--------------------------
Iteration 18. Team 1610612744 Game 21500548, Distance Threshold 1.5, Min Length 5...
Successfully completed data preprocessing
Running MA stat dsm...
Finished running MA stat dsm and the output delta was 0.01702898389381173
Checking significant subtrajectories...
Iteration 18 running time: 808 seconds
--------------------------
Iteration 19. Team 1610612744 Game 21500548, Distance Threshold 1.5, Min Length 8...
Successfully completed data preprocessing
Running MA stat dsm...
Finished running MA stat dsm and the output delta was 0.03326618492564985
Checking significant subtrajectories...
Iteration 19 running time: 871 seconds
--------------------------
Iteration 20. Team 1610612744 Game 21500548, Distance Threshold 1.5, Min Length 10...
Successfully completed data preprocessing
Running MA stat dsm...
Finished running MA stat dsm and the output delta was 0.0184635284754803
Checking significant subtrajectories...
Iteration 20 running time: 892 seconds
--------------------------
Iteration 21. Team 1610612744 Game 21500548, Distance Threshold 4, Min Length 5...
Successfully completed data preprocessing
Running MA stat dsm...
Finished running MA stat dsm and the output delta was 0.0009946260566755906
Checking significant subtrajectories...
Iteration 21 running time: 3077 seconds
--------------------------
Iteration 22. Team 1610612744 Game 21500548, Distance Threshold 4, Min Length 8...
Successfully completed data preprocessing
Running MA stat dsm...
Finished running MA stat dsm and the output delta was 0.0012833321860737756
Checking significant subtrajectories...
Iteration 22 running time: 3172 seconds
--------------------------
Iteration 23. Team 1610612744 Game 21500548, Distance Threshold 4, Min Length 10...
Successfully completed data preprocessing
Running MA stat dsm...
Finished running MA stat dsm and the output delta was 0.0009946260566755906
Checking significant subtrajectories...
Iteration 23 running time: 3230 seconds
--------------------------
Iteration 24. Team 1610612744 Game 21500556, Distance Threshold 1.5, Min Length 5...
Successfully completed data preprocessing
Running MA stat dsm...
Finished running MA stat dsm and the output delta was 0.01214700638895233
Checking significant subtrajectories...
Iteration 24 running time: 922 seconds
--------------------------
Iteration 25. Team 1610612744 Game 21500556, Distance Threshold 1.5, Min Length 8...
Successfully completed data preprocessing
Running MA stat dsm...
Finished running MA stat dsm and the output delta was 0.012373369753425352
Checking significant subtrajectories...
Iteration 25 running time: 974 seconds
--------------------------
Iteration 26. Team 1610612744 Game 21500556, Distance Threshold 1.5, Min Length 10...
Successfully completed data preprocessing
Running MA stat dsm...
Finished running MA stat dsm and the output delta was FAIL
Checking significant subtrajectories...
usage: significant_subtrajectories.py [-h] -d DELTA_S
significant_subtrajectories.py: error: argument -d/--delta: invalid float value: 'FAIL'
Iteration 26 running time: 1024 seconds
--------------------------
Iteration 27. Team 1610612744 Game 21500556, Distance Threshold 4, Min Length 5...
Successfully completed data preprocessing
Running MA stat dsm...
Finished running MA stat dsm and the output delta was 0.0010308573168158796
Checking significant subtrajectories...
Iteration 27 running time: 3728 seconds
--------------------------
Iteration 28. Team 1610612744 Game 21500556, Distance Threshold 4, Min Length 8...
Successfully completed data preprocessing
Running MA stat dsm...
Finished running MA stat dsm and the output delta was 0.0013643696216975743
Checking significant subtrajectories...
Iteration 28 running time: 3865 seconds
--------------------------
Iteration 29. Team 1610612744 Game 21500556, Distance Threshold 4, Min Length 10...
Successfully completed data preprocessing
Running MA stat dsm...
Finished running MA stat dsm and the output delta was 0.001418270342427338
Checking significant subtrajectories...
Iteration 29 running time: 3885 seconds
--------------------------
Iteration 30. Team 1610612744 Game 21500568, Distance Threshold 1.5, Min Length 5...
Successfully completed data preprocessing
Running MA stat dsm...
Finished running MA stat dsm and the output delta was 0.023561488073421847
Checking significant subtrajectories...
Iteration 30 running time: 468 seconds
--------------------------
Iteration 31. Team 1610612744 Game 21500568, Distance Threshold 1.5, Min Length 8...
Successfully completed data preprocessing
Running MA stat dsm...
Finished running MA stat dsm and the output delta was 0.01362890633519581
Checking significant subtrajectories...
Iteration 31 running time: 520 seconds
--------------------------
Iteration 32. Team 1610612744 Game 21500568, Distance Threshold 1.5, Min Length 10...
Successfully completed data preprocessing
Running MA stat dsm...
Finished running MA stat dsm and the output delta was 0.01362890633519581
Checking significant subtrajectories...
Iteration 32 running time: 469 seconds
--------------------------
Iteration 33. Team 1610612744 Game 21500568, Distance Threshold 4, Min Length 5...
Successfully completed data preprocessing
Running MA stat dsm...
Finished running MA stat dsm and the output delta was 0.001989061539760031
Checking significant subtrajectories...
Iteration 33 running time: 1490 seconds
--------------------------
Iteration 34. Team 1610612744 Game 21500568, Distance Threshold 4, Min Length 8...
Successfully completed data preprocessing
Running MA stat dsm...
Finished running MA stat dsm and the output delta was 0.001989061539760031
Checking significant subtrajectories...
Iteration 34 running time: 1545 seconds
--------------------------
Iteration 35. Team 1610612744 Game 21500568, Distance Threshold 4, Min Length 10...
Successfully completed data preprocessing
Running MA stat dsm...
Finished running MA stat dsm and the output delta was 0.0033907917702669407
Checking significant subtrajectories...
Iteration 35 running time: 1581 seconds
--------------------------
Iteration 36. Team 1610612744 Game 21500583, Distance Threshold 1.5, Min Length 5...
Successfully completed data preprocessing
Running MA stat dsm...
Finished running MA stat dsm and the output delta was 0.018946650953929667
Checking significant subtrajectories...
Some significant subtrajectories were found.
Iteration 36 running time: 697 seconds
--------------------------
Iteration 37. Team 1610612744 Game 21500583, Distance Threshold 1.5, Min Length 8...
Successfully completed data preprocessing
Running MA stat dsm...
Finished running MA stat dsm and the output delta was 0.016091375206006227
Checking significant subtrajectories...
Some significant subtrajectories were found.
Iteration 37 running time: 726 seconds
--------------------------
Iteration 38. Team 1610612744 Game 21500583, Distance Threshold 1.5, Min Length 10...
Successfully completed data preprocessing
Running MA stat dsm...
Finished running MA stat dsm and the output delta was 0.016091375206006227
Checking significant subtrajectories...
Some significant subtrajectories were found.
Iteration 38 running time: 728 seconds
--------------------------
Iteration 39. Team 1610612744 Game 21500583, Distance Threshold 4, Min Length 5...
Successfully completed data preprocessing
Running MA stat dsm...
Finished running MA stat dsm and the output delta was 0.0014831497725658132
Checking significant subtrajectories...
Iteration 39 running time: 2229 seconds
--------------------------
Iteration 40. Team 1610612744 Game 21500583, Distance Threshold 4, Min Length 8...
Successfully completed data preprocessing
Running MA stat dsm...
Finished running MA stat dsm and the output delta was 0.0019320623049937237
Checking significant subtrajectories...
Iteration 40 running time: 2313 seconds
--------------------------
Iteration 41. Team 1610612744 Game 21500583, Distance Threshold 4, Min Length 10...
Successfully completed data preprocessing
Running MA stat dsm...
Finished running MA stat dsm and the output delta was 0.0015918447968728939
Checking significant subtrajectories...
Iteration 41 running time: 2352 seconds
--------------------------
Iteration 42. Team 1610612744 Game 21500592, Distance Threshold 1.5, Min Length 5...
Successfully completed data preprocessing
Running MA stat dsm...
Finished running MA stat dsm and the output delta was 0.028011588034699688
Checking significant subtrajectories...
Iteration 42 running time: 489 seconds
--------------------------
Iteration 43. Team 1610612744 Game 21500592, Distance Threshold 1.5, Min Length 8...
Successfully completed data preprocessing
Running MA stat dsm...
Finished running MA stat dsm and the output delta was 0.018058701811061718
Checking significant subtrajectories...
Iteration 43 running time: 487 seconds
--------------------------
Iteration 44. Team 1610612744 Game 21500592, Distance Threshold 1.5, Min Length 10...
Successfully completed data preprocessing
Running MA stat dsm...
Finished running MA stat dsm and the output delta was 0.03166016678834993
Checking significant subtrajectories...
Iteration 44 running time: 513 seconds
--------------------------
Iteration 45. Team 1610612744 Game 21500592, Distance Threshold 4, Min Length 5...
Successfully completed data preprocessing
Running MA stat dsm...
Finished running MA stat dsm and the output delta was 0.0020530626670445915
Checking significant subtrajectories...
Iteration 45 running time: 1682 seconds
--------------------------
Iteration 46. Team 1610612744 Game 21500592, Distance Threshold 4, Min Length 8...
Successfully completed data preprocessing
Running MA stat dsm...
Finished running MA stat dsm and the output delta was 0.0020530626670445915
Checking significant subtrajectories...
Iteration 46 running time: 1772 seconds
--------------------------
Iteration 47. Team 1610612744 Game 21500592, Distance Threshold 4, Min Length 10...
Successfully completed data preprocessing
Running MA stat dsm...
Finished running MA stat dsm and the output delta was 0.0024365127582478214
Checking significant subtrajectories...
Iteration 47 running time: 1815 seconds
--------------------------
Iteration 48. Team 1610612744 Game 21500622, Distance Threshold 1.5, Min Length 5...
Successfully completed data preprocessing
Running MA stat dsm...
Finished running MA stat dsm and the output delta was FAIL
Checking significant subtrajectories...
usage: significant_subtrajectories.py [-h] -d DELTA_S
significant_subtrajectories.py: error: argument -d/--delta: invalid float value: 'FAIL'
Iteration 48 running time: 31 seconds
--------------------------
Iteration 49. Team 1610612744 Game 21500622, Distance Threshold 1.5, Min Length 8...
Successfully completed data preprocessing
Running MA stat dsm...
Finished running MA stat dsm and the output delta was FAIL
Checking significant subtrajectories...
usage: significant_subtrajectories.py [-h] -d DELTA_S
significant_subtrajectories.py: error: argument -d/--delta: invalid float value: 'FAIL'
Iteration 49 running time: 30 seconds
--------------------------
Iteration 50. Team 1610612744 Game 21500622, Distance Threshold 1.5, Min Length 10...
Successfully completed data preprocessing
Running MA stat dsm...
Finished running MA stat dsm and the output delta was FAIL
Checking significant subtrajectories...
usage: significant_subtrajectories.py [-h] -d DELTA_S
significant_subtrajectories.py: error: argument -d/--delta: invalid float value: 'FAIL'
Iteration 50 running time: 37 seconds
--------------------------
Iteration 51. Team 1610612744 Game 21500622, Distance Threshold 4, Min Length 5...
Successfully completed data preprocessing
Running MA stat dsm...
Finished running MA stat dsm and the output delta was 0.01532567049808429
Checking significant subtrajectories...
Iteration 51 running time: 76 seconds
--------------------------
Iteration 52. Team 1610612744 Game 21500622, Distance Threshold 4, Min Length 8...
Successfully completed data preprocessing
Running MA stat dsm...
Finished running MA stat dsm and the output delta was 0.01532567049808429
Checking significant subtrajectories...
Iteration 52 running time: 80 seconds
--------------------------
Iteration 53. Team 1610612744 Game 21500622, Distance Threshold 4, Min Length 10...
Successfully completed data preprocessing
Running MA stat dsm...
Finished running MA stat dsm and the output delta was 0.01532567049808429
Checking significant subtrajectories...
Iteration 53 running time: 81 seconds
--------------------------
Iteration 54. Team 1610612744 Game 21500003, Distance Threshold 1.5, Min Length 5...
Successfully completed data preprocessing
Running MA stat dsm...
Finished running MA stat dsm and the output delta was 0.02700763593501768
Checking significant subtrajectories...
Iteration 54 running time: 273 seconds
--------------------------
Iteration 55. Team 1610612744 Game 21500003, Distance Threshold 1.5, Min Length 8...
Successfully completed data preprocessing
Running MA stat dsm...
Finished running MA stat dsm and the output delta was 0.02700763593501768
Checking significant subtrajectories...
Iteration 55 running time: 269 seconds
--------------------------
Iteration 56. Team 1610612744 Game 21500003, Distance Threshold 1.5, Min Length 10...
Successfully completed data preprocessing
Running MA stat dsm...
Finished running MA stat dsm and the output delta was 0.02700763593501768
Checking significant subtrajectories...
Iteration 56 running time: 291 seconds
--------------------------
Iteration 57. Team 1610612744 Game 21500003, Distance Threshold 4, Min Length 5...
Successfully completed data preprocessing
Running MA stat dsm...
Finished running MA stat dsm and the output delta was 0.0038751321872626428
Checking significant subtrajectories...
Iteration 57 running time: 706 seconds
--------------------------
Iteration 58. Team 1610612744 Game 21500003, Distance Threshold 4, Min Length 8...
Successfully completed data preprocessing
Running MA stat dsm...
Finished running MA stat dsm and the output delta was 0.0038751321872626428
Checking significant subtrajectories...
Iteration 58 running time: 740 seconds
--------------------------
Iteration 59. Team 1610612744 Game 21500003, Distance Threshold 4, Min Length 10...
Successfully completed data preprocessing
Running MA stat dsm...
Finished running MA stat dsm and the output delta was 0.0036098327416064398
Checking significant subtrajectories...
Iteration 59 running time: 741 seconds
--------------------------
Iteration 60. Team 1610612744 Game 21500035, Distance Threshold 1.5, Min Length 5...
Successfully completed data preprocessing
Running MA stat dsm...
Finished running MA stat dsm and the output delta was 0.020147177949117415
Checking significant subtrajectories...
Iteration 60 running time: 321 seconds
--------------------------
Iteration 61. Team 1610612744 Game 21500035, Distance Threshold 1.5, Min Length 8...
Successfully completed data preprocessing
Running MA stat dsm...
Finished running MA stat dsm and the output delta was 0.020147177949117415
Checking significant subtrajectories...
Iteration 61 running time: 341 seconds
--------------------------
Iteration 62. Team 1610612744 Game 21500035, Distance Threshold 1.5, Min Length 10...
Successfully completed data preprocessing
Running MA stat dsm...
Finished running MA stat dsm and the output delta was 0.023083932368127974
Checking significant subtrajectories...
Iteration 62 running time: 341 seconds
--------------------------
Iteration 63. Team 1610612744 Game 21500035, Distance Threshold 4, Min Length 5...
Successfully completed data preprocessing
Running MA stat dsm...
Finished running MA stat dsm and the output delta was 0.0035651507956287434
Checking significant subtrajectories...
Iteration 63 running time: 876 seconds
--------------------------
Iteration 64. Team 1610612744 Game 21500035, Distance Threshold 4, Min Length 8...
Successfully completed data preprocessing
Running MA stat dsm...
Finished running MA stat dsm and the output delta was 0.0035651507956287434
Checking significant subtrajectories...
Iteration 64 running time: 942 seconds
--------------------------
Iteration 65. Team 1610612744 Game 21500035, Distance Threshold 4, Min Length 10...
Successfully completed data preprocessing
Running MA stat dsm...
Finished running MA stat dsm and the output delta was 0.0035651507956287434
Checking significant subtrajectories...
Iteration 65 running time: 947 seconds
--------------------------
Iteration 66. Team 1610612744 Game 21500051, Distance Threshold 1.5, Min Length 5...
Successfully completed data preprocessing
Running MA stat dsm...
Finished running MA stat dsm and the output delta was 0.015921157989969882
Checking significant subtrajectories...
Iteration 66 running time: 545 seconds
--------------------------
Iteration 67. Team 1610612744 Game 21500051, Distance Threshold 1.5, Min Length 8...
Successfully completed data preprocessing
Running MA stat dsm...
Finished running MA stat dsm and the output delta was 0.028097723358445598
Checking significant subtrajectories...
Iteration 67 running time: 552 seconds
--------------------------
Iteration 68. Team 1610612744 Game 21500051, Distance Threshold 1.5, Min Length 10...
Successfully completed data preprocessing
Running MA stat dsm...
Finished running MA stat dsm and the output delta was 0.015921157989969882
Checking significant subtrajectories...
Iteration 68 running time: 567 seconds
--------------------------
Iteration 69. Team 1610612744 Game 21500051, Distance Threshold 4, Min Length 5...
Successfully completed data preprocessing
Running MA stat dsm...
Finished running MA stat dsm and the output delta was 0.001943018144985652
Checking significant subtrajectories...
Iteration 69 running time: 1726 seconds
--------------------------
Iteration 70. Team 1610612744 Game 21500051, Distance Threshold 4, Min Length 8...
Successfully completed data preprocessing
Running MA stat dsm...
Finished running MA stat dsm and the output delta was 0.0019581357951862985
Checking significant subtrajectories...
Iteration 70 running time: 1795 seconds
--------------------------
Iteration 71. Team 1610612744 Game 21500051, Distance Threshold 4, Min Length 10...
Successfully completed data preprocessing
Running MA stat dsm...
Finished running MA stat dsm and the output delta was 0.001943018144985652
Checking significant subtrajectories...
Iteration 71 running time: 1797 seconds
--------------------------
Iteration 72. Team 1610612744 Game 21500069, Distance Threshold 1.5, Min Length 5...
Successfully completed data preprocessing
Running MA stat dsm...
Finished running MA stat dsm and the output delta was 0.02759312680295999
Checking significant subtrajectories...
Iteration 72 running time: 204 seconds
--------------------------
Iteration 73. Team 1610612744 Game 21500069, Distance Threshold 1.5, Min Length 8...
Successfully completed data preprocessing
Running MA stat dsm...
Finished running MA stat dsm and the output delta was 0.02759312680295999
Checking significant subtrajectories...
Iteration 73 running time: 216 seconds
--------------------------
Iteration 74. Team 1610612744 Game 21500069, Distance Threshold 1.5, Min Length 10...
Successfully completed data preprocessing
Running MA stat dsm...
Finished running MA stat dsm and the output delta was 0.02759312680295999
Checking significant subtrajectories...
Iteration 74 running time: 210 seconds
--------------------------
Iteration 75. Team 1610612744 Game 21500069, Distance Threshold 4, Min Length 5...
Successfully completed data preprocessing
Running MA stat dsm...
Finished running MA stat dsm and the output delta was 0.005878238405797209
Checking significant subtrajectories...
Iteration 75 running time: 541 seconds
--------------------------
Iteration 76. Team 1610612744 Game 21500069, Distance Threshold 4, Min Length 8...
Successfully completed data preprocessing
Running MA stat dsm...
Finished running MA stat dsm and the output delta was 0.004811913284257446
Checking significant subtrajectories...
Iteration 76 running time: 554 seconds
--------------------------
Iteration 77. Team 1610612744 Game 21500069, Distance Threshold 4, Min Length 10...
Successfully completed data preprocessing
Running MA stat dsm...
Finished running MA stat dsm and the output delta was 0.005878238405797209
Checking significant subtrajectories...
Iteration 77 running time: 565 seconds
--------------------------
Iteration 78. Team 1610612744 Game 21500083, Distance Threshold 1.5, Min Length 5...
Successfully completed data preprocessing
Running MA stat dsm...
Finished running MA stat dsm and the output delta was 0.010534158906144663
Checking significant subtrajectories...
Iteration 78 running time: 1037 seconds
--------------------------
Iteration 79. Team 1610612744 Game 21500083, Distance Threshold 1.5, Min Length 8...
Successfully completed data preprocessing
Running MA stat dsm...
Finished running MA stat dsm and the output delta was 0.011008492358610861
Checking significant subtrajectories...
Iteration 79 running time: 1149 seconds
--------------------------
Iteration 80. Team 1610612744 Game 21500083, Distance Threshold 1.5, Min Length 10...
Successfully completed data preprocessing
Running MA stat dsm...
Finished running MA stat dsm and the output delta was 0.011008492358610861
Checking significant subtrajectories...
Iteration 80 running time: 1114 seconds
--------------------------
Iteration 81. Team 1610612744 Game 21500083, Distance Threshold 4, Min Length 5...
Successfully completed data preprocessing
Running MA stat dsm...
Finished running MA stat dsm and the output delta was 0.0008989826049916696
Checking significant subtrajectories...
Iteration 81 running time: 4346 seconds
--------------------------
Iteration 82. Team 1610612744 Game 21500083, Distance Threshold 4, Min Length 8...
Successfully completed data preprocessing
Running MA stat dsm...
Finished running MA stat dsm and the output delta was 0.0008810827117661654
Checking significant subtrajectories...
Some significant subtrajectories were found.
Iteration 82 running time: 4426 seconds
--------------------------
Iteration 83. Team 1610612744 Game 21500083, Distance Threshold 4, Min Length 10...
Successfully completed data preprocessing
Running MA stat dsm...
Finished running MA stat dsm and the output delta was 0.0008989826049916696
Checking significant subtrajectories...
Iteration 83 running time: 4411 seconds
--------------------------
Iteration 84. Team 1610612744 Game 21500092, Distance Threshold 1.5, Min Length 5...
Successfully completed data preprocessing
Running MA stat dsm...
Finished running MA stat dsm and the output delta was 0.015872814198227763
Checking significant subtrajectories...
Iteration 84 running time: 588 seconds
--------------------------
Iteration 85. Team 1610612744 Game 21500092, Distance Threshold 1.5, Min Length 8...
Successfully completed data preprocessing
Running MA stat dsm...
Finished running MA stat dsm and the output delta was 0.023406253529581957
Checking significant subtrajectories...
Iteration 85 running time: 624 seconds
--------------------------
Iteration 86. Team 1610612744 Game 21500092, Distance Threshold 1.5, Min Length 10...
Successfully completed data preprocessing
Running MA stat dsm...
Finished running MA stat dsm and the output delta was 0.036507472655923856
Checking significant subtrajectories...
Some significant subtrajectories were found.
Iteration 86 running time: 625 seconds
--------------------------
Iteration 87. Team 1610612744 Game 21500092, Distance Threshold 4, Min Length 5...
Successfully completed data preprocessing
Running MA stat dsm...
Finished running MA stat dsm and the output delta was 0.0012161518097850335
Checking significant subtrajectories...
Iteration 87 running time: 1864 seconds
--------------------------
Iteration 88. Team 1610612744 Game 21500092, Distance Threshold 4, Min Length 8...
Successfully completed data preprocessing
Running MA stat dsm...
Finished running MA stat dsm and the output delta was 0.0012161518097850335
Checking significant subtrajectories...
Iteration 88 running time: 1908 seconds
--------------------------
Iteration 89. Team 1610612744 Game 21500092, Distance Threshold 4, Min Length 10...
Successfully completed data preprocessing
Running MA stat dsm...
Finished running MA stat dsm and the output delta was 0.0014008349162360422
Checking significant subtrajectories...
Iteration 89 running time: 1919 seconds
--------------------------
Iteration 90. Team 1610612744 Game 21500104, Distance Threshold 1.5, Min Length 5...
Successfully completed data preprocessing
Running MA stat dsm...
Finished running MA stat dsm and the output delta was 0.017066779622448156
Checking significant subtrajectories...
Iteration 90 running time: 546 seconds
--------------------------
Iteration 91. Team 1610612744 Game 21500104, Distance Threshold 1.5, Min Length 8...
Successfully completed data preprocessing
Running MA stat dsm...
Finished running MA stat dsm and the output delta was 0.027610283781685736
Checking significant subtrajectories...
Iteration 91 running time: 575 seconds
--------------------------
Iteration 92. Team 1610612744 Game 21500104, Distance Threshold 1.5, Min Length 10...
Successfully completed data preprocessing
Running MA stat dsm...
Finished running MA stat dsm and the output delta was FAIL
Checking significant subtrajectories...
usage: significant_subtrajectories.py [-h] -d DELTA_S
significant_subtrajectories.py: error: argument -d/--delta: invalid float value: 'FAIL'
Iteration 92 running time: 569 seconds
--------------------------
Iteration 93. Team 1610612744 Game 21500104, Distance Threshold 4, Min Length 5...
Successfully completed data preprocessing
Running MA stat dsm...
Finished running MA stat dsm and the output delta was 0.00198181328050107
Checking significant subtrajectories...
Iteration 93 running time: 1702 seconds
--------------------------
Iteration 94. Team 1610612744 Game 21500104, Distance Threshold 4, Min Length 8...
Successfully completed data preprocessing
Running MA stat dsm...
Finished running MA stat dsm and the output delta was 0.001553611310431119
Checking significant subtrajectories...
Iteration 94 running time: 1772 seconds
--------------------------
Iteration 95. Team 1610612744 Game 21500104, Distance Threshold 4, Min Length 10...
Successfully completed data preprocessing
Running MA stat dsm...
Finished running MA stat dsm and the output delta was 0.0014708492930787167
Checking significant subtrajectories...
Iteration 95 running time: 1745 seconds
--------------------------
Iteration 96. Team 1610612744 Game 21500120, Distance Threshold 1.5, Min Length 5...
Successfully completed data preprocessing
Running MA stat dsm...
Finished running MA stat dsm and the output delta was 0.010591423368626821
Checking significant subtrajectories...
Iteration 96 running time: 994 seconds
--------------------------
Iteration 97. Team 1610612744 Game 21500120, Distance Threshold 1.5, Min Length 8...
Successfully completed data preprocessing
Running MA stat dsm...
Finished running MA stat dsm and the output delta was 0.0195998995847916
Checking significant subtrajectories...
Iteration 97 running time: 1081 seconds
--------------------------
Iteration 98. Team 1610612744 Game 21500120, Distance Threshold 1.5, Min Length 10...
Successfully completed data preprocessing
Running MA stat dsm...
Finished running MA stat dsm and the output delta was FAIL
Checking significant subtrajectories...
usage: significant_subtrajectories.py [-h] -d DELTA_S
significant_subtrajectories.py: error: argument -d/--delta: invalid float value: 'FAIL'
Iteration 98 running time: 1110 seconds
--------------------------
Iteration 99. Team 1610612744 Game 21500120, Distance Threshold 4, Min Length 5...
Successfully completed data preprocessing
Running MA stat dsm...
Finished running MA stat dsm and the output delta was 0.001043077528623592
Checking significant subtrajectories...
Iteration 99 running time: 4088 seconds
--------------------------
Iteration 100. Team 1610612744 Game 21500120, Distance Threshold 4, Min Length 8...
Successfully completed data preprocessing
Running MA stat dsm...
Finished running MA stat dsm and the output delta was 0.0013269878451595072
Checking significant subtrajectories...
Iteration 100 running time: 4281 seconds
--------------------------
Iteration 101. Team 1610612744 Game 21500120, Distance Threshold 4, Min Length 10...
Successfully completed data preprocessing
Running MA stat dsm...
Finished running MA stat dsm and the output delta was 0.0011548365213169323
Checking significant subtrajectories...
Iteration 101 running time: 4231 seconds
--------------------------
Iteration 102. Team 1610612744 Game 21500125, Distance Threshold 1.5, Min Length 5...
Successfully completed data preprocessing
Running MA stat dsm...
Finished running MA stat dsm and the output delta was 0.022241124828649303
Checking significant subtrajectories...
Iteration 102 running time: 547 seconds
--------------------------
Iteration 103. Team 1610612744 Game 21500125, Distance Threshold 1.5, Min Length 8...
Successfully completed data preprocessing
Running MA stat dsm...
Finished running MA stat dsm and the output delta was 0.026438740174792502
Checking significant subtrajectories...
Iteration 103 running time: 567 seconds
--------------------------
Iteration 104. Team 1610612744 Game 21500125, Distance Threshold 1.5, Min Length 10...
Successfully completed data preprocessing
Running MA stat dsm...
Finished running MA stat dsm and the output delta was 0.026438740174792502
Checking significant subtrajectories...
Iteration 104 running time: 575 seconds
--------------------------
Iteration 105. Team 1610612744 Game 21500125, Distance Threshold 4, Min Length 5...
Successfully completed data preprocessing
Running MA stat dsm...
Finished running MA stat dsm and the output delta was 0.0019025266264132328
Checking significant subtrajectories...
Iteration 105 running time: 1688 seconds
--------------------------
Iteration 106. Team 1610612744 Game 21500125, Distance Threshold 4, Min Length 8...
Successfully completed data preprocessing
Running MA stat dsm...
Finished running MA stat dsm and the output delta was 0.0019025266264132328
Checking significant subtrajectories...
Iteration 106 running time: 1756 seconds
--------------------------
Iteration 107. Team 1610612744 Game 21500125, Distance Threshold 4, Min Length 10...
Successfully completed data preprocessing
Running MA stat dsm...
Finished running MA stat dsm and the output delta was 0.0026888094644988204
Checking significant subtrajectories...
Iteration 107 running time: 1831 seconds
--------------------------
Iteration 108. Team 1610612744 Game 21500144, Distance Threshold 1.5, Min Length 5...
Successfully completed data preprocessing
Running MA stat dsm...
Finished running MA stat dsm and the output delta was 0.021581613698856257
Checking significant subtrajectories...
Iteration 108 running time: 725 seconds
--------------------------
Iteration 109. Team 1610612744 Game 21500144, Distance Threshold 1.5, Min Length 8...
Successfully completed data preprocessing
Running MA stat dsm...
Finished running MA stat dsm and the output delta was 0.02199165246124104
Checking significant subtrajectories...
Iteration 109 running time: 722 seconds
--------------------------
Iteration 110. Team 1610612744 Game 21500144, Distance Threshold 1.5, Min Length 10...
Successfully completed data preprocessing
Running MA stat dsm...
Finished running MA stat dsm and the output delta was FAIL
Checking significant subtrajectories...
usage: significant_subtrajectories.py [-h] -d DELTA_S
significant_subtrajectories.py: error: argument -d/--delta: invalid float value: 'FAIL'
Iteration 110 running time: 740 seconds
--------------------------
Iteration 111. Team 1610612744 Game 21500144, Distance Threshold 4, Min Length 5...
Successfully completed data preprocessing
Running MA stat dsm...
Finished running MA stat dsm and the output delta was 0.002014686372941987
Checking significant subtrajectories...
Iteration 111 running time: 2422 seconds
--------------------------
Iteration 112. Team 1610612744 Game 21500144, Distance Threshold 4, Min Length 8...
Successfully completed data preprocessing
Running MA stat dsm...
Finished running MA stat dsm and the output delta was 0.0013638692327681444
Checking significant subtrajectories...
Iteration 112 running time: 2395 seconds
--------------------------
Iteration 113. Team 1610612744 Game 21500144, Distance Threshold 4, Min Length 10...
Successfully completed data preprocessing
Running MA stat dsm...
Finished running MA stat dsm and the output delta was 0.0011168786953436323
Checking significant subtrajectories...
Iteration 113 running time: 2455 seconds
--------------------------
Iteration 114. Team 1610612744 Game 21500164, Distance Threshold 1.5, Min Length 5...
Successfully completed data preprocessing
Running MA stat dsm...
Finished running MA stat dsm and the output delta was 0.012796635936118449
Checking significant subtrajectories...
Iteration 114 running time: 782 seconds
--------------------------
Iteration 115. Team 1610612744 Game 21500164, Distance Threshold 1.5, Min Length 8...
Successfully completed data preprocessing
Running MA stat dsm...
Finished running MA stat dsm and the output delta was 0.022558806003051816
Checking significant subtrajectories...
Iteration 115 running time: 829 seconds
--------------------------
Iteration 116. Team 1610612744 Game 21500164, Distance Threshold 1.5, Min Length 10...
Successfully completed data preprocessing
Running MA stat dsm...
Finished running MA stat dsm and the output delta was FAIL
Checking significant subtrajectories...
usage: significant_subtrajectories.py [-h] -d DELTA_S
significant_subtrajectories.py: error: argument -d/--delta: invalid float value: 'FAIL'
Iteration 116 running time: 854 seconds
--------------------------
Iteration 117. Team 1610612744 Game 21500164, Distance Threshold 4, Min Length 5...
Successfully completed data preprocessing
Running MA stat dsm...
Finished running MA stat dsm and the output delta was 0.0019821061579829583
Checking significant subtrajectories...
Iteration 117 running time: 2762 seconds
--------------------------
Iteration 118. Team 1610612744 Game 21500164, Distance Threshold 4, Min Length 8...
Successfully completed data preprocessing
Running MA stat dsm...
Finished running MA stat dsm and the output delta was 0.0015334694317905267
Checking significant subtrajectories...
Iteration 118 running time: 2805 seconds
--------------------------
Iteration 119. Team 1610612744 Game 21500164, Distance Threshold 4, Min Length 10...
Successfully completed data preprocessing
Running MA stat dsm...
Finished running MA stat dsm and the output delta was 0.0017293923720651631
Checking significant subtrajectories...
Iteration 119 running time: 2963 seconds
--------------------------
Iteration 120. Team 1610612744 Game 21500177, Distance Threshold 1.5, Min Length 5...
Successfully completed data preprocessing
Running MA stat dsm...
Finished running MA stat dsm and the output delta was 0.025474525474525472
Checking significant subtrajectories...
Iteration 120 running time: 271 seconds
--------------------------
Iteration 121. Team 1610612744 Game 21500177, Distance Threshold 1.5, Min Length 8...
Successfully completed data preprocessing
Running MA stat dsm...
Finished running MA stat dsm and the output delta was 0.025474525474525472
Checking significant subtrajectories...
Iteration 121 running time: 287 seconds
--------------------------
Iteration 122. Team 1610612744 Game 21500177, Distance Threshold 1.5, Min Length 10...
Successfully completed data preprocessing
Running MA stat dsm...
Finished running MA stat dsm and the output delta was 0.027750730282375853
Checking significant subtrajectories...
Iteration 122 running time: 294 seconds
--------------------------
Iteration 123. Team 1610612744 Game 21500177, Distance Threshold 4, Min Length 5...
Successfully completed data preprocessing
Running MA stat dsm...
Finished running MA stat dsm and the output delta was 0.004928135211901272
Checking significant subtrajectories...
Iteration 123 running time: 731 seconds
--------------------------
Iteration 124. Team 1610612744 Game 21500177, Distance Threshold 4, Min Length 8...
Successfully completed data preprocessing
Running MA stat dsm...
Finished running MA stat dsm and the output delta was 0.005063028957601526
Checking significant subtrajectories...
Iteration 124 running time: 782 seconds
--------------------------
Iteration 125. Team 1610612744 Game 21500177, Distance Threshold 4, Min Length 10...
Successfully completed data preprocessing
Running MA stat dsm...
Finished running MA stat dsm and the output delta was 0.005063028957601526
Checking significant subtrajectories...
Iteration 125 running time: 778 seconds
--------------------------
Iteration 126. Team 1610612744 Game 21500187, Distance Threshold 1.5, Min Length 5...
Successfully completed data preprocessing
Running MA stat dsm...
Finished running MA stat dsm and the output delta was 0.020774884577388162
Checking significant subtrajectories...
Iteration 126 running time: 672 seconds
--------------------------
Iteration 127. Team 1610612744 Game 21500187, Distance Threshold 1.5, Min Length 8...
Successfully completed data preprocessing
Running MA stat dsm...
Finished running MA stat dsm and the output delta was 0.024306282208909933
Checking significant subtrajectories...
Iteration 127 running time: 725 seconds
--------------------------
Iteration 128. Team 1610612744 Game 21500187, Distance Threshold 1.5, Min Length 10...
Successfully completed data preprocessing
Running MA stat dsm...
Finished running MA stat dsm and the output delta was 0.024306282208909933
Checking significant subtrajectories...
Iteration 128 running time: 742 seconds
--------------------------
Iteration 129. Team 1610612744 Game 21500187, Distance Threshold 4, Min Length 5...
Successfully completed data preprocessing
Running MA stat dsm...
Finished running MA stat dsm and the output delta was 0.001591979765060705
Checking significant subtrajectories...
Iteration 129 running time: 2243 seconds
--------------------------
Iteration 130. Team 1610612744 Game 21500187, Distance Threshold 4, Min Length 8...
Successfully completed data preprocessing
Running MA stat dsm...
Finished running MA stat dsm and the output delta was 0.0012270109509818872
Checking significant subtrajectories...
Iteration 130 running time: 2287 seconds
--------------------------
Iteration 131. Team 1610612744 Game 21500187, Distance Threshold 4, Min Length 10...
Successfully completed data preprocessing
Running MA stat dsm...
Finished running MA stat dsm and the output delta was 0.0014993017507305576
Checking significant subtrajectories...
Iteration 131 running time: 2396 seconds
--------------------------
Iteration 132. Team 1610612744 Game 21500200, Distance Threshold 1.5, Min Length 5...
Successfully completed data preprocessing
Running MA stat dsm...
Finished running MA stat dsm and the output delta was 0.011390556942051728
Checking significant subtrajectories...
Iteration 132 running time: 1152 seconds
--------------------------
Iteration 133. Team 1610612744 Game 21500200, Distance Threshold 1.5, Min Length 8...
Successfully completed data preprocessing
Running MA stat dsm...
Finished running MA stat dsm and the output delta was 0.011390556942051728
Checking significant subtrajectories...
Iteration 133 running time: 1304 seconds
--------------------------
Iteration 134. Team 1610612744 Game 21500200, Distance Threshold 1.5, Min Length 10...
Successfully completed data preprocessing
Running MA stat dsm...
Finished running MA stat dsm and the output delta was 0.0242727344360388
Checking significant subtrajectories...
Iteration 134 running time: 1313 seconds
--------------------------
Iteration 135. Team 1610612744 Game 21500200, Distance Threshold 4, Min Length 5...
Successfully completed data preprocessing
Running MA stat dsm...
Finished running MA stat dsm and the output delta was 0.0009283341361814295
Checking significant subtrajectories...
Iteration 135 running time: 5144 seconds
--------------------------
Iteration 136. Team 1610612744 Game 21500200, Distance Threshold 4, Min Length 8...
Successfully completed data preprocessing
Running MA stat dsm...
Finished running MA stat dsm and the output delta was 0.0009453967571790205
Checking significant subtrajectories...
Iteration 136 running time: 5255 seconds
--------------------------
Iteration 137. Team 1610612744 Game 21500200, Distance Threshold 4, Min Length 10...
Successfully completed data preprocessing
Running MA stat dsm...
Finished running MA stat dsm and the output delta was 0.000596785310913886
Checking significant subtrajectories...
Iteration 137 running time: 5223 seconds
--------------------------
Iteration 138. Team 1610612744 Game 21500214, Distance Threshold 1.5, Min Length 5...
Successfully completed data preprocessing
Running MA stat dsm...
Finished running MA stat dsm and the output delta was 0.01658305658713055
Checking significant subtrajectories...
Iteration 138 running time: 587 seconds
--------------------------
Iteration 139. Team 1610612744 Game 21500214, Distance Threshold 1.5, Min Length 8...
Successfully completed data preprocessing
Running MA stat dsm...
Finished running MA stat dsm and the output delta was 0.012984457997245721
Checking significant subtrajectories...
Iteration 139 running time: 626 seconds
--------------------------
Iteration 140. Team 1610612744 Game 21500214, Distance Threshold 1.5, Min Length 10...
Successfully completed data preprocessing
Running MA stat dsm...
Finished running MA stat dsm and the output delta was FAIL
Checking significant subtrajectories...
usage: significant_subtrajectories.py [-h] -d DELTA_S
significant_subtrajectories.py: error: argument -d/--delta: invalid float value: 'FAIL'
Iteration 140 running time: 617 seconds
--------------------------
Iteration 141. Team 1610612744 Game 21500214, Distance Threshold 4, Min Length 5...
Successfully completed data preprocessing
Running MA stat dsm...
Finished running MA stat dsm and the output delta was 0.0020097437937479775
Checking significant subtrajectories...
Iteration 141 running time: 1802 seconds
--------------------------
Iteration 142. Team 1610612744 Game 21500214, Distance Threshold 4, Min Length 8...
Successfully completed data preprocessing
Running MA stat dsm...
Finished running MA stat dsm and the output delta was 0.0010901339511064387
Checking significant subtrajectories...
Iteration 142 running time: 1810 seconds
--------------------------
Iteration 143. Team 1610612744 Game 21500214, Distance Threshold 4, Min Length 10...
Successfully completed data preprocessing
Running MA stat dsm...
Finished running MA stat dsm and the output delta was 0.0020097437937479775
Checking significant subtrajectories...
Iteration 143 running time: 1921 seconds
--------------------------
Iteration 144. Team 1610612744 Game 21500236, Distance Threshold 1.5, Min Length 5...
Successfully completed data preprocessing
Running MA stat dsm...
Finished running MA stat dsm and the output delta was 0.03338012305262153
Checking significant subtrajectories...
Iteration 144 running time: 595 seconds
--------------------------
Iteration 145. Team 1610612744 Game 21500236, Distance Threshold 1.5, Min Length 8...
Successfully completed data preprocessing
Running MA stat dsm...
Finished running MA stat dsm and the output delta was 0.023406253529581957
Checking significant subtrajectories...
Iteration 145 running time: 640 seconds
--------------------------
Iteration 146. Team 1610612744 Game 21500236, Distance Threshold 1.5, Min Length 10...
Successfully completed data preprocessing
Running MA stat dsm...
Finished running MA stat dsm and the output delta was FAIL
Checking significant subtrajectories...
usage: significant_subtrajectories.py [-h] -d DELTA_S
significant_subtrajectories.py: error: argument -d/--delta: invalid float value: 'FAIL'
Iteration 146 running time: 591 seconds
--------------------------
Iteration 147. Team 1610612744 Game 21500236, Distance Threshold 4, Min Length 5...
Successfully completed data preprocessing
Running MA stat dsm...
Finished running MA stat dsm and the output delta was 0.0022843327610940927
Checking significant subtrajectories...
Iteration 147 running time: 1879 seconds
--------------------------
Iteration 148. Team 1610612744 Game 21500236, Distance Threshold 4, Min Length 8...
Successfully completed data preprocessing
Running MA stat dsm...
Finished running MA stat dsm and the output delta was 0.0015423159166227766
Checking significant subtrajectories...
Iteration 148 running time: 1886 seconds
--------------------------
Iteration 149. Team 1610612744 Game 21500236, Distance Threshold 4, Min Length 10...
Successfully completed data preprocessing
Running MA stat dsm...
Finished running MA stat dsm and the output delta was 0.0015423159166227766
Checking significant subtrajectories...
Iteration 149 running time: 2004 seconds
--------------------------
Iteration 150. Team 1610612744 Game 21500245, Distance Threshold 1.5, Min Length 5...
Successfully completed data preprocessing
Running MA stat dsm...
Finished running MA stat dsm and the output delta was 0.023406253529581957
Checking significant subtrajectories...
Iteration 150 running time: 596 seconds
--------------------------
Iteration 151. Team 1610612744 Game 21500245, Distance Threshold 1.5, Min Length 8...
Successfully completed data preprocessing
Running MA stat dsm...
Finished running MA stat dsm and the output delta was 0.023406253529581957
Checking significant subtrajectories...
Iteration 151 running time: 603 seconds
--------------------------
Iteration 152. Team 1610612744 Game 21500245, Distance Threshold 1.5, Min Length 10...
Successfully completed data preprocessing
Running MA stat dsm...
Finished running MA stat dsm and the output delta was 0.036507472655923856
Checking significant subtrajectories...
Iteration 152 running time: 606 seconds
--------------------------
Iteration 153. Team 1610612744 Game 21500245, Distance Threshold 4, Min Length 5...
Successfully completed data preprocessing
Running MA stat dsm...
Finished running MA stat dsm and the output delta was 0.0015423159166227766
Checking significant subtrajectories...
Iteration 153 running time: 1826 seconds
--------------------------
Iteration 154. Team 1610612744 Game 21500245, Distance Threshold 4, Min Length 8...
Successfully completed data preprocessing
Running MA stat dsm...
Finished running MA stat dsm and the output delta was 0.0014008349162360422
Checking significant subtrajectories...
Iteration 154 running time: 1906 seconds
--------------------------
Iteration 155. Team 1610612744 Game 21500245, Distance Threshold 4, Min Length 10...
Successfully completed data preprocessing
Running MA stat dsm...
Finished running MA stat dsm and the output delta was 0.0014008349162360422
Checking significant subtrajectories...
Iteration 155 running time: 1934 seconds
--------------------------
Iteration 156. Team 1610612744 Game 21500259, Distance Threshold 1.5, Min Length 5...
Successfully completed data preprocessing
Running MA stat dsm...
Finished running MA stat dsm and the output delta was 0.01658305658713055
Checking significant subtrajectories...
Iteration 156 running time: 584 seconds
--------------------------
Iteration 157. Team 1610612744 Game 21500259, Distance Threshold 1.5, Min Length 8...
Successfully completed data preprocessing
Running MA stat dsm...
Finished running MA stat dsm and the output delta was 0.012984457997245721
Checking significant subtrajectories...
Iteration 157 running time: 609 seconds
--------------------------
Iteration 158. Team 1610612744 Game 21500259, Distance Threshold 1.5, Min Length 10...
Successfully completed data preprocessing
Running MA stat dsm...
Finished running MA stat dsm and the output delta was FAIL
Checking significant subtrajectories...
usage: significant_subtrajectories.py [-h] -d DELTA_S
significant_subtrajectories.py: error: argument -d/--delta: invalid float value: 'FAIL'
Iteration 158 running time: 601 seconds
--------------------------
Iteration 159. Team 1610612744 Game 21500259, Distance Threshold 4, Min Length 5...
Successfully completed data preprocessing
Running MA stat dsm...
Finished running MA stat dsm and the output delta was 0.0020097437937479775
Checking significant subtrajectories...
Iteration 159 running time: 1807 seconds
--------------------------
Iteration 160. Team 1610612744 Game 21500259, Distance Threshold 4, Min Length 8...
Successfully completed data preprocessing
Running MA stat dsm...
Finished running MA stat dsm and the output delta was 0.0010901339511064387
Checking significant subtrajectories...
Iteration 160 running time: 1849 seconds
--------------------------
Iteration 161. Team 1610612744 Game 21500259, Distance Threshold 4, Min Length 10...
Successfully completed data preprocessing
Running MA stat dsm...
Finished running MA stat dsm and the output delta was 0.0020097437937479775
Checking significant subtrajectories...
Iteration 161 running time: 1875 seconds
--------------------------
Iteration 162. Team 1610612744 Game 21500268, Distance Threshold 1.5, Min Length 5...
Successfully completed data preprocessing
Running MA stat dsm...
Finished running MA stat dsm and the output delta was 0.014357003489703337
Checking significant subtrajectories...
Iteration 162 running time: 1106 seconds
--------------------------
Iteration 163. Team 1610612744 Game 21500268, Distance Threshold 1.5, Min Length 8...
Successfully completed data preprocessing
Running MA stat dsm...
Finished running MA stat dsm and the output delta was 0.01642859330715149
Checking significant subtrajectories...
Iteration 163 running time: 1143 seconds
--------------------------
Iteration 164. Team 1610612744 Game 21500268, Distance Threshold 1.5, Min Length 10...
Successfully completed data preprocessing
Running MA stat dsm...
Finished running MA stat dsm and the output delta was 0.01642859330715149
Checking significant subtrajectories...
Iteration 164 running time: 1153 seconds
--------------------------
Iteration 165. Team 1610612744 Game 21500268, Distance Threshold 4, Min Length 5...
Successfully completed data preprocessing
Running MA stat dsm...
Finished running MA stat dsm and the output delta was 0.0010607316446571678
Checking significant subtrajectories...
Traceback (most recent call last):
  File "/work2/b_rory/work/ma_stat_dsm/significant_subtrajectories.py", line 304, in <module>
    main()
  File "/work2/b_rory/work/ma_stat_dsm/significant_subtrajectories.py", line 298, in main
    court.plot_multi_agent_trajectories()
AttributeError: 'Court' object has no attribute 'plot_multi_agent_trajectories'. Did you mean: 'plot_single_agent_trajectories'?
Iteration 165 running time: 4528 seconds
--------------------------
Iteration 166. Team 1610612744 Game 21500268, Distance Threshold 4, Min Length 8...
Successfully completed data preprocessing
Running MA stat dsm...
Finished running MA stat dsm and the output delta was 0.0008224346664352256
Checking significant subtrajectories...
Iteration 166 running time: 10583 seconds
--------------------------
Iteration 167. Team 1610612744 Game 21500268, Distance Threshold 4, Min Length 10...
Successfully completed data preprocessing
Running MA stat dsm...
Finished running MA stat dsm and the output delta was 0.0008224346664352256
Checking significant subtrajectories...
Iteration 167 running time: 4655 seconds
--------------------------
Iteration 168. Team 1610612744 Game 21500300, Distance Threshold 1.5, Min Length 5...
Successfully completed data preprocessing
Running MA stat dsm...
Finished running MA stat dsm and the output delta was 0.017732769129947642
Checking significant subtrajectories...
Iteration 168 running time: 429 seconds
--------------------------
Iteration 169. Team 1610612744 Game 21500300, Distance Threshold 1.5, Min Length 8...
Successfully completed data preprocessing
Running MA stat dsm...
Finished running MA stat dsm and the output delta was 0.01397777480251707
Checking significant subtrajectories...
Iteration 169 running time: 435 seconds
--------------------------
Iteration 170. Team 1610612744 Game 21500300, Distance Threshold 1.5, Min Length 10...
Successfully completed data preprocessing
Running MA stat dsm...
Finished running MA stat dsm and the output delta was 0.01397777480251707
Checking significant subtrajectories...
Iteration 170 running time: 447 seconds
--------------------------
Iteration 171. Team 1610612744 Game 21500300, Distance Threshold 4, Min Length 5...
Successfully completed data preprocessing
Running MA stat dsm...
Finished running MA stat dsm and the output delta was 0.002369254973495643
Checking significant subtrajectories...
Iteration 171 running time: 1231 seconds
--------------------------
Iteration 172. Team 1610612744 Game 21500300, Distance Threshold 4, Min Length 8...
Successfully completed data preprocessing
Running MA stat dsm...
Finished running MA stat dsm and the output delta was 0.0033059087082689055
Checking significant subtrajectories...
Iteration 172 running time: 1319 seconds
--------------------------
Iteration 173. Team 1610612744 Game 21500300, Distance Threshold 4, Min Length 10...
Successfully completed data preprocessing
Running MA stat dsm...
Finished running MA stat dsm and the output delta was 0.003685507736548778
Checking significant subtrajectories...
Iteration 173 running time: 1384 seconds
--------------------------
Iteration 174. Team 1610612744 Game 21500314, Distance Threshold 1.5, Min Length 5...
Successfully completed data preprocessing
Running MA stat dsm...
Finished running MA stat dsm and the output delta was 0.021581613698856257
Checking significant subtrajectories...
Iteration 174 running time: 722 seconds
--------------------------
Iteration 175. Team 1610612744 Game 21500314, Distance Threshold 1.5, Min Length 8...
Successfully completed data preprocessing
Running MA stat dsm...
Finished running MA stat dsm and the output delta was 0.02199165246124104
Checking significant subtrajectories...
Iteration 175 running time: 752 seconds
--------------------------
Iteration 176. Team 1610612744 Game 21500314, Distance Threshold 1.5, Min Length 10...
Successfully completed data preprocessing
Running MA stat dsm...
Finished running MA stat dsm and the output delta was FAIL
Checking significant subtrajectories...
usage: significant_subtrajectories.py [-h] -d DELTA_S
significant_subtrajectories.py: error: argument -d/--delta: invalid float value: 'FAIL'
Iteration 176 running time: 758 seconds
--------------------------
Iteration 177. Team 1610612744 Game 21500314, Distance Threshold 4, Min Length 5...
Successfully completed data preprocessing
Running MA stat dsm...
Finished running MA stat dsm and the output delta was 0.0014085865446143435
Checking significant subtrajectories...
Iteration 177 running time: 2355 seconds
--------------------------
Iteration 178. Team 1610612744 Game 21500314, Distance Threshold 4, Min Length 8...
Successfully completed data preprocessing
Running MA stat dsm...
Finished running MA stat dsm and the output delta was 0.0014085865446143435
Checking significant subtrajectories...
Iteration 178 running time: 2406 seconds
--------------------------
Iteration 179. Team 1610612744 Game 21500314, Distance Threshold 4, Min Length 10...
Successfully completed data preprocessing
Running MA stat dsm...
Finished running MA stat dsm and the output delta was 0.001719762751636541
Checking significant subtrajectories...
Iteration 179 running time: 2407 seconds
--------------------------
Iteration 180. Team 1610612744 Game 21500336, Distance Threshold 1.5, Min Length 5...
Successfully completed data preprocessing
Running MA stat dsm...
Finished running MA stat dsm and the output delta was 0.01859367793332733
Checking significant subtrajectories...
Iteration 180 running time: 711 seconds
--------------------------
Iteration 181. Team 1610612744 Game 21500336, Distance Threshold 1.5, Min Length 8...
Successfully completed data preprocessing
Running MA stat dsm...
Finished running MA stat dsm and the output delta was 0.011246422644634478
Checking significant subtrajectories...
Iteration 181 running time: 757 seconds
--------------------------
Iteration 182. Team 1610612744 Game 21500336, Distance Threshold 1.5, Min Length 10...
Successfully completed data preprocessing
Running MA stat dsm...
Finished running MA stat dsm and the output delta was 0.02251898402723226
Checking significant subtrajectories...
Iteration 182 running time: 780 seconds
--------------------------
Iteration 183. Team 1610612744 Game 21500336, Distance Threshold 4, Min Length 5...
Successfully completed data preprocessing
Running MA stat dsm...
Finished running MA stat dsm and the output delta was 0.0019263117121058894
Checking significant subtrajectories...
Some significant subtrajectories were found.
Iteration 183 running time: 2457 seconds
--------------------------
Iteration 184. Team 1610612744 Game 21500336, Distance Threshold 4, Min Length 8...
Successfully completed data preprocessing
Running MA stat dsm...
Finished running MA stat dsm and the output delta was 0.0016492066794846555
Checking significant subtrajectories...
Some significant subtrajectories were found.
Iteration 184 running time: 2596 seconds
--------------------------
Iteration 185. Team 1610612744 Game 21500336, Distance Threshold 4, Min Length 10...
Successfully completed data preprocessing
Running MA stat dsm...
Finished running MA stat dsm and the output delta was 0.0018612269627274556
Checking significant subtrajectories...
Some significant subtrajectories were found.
Iteration 185 running time: 2578 seconds
--------------------------
Iteration 186. Team 1610612744 Game 21500351, Distance Threshold 1.5, Min Length 5...
Successfully completed data preprocessing
Running MA stat dsm...
Finished running MA stat dsm and the output delta was 0.040880545486171954
Checking significant subtrajectories...
Iteration 186 running time: 392 seconds
--------------------------
Iteration 187. Team 1610612744 Game 21500351, Distance Threshold 1.5, Min Length 8...
Successfully completed data preprocessing
Running MA stat dsm...
Finished running MA stat dsm and the output delta was 0.036567846415045055
Checking significant subtrajectories...
Iteration 187 running time: 395 seconds
--------------------------
Iteration 188. Team 1610612744 Game 21500351, Distance Threshold 1.5, Min Length 10...
Successfully completed data preprocessing
Running MA stat dsm...
Finished running MA stat dsm and the output delta was 0.04217287042251037
Checking significant subtrajectories...
Iteration 188 running time: 404 seconds
--------------------------
Iteration 189. Team 1610612744 Game 21500351, Distance Threshold 4, Min Length 5...
Successfully completed data preprocessing
Running MA stat dsm...
Finished running MA stat dsm and the output delta was 0.0019623288085095134
Checking significant subtrajectories...
Iteration 189 running time: 1029 seconds
--------------------------
Iteration 190. Team 1610612744 Game 21500351, Distance Threshold 4, Min Length 8...
Successfully completed data preprocessing
Running MA stat dsm...
Finished running MA stat dsm and the output delta was 0.002033121255543962
Checking significant subtrajectories...
Iteration 190 running time: 1083 seconds
--------------------------
Iteration 191. Team 1610612744 Game 21500351, Distance Threshold 4, Min Length 10...
Successfully completed data preprocessing
Running MA stat dsm...
Finished running MA stat dsm and the output delta was 0.002033121255543962
Checking significant subtrajectories...
Iteration 191 running time: 1123 seconds
--------------------------
Iteration 192. Team 1610612744 Game 21500381, Distance Threshold 1.5, Min Length 5...
Successfully completed data preprocessing
Running MA stat dsm...
Finished running MA stat dsm and the output delta was 0.01642817963854935
Checking significant subtrajectories...
Iteration 192 running time: 672 seconds
--------------------------
Iteration 193. Team 1610612744 Game 21500381, Distance Threshold 1.5, Min Length 8...
Successfully completed data preprocessing
Running MA stat dsm...
Finished running MA stat dsm and the output delta was 0.03239720687696819
Checking significant subtrajectories...
Iteration 193 running time: 657 seconds
--------------------------
Iteration 194. Team 1610612744 Game 21500381, Distance Threshold 1.5, Min Length 10...
Successfully completed data preprocessing
Running MA stat dsm...
Finished running MA stat dsm and the output delta was 0.01806803804737769
Checking significant subtrajectories...
Iteration 194 running time: 684 seconds
--------------------------
Iteration 195. Team 1610612744 Game 21500381, Distance Threshold 4, Min Length 5...
Successfully completed data preprocessing
Running MA stat dsm...
Finished running MA stat dsm and the output delta was 0.0016535911311827021
Checking significant subtrajectories...
Iteration 195 running time: 2102 seconds
--------------------------
Iteration 196. Team 1610612744 Game 21500381, Distance Threshold 4, Min Length 8...
Successfully completed data preprocessing
Running MA stat dsm...
Finished running MA stat dsm and the output delta was 0.0016535911311827021
Checking significant subtrajectories...
Iteration 196 running time: 2227 seconds
--------------------------
Iteration 197. Team 1610612744 Game 21500381, Distance Threshold 4, Min Length 10...
Successfully completed data preprocessing
Running MA stat dsm...
Finished running MA stat dsm and the output delta was 0.0020419271547160276
Checking significant subtrajectories...
Iteration 197 running time: 2230 seconds
--------------------------
Iteration 198. Team 1610612744 Game 21500397, Distance Threshold 1.5, Min Length 5...
Successfully completed data preprocessing
Running MA stat dsm...
Finished running MA stat dsm and the output delta was 0.015758391649626516
Checking significant subtrajectories...
Iteration 198 running time: 684 seconds
--------------------------
Iteration 199. Team 1610612744 Game 21500397, Distance Threshold 1.5, Min Length 8...
Successfully completed data preprocessing
Running MA stat dsm...
Finished running MA stat dsm and the output delta was 0.036438008598471947
Checking significant subtrajectories...
Some significant subtrajectories were found.
Iteration 199 running time: 734 seconds
--------------------------
Iteration 200. Team 1610612744 Game 21500397, Distance Threshold 1.5, Min Length 10...
Successfully completed data preprocessing
Running MA stat dsm...
Finished running MA stat dsm and the output delta was 0.02006782936605499
Checking significant subtrajectories...
Iteration 200 running time: 738 seconds
--------------------------
Iteration 201. Team 1610612744 Game 21500397, Distance Threshold 4, Min Length 5...
Successfully completed data preprocessing
Running MA stat dsm...
Finished running MA stat dsm and the output delta was 0.00189542890103306
Checking significant subtrajectories...
Iteration 201 running time: 2608 seconds
--------------------------
Iteration 202. Team 1610612744 Game 21500397, Distance Threshold 4, Min Length 8...
Successfully completed data preprocessing
Running MA stat dsm...
Finished running MA stat dsm and the output delta was 0.0011615425133363016
Checking significant subtrajectories...
Iteration 202 running time: 2617 seconds
--------------------------
Iteration 203. Team 1610612744 Game 21500397, Distance Threshold 4, Min Length 10...
Successfully completed data preprocessing
Running MA stat dsm...
Finished running MA stat dsm and the output delta was 0.0011217709978979464
Checking significant subtrajectories...
Iteration 203 running time: 2654 seconds
--------------------------
Iteration 204. Team 1610612744 Game 21500434, Distance Threshold 1.5, Min Length 5...
Successfully completed data preprocessing
Running MA stat dsm...
Finished running MA stat dsm and the output delta was 0.028097723358445598
Checking significant subtrajectories...
Some significant subtrajectories were found.
Iteration 204 running time: 534 seconds
--------------------------
Iteration 205. Team 1610612744 Game 21500434, Distance Threshold 1.5, Min Length 8...
Successfully completed data preprocessing
Running MA stat dsm...
Finished running MA stat dsm and the output delta was 0.028097723358445598
Checking significant subtrajectories...
Iteration 205 running time: 572 seconds
--------------------------
Iteration 206. Team 1610612744 Game 21500434, Distance Threshold 1.5, Min Length 10...
Successfully completed data preprocessing
Running MA stat dsm...
Finished running MA stat dsm and the output delta was 0.015921157989969882
Checking significant subtrajectories...
Iteration 206 running time: 580 seconds
--------------------------
Iteration 207. Team 1610612744 Game 21500434, Distance Threshold 4, Min Length 5...
Successfully completed data preprocessing
Running MA stat dsm...
Finished running MA stat dsm and the output delta was 0.001958135795186298
Checking significant subtrajectories...
Iteration 207 running time: 1849 seconds
--------------------------
Iteration 208. Team 1610612744 Game 21500434, Distance Threshold 4, Min Length 8...
Successfully completed data preprocessing
Running MA stat dsm...
Finished running MA stat dsm and the output delta was 0.001943018144985652
Checking significant subtrajectories...
Iteration 208 running time: 1954 seconds
--------------------------
Iteration 209. Team 1610612744 Game 21500434, Distance Threshold 4, Min Length 10...
Successfully completed data preprocessing
Running MA stat dsm...
Finished running MA stat dsm and the output delta was 0.0017642151242421309
Checking significant subtrajectories...
Iteration 209 running time: 1937 seconds
--------------------------
Iteration 210. Team 1610612744 Game 21500438, Distance Threshold 1.5, Min Length 5...
Successfully completed data preprocessing
Running MA stat dsm...
Finished running MA stat dsm and the output delta was 0.02914141519199296
Checking significant subtrajectories...
Iteration 210 running time: 418 seconds
--------------------------
Iteration 211. Team 1610612744 Game 21500438, Distance Threshold 1.5, Min Length 8...
Successfully completed data preprocessing
Running MA stat dsm...
Finished running MA stat dsm and the output delta was 0.032455817378497794
Checking significant subtrajectories...
Iteration 211 running time: 437 seconds
--------------------------
Iteration 212. Team 1610612744 Game 21500438, Distance Threshold 1.5, Min Length 10...
Successfully completed data preprocessing
Running MA stat dsm...
Finished running MA stat dsm and the output delta was 0.032455817378497794
Checking significant subtrajectories...
Iteration 212 running time: 447 seconds
--------------------------
Iteration 213. Team 1610612744 Game 21500438, Distance Threshold 4, Min Length 5...
Successfully completed data preprocessing
Running MA stat dsm...
Finished running MA stat dsm and the output delta was 0.002130607034808662
Checking significant subtrajectories...
Iteration 213 running time: 1206 seconds
--------------------------
Iteration 214. Team 1610612744 Game 21500438, Distance Threshold 4, Min Length 8...
Successfully completed data preprocessing
Running MA stat dsm...
Finished running MA stat dsm and the output delta was 0.0021223846812023963
Checking significant subtrajectories...
Iteration 214 running time: 1258 seconds
--------------------------
Iteration 215. Team 1610612744 Game 21500438, Distance Threshold 4, Min Length 10...
Successfully completed data preprocessing
Running MA stat dsm...
Finished running MA stat dsm and the output delta was 0.0023166815424596914
Checking significant subtrajectories...
Iteration 215 running time: 1294 seconds
--------------------------
Iteration 216. Team 1610612744 Game 21500468, Distance Threshold 1.5, Min Length 5...
Successfully completed data preprocessing
Running MA stat dsm...
Finished running MA stat dsm and the output delta was 0.017498215605964085
Checking significant subtrajectories...
Iteration 216 running time: 832 seconds
--------------------------
Iteration 217. Team 1610612744 Game 21500468, Distance Threshold 1.5, Min Length 8...
Successfully completed data preprocessing
Running MA stat dsm...
Finished running MA stat dsm and the output delta was 0.02792389310730765
Checking significant subtrajectories...
Iteration 217 running time: 883 seconds
--------------------------
Iteration 218. Team 1610612744 Game 21500468, Distance Threshold 1.5, Min Length 10...
Successfully completed data preprocessing
Running MA stat dsm...
Finished running MA stat dsm and the output delta was 0.02792389310730765
Checking significant subtrajectories...
Iteration 218 running time: 894 seconds
--------------------------
Iteration 219. Team 1610612744 Game 21500468, Distance Threshold 4, Min Length 5...
Successfully completed data preprocessing
Running MA stat dsm...
Finished running MA stat dsm and the output delta was 0.0015421045658292015
Checking significant subtrajectories...
Iteration 219 running time: 2958 seconds
--------------------------
Iteration 220. Team 1610612744 Game 21500468, Distance Threshold 4, Min Length 8...
Successfully completed data preprocessing
Running MA stat dsm...
Finished running MA stat dsm and the output delta was 0.0010062145844801913
Checking significant subtrajectories...
Iteration 220 running time: 3138 seconds
--------------------------
Iteration 221. Team 1610612744 Game 21500468, Distance Threshold 4, Min Length 10...
Successfully completed data preprocessing
Running MA stat dsm...
Finished running MA stat dsm and the output delta was 0.0012632110938999971
Checking significant subtrajectories...
Iteration 221 running time: 3102 seconds
--------------------------
Iteration 222. Team 1610612744 Game 21500480, Distance Threshold 1.5, Min Length 5...
Successfully completed data preprocessing
Running MA stat dsm...
Finished running MA stat dsm and the output delta was 0.015758391649626516
Checking significant subtrajectories...
Iteration 222 running time: 697 seconds
--------------------------
Iteration 223. Team 1610612744 Game 21500480, Distance Threshold 1.5, Min Length 8...
Successfully completed data preprocessing
Running MA stat dsm...
Finished running MA stat dsm and the output delta was 0.036438008598471947
Checking significant subtrajectories...
Iteration 223 running time: 751 seconds
--------------------------
Iteration 224. Team 1610612744 Game 21500480, Distance Threshold 1.5, Min Length 10...
Successfully completed data preprocessing
Running MA stat dsm...
Finished running MA stat dsm and the output delta was 0.02006782936605499
Checking significant subtrajectories...
Iteration 224 running time: 737 seconds
--------------------------
Iteration 225. Team 1610612744 Game 21500480, Distance Threshold 4, Min Length 5...
Successfully completed data preprocessing
Running MA stat dsm...
Finished running MA stat dsm and the output delta was 0.0011217709978979464
Checking significant subtrajectories...
Iteration 225 running time: 2572 seconds
--------------------------
Iteration 226. Team 1610612744 Game 21500480, Distance Threshold 4, Min Length 8...
Successfully completed data preprocessing
Running MA stat dsm...
Finished running MA stat dsm and the output delta was 0.0011615425133363016
Checking significant subtrajectories...
Iteration 226 running time: 2668 seconds
--------------------------
Iteration 227. Team 1610612744 Game 21500480, Distance Threshold 4, Min Length 10...
Successfully completed data preprocessing
Running MA stat dsm...
Finished running MA stat dsm and the output delta was 0.00189542890103306
Checking significant subtrajectories...
Iteration 227 running time: 2762 seconds
--------------------------
Iteration 228. Team 1610612744 Game 21500485, Distance Threshold 1.5, Min Length 5...
Successfully completed data preprocessing
Running MA stat dsm...
Finished running MA stat dsm and the output delta was 0.012324028569118786
Checking significant subtrajectories...
Iteration 228 running time: 870 seconds
--------------------------
Iteration 229. Team 1610612744 Game 21500485, Distance Threshold 1.5, Min Length 8...
Successfully completed data preprocessing
Running MA stat dsm...
Finished running MA stat dsm and the output delta was 0.027667747352830552
Checking significant subtrajectories...
Iteration 229 running time: 944 seconds
--------------------------
Iteration 230. Team 1610612744 Game 21500485, Distance Threshold 1.5, Min Length 10...
Successfully completed data preprocessing
Running MA stat dsm...
Finished running MA stat dsm and the output delta was 0.015637227293861748
Checking significant subtrajectories...
Iteration 230 running time: 949 seconds
--------------------------
Iteration 231. Team 1610612744 Game 21500485, Distance Threshold 4, Min Length 5...
Successfully completed data preprocessing
Running MA stat dsm...
Finished running MA stat dsm and the output delta was 0.001363673963560926
Checking significant subtrajectories...
Iteration 231 running time: 3732 seconds
--------------------------
Iteration 232. Team 1610612744 Game 21500485, Distance Threshold 4, Min Length 8...
Successfully completed data preprocessing
Running MA stat dsm...
Finished running MA stat dsm and the output delta was 0.0013231639281244775
Checking significant subtrajectories...
Iteration 232 running time: 3918 seconds
--------------------------
Iteration 233. Team 1610612744 Game 21500485, Distance Threshold 4, Min Length 10...
Successfully completed data preprocessing
Running MA stat dsm...
Finished running MA stat dsm and the output delta was 0.0016060549373123894
Checking significant subtrajectories...
Iteration 233 running time: 3846 seconds
--------------------------
Iteration 234. Team 1610612744 Game 21500290, Distance Threshold 1.5, Min Length 5...
Successfully completed data preprocessing
Running MA stat dsm...
Finished running MA stat dsm and the output delta was 0.01884404018135899
Checking significant subtrajectories...
Iteration 234 running time: 379 seconds
--------------------------
Iteration 235. Team 1610612744 Game 21500290, Distance Threshold 1.5, Min Length 8...
Successfully completed data preprocessing
Running MA stat dsm...
Finished running MA stat dsm and the output delta was 0.011205698726999667
Checking significant subtrajectories...
Iteration 235 running time: 393 seconds
--------------------------
Iteration 236. Team 1610612744 Game 21500290, Distance Threshold 1.5, Min Length 10...
Successfully completed data preprocessing
Running MA stat dsm...
Finished running MA stat dsm and the output delta was 0.011205698726999667
Checking significant subtrajectories...
Iteration 236 running time: 397 seconds
--------------------------
Iteration 237. Team 1610612744 Game 21500290, Distance Threshold 4, Min Length 5...
Successfully completed data preprocessing
Running MA stat dsm...
Finished running MA stat dsm and the output delta was 0.00296117770559964
Checking significant subtrajectories...
Iteration 237 running time: 1156 seconds
--------------------------
Iteration 238. Team 1610612744 Game 21500290, Distance Threshold 4, Min Length 8...
Successfully completed data preprocessing
Running MA stat dsm...
Finished running MA stat dsm and the output delta was 0.00296117770559964
Checking significant subtrajectories...
Iteration 238 running time: 1227 seconds
--------------------------
Iteration 239. Team 1610612744 Game 21500290, Distance Threshold 4, Min Length 10...
Successfully completed data preprocessing
Running MA stat dsm...
Finished running MA stat dsm and the output delta was 0.0034938764510233844
Checking significant subtrajectories...
Iteration 239 running time: 1216 seconds
Total running time: 364888 seconds
